2026-02-26 17:11:28,719   INFO  **********************Start logging**********************
2026-02-26 17:11:28,719   INFO  CUDA_VISIBLE_DEVICES=ALL
2026-02-26 17:11:28,719   INFO  Training with a single process
2026-02-26 17:11:28,719   INFO  cfg_file         cfgs/kitti_models/PP_radar.yaml
2026-02-26 17:11:28,719   INFO  batch_size       16
2026-02-26 17:11:28,719   INFO  epochs           120
2026-02-26 17:11:28,719   INFO  workers          4
2026-02-26 17:11:28,719   INFO  extra_tag        default
2026-02-26 17:11:28,719   INFO  ckpt             ../output/kitti_models/PP_radar/default/ckpt/checkpoint_epoch_100.pth
2026-02-26 17:11:28,719   INFO  pretrained_model None
2026-02-26 17:11:28,719   INFO  launcher         none
2026-02-26 17:11:28,719   INFO  tcp_port         18888
2026-02-26 17:11:28,719   INFO  sync_bn          False
2026-02-26 17:11:28,719   INFO  fix_random_seed  False
2026-02-26 17:11:28,719   INFO  ckpt_save_interval 1
2026-02-26 17:11:28,719   INFO  local_rank       None
2026-02-26 17:11:28,719   INFO  max_ckpt_save_num 30
2026-02-26 17:11:28,719   INFO  merge_all_iters_to_one_epoch False
2026-02-26 17:11:28,719   INFO  set_cfgs         None
2026-02-26 17:11:28,719   INFO  max_waiting_mins 0
2026-02-26 17:11:28,719   INFO  start_epoch      0
2026-02-26 17:11:28,719   INFO  num_epochs_to_eval 0
2026-02-26 17:11:28,719   INFO  save_to_file     False
2026-02-26 17:11:28,719   INFO  use_tqdm_to_record False
2026-02-26 17:11:28,719   INFO  logger_iter_interval 50
2026-02-26 17:11:28,719   INFO  ckpt_save_time_interval 300
2026-02-26 17:11:28,719   INFO  wo_gpu_stat      False
2026-02-26 17:11:28,719   INFO  use_amp          False
2026-02-26 17:11:28,719   INFO  cfg.ROOT_DIR: /media/franco/hdd/matteogombia/OpenPCDet
2026-02-26 17:11:28,719   INFO  cfg.LOCAL_RANK: 0
2026-02-26 17:11:28,719   INFO  cfg.CLASS_NAMES: ['Car', 'Pedestrian', 'Cyclist']
2026-02-26 17:11:28,719   INFO  ----------- DATA_CONFIG -----------
2026-02-26 17:11:28,720   INFO  cfg.DATA_CONFIG.DATASET: KittiDataset
2026-02-26 17:11:28,720   INFO  cfg.DATA_CONFIG.DATA_PATH: /media/franco/hdd/matteogombia/OpenPCDet/data/kitti/
2026-02-26 17:11:28,720   INFO  cfg.DATA_CONFIG.POINT_CLOUD_RANGE: [0, -25.6, -3, 51.2, 25.6, 2]
2026-02-26 17:11:28,720   INFO  ----------- DATA_SPLIT -----------
2026-02-26 17:11:28,720   INFO  cfg.DATA_CONFIG.DATA_SPLIT.train: train
2026-02-26 17:11:28,720   INFO  cfg.DATA_CONFIG.DATA_SPLIT.test: val
2026-02-26 17:11:28,720   INFO  ----------- INFO_PATH -----------
2026-02-26 17:11:28,720   INFO  cfg.DATA_CONFIG.INFO_PATH.train: ['kitti_infos_train.pkl']
2026-02-26 17:11:28,720   INFO  cfg.DATA_CONFIG.INFO_PATH.test: ['kitti_infos_val.pkl']
2026-02-26 17:11:28,720   INFO  cfg.DATA_CONFIG.FOV_POINTS_ONLY: True
2026-02-26 17:11:28,720   INFO  ----------- DATA_AUGMENTOR -----------
2026-02-26 17:11:28,720   INFO  cfg.DATA_CONFIG.DATA_AUGMENTOR.DISABLE_AUG_LIST: ['random_world_rotation', 'gt_sampling']
2026-02-26 17:11:28,720   INFO  cfg.DATA_CONFIG.DATA_AUGMENTOR.AUG_CONFIG_LIST: [{'NAME': 'random_world_flip', 'ALONG_AXIS_LIST': ['x']}, {'NAME': 'random_world_scaling', 'WORLD_SCALE_RANGE': [0.95, 1.05]}]
2026-02-26 17:11:28,720   INFO  ----------- POINT_FEATURE_ENCODING -----------
2026-02-26 17:11:28,720   INFO  cfg.DATA_CONFIG.POINT_FEATURE_ENCODING.encoding_type: absolute_coordinates_encoding
2026-02-26 17:11:28,720   INFO  cfg.DATA_CONFIG.POINT_FEATURE_ENCODING.used_feature_list: ['x', 'y', 'z', 'rcs', 'v_r', 'v_r_comp', 'time']
2026-02-26 17:11:28,720   INFO  cfg.DATA_CONFIG.POINT_FEATURE_ENCODING.src_feature_list: ['x', 'y', 'z', 'rcs', 'v_r', 'v_r_comp', 'time']
2026-02-26 17:11:28,720   INFO  cfg.DATA_CONFIG.DATA_PROCESSOR: [{'NAME': 'mask_points_and_boxes_outside_range', 'REMOVE_OUTSIDE_BOXES': True}, {'NAME': 'shuffle_points', 'SHUFFLE_ENABLED': {'train': True, 'test': False}}, {'NAME': 'transform_points_to_voxels', 'VOXEL_SIZE': [0.16, 0.16, 5], 'MAX_POINTS_PER_VOXEL': 10, 'MAX_NUMBER_OF_VOXELS': {'train': 16000, 'test': 40000}}]
2026-02-26 17:11:28,721   INFO  cfg.DATA_CONFIG._BASE_CONFIG_: cfgs/dataset_configs/radar_5frames_as_kitti_dataset.yaml
2026-02-26 17:11:28,721   INFO  ----------- MODEL -----------
2026-02-26 17:11:28,721   INFO  cfg.MODEL.NAME: PointPillar
2026-02-26 17:11:28,721   INFO  ----------- VFE -----------
2026-02-26 17:11:28,721   INFO  cfg.MODEL.VFE.NAME: Radar7PillarVFE
2026-02-26 17:11:28,721   INFO  cfg.MODEL.VFE.USE_XYZ: True
2026-02-26 17:11:28,721   INFO  cfg.MODEL.VFE.USE_RCS: True
2026-02-26 17:11:28,721   INFO  cfg.MODEL.VFE.USE_VR: True
2026-02-26 17:11:28,721   INFO  cfg.MODEL.VFE.USE_VR_COMP: True
2026-02-26 17:11:28,721   INFO  cfg.MODEL.VFE.USE_TIME: True
2026-02-26 17:11:28,721   INFO  cfg.MODEL.VFE.USE_NORM: True
2026-02-26 17:11:28,721   INFO  cfg.MODEL.VFE.USE_ELEVATION: True
2026-02-26 17:11:28,721   INFO  cfg.MODEL.VFE.USE_DISTANCE: False
2026-02-26 17:11:28,721   INFO  cfg.MODEL.VFE.NUM_FILTERS: [64]
2026-02-26 17:11:28,721   INFO  ----------- MAP_TO_BEV -----------
2026-02-26 17:11:28,721   INFO  cfg.MODEL.MAP_TO_BEV.NAME: PointPillarScatter
2026-02-26 17:11:28,721   INFO  cfg.MODEL.MAP_TO_BEV.NUM_BEV_FEATURES: 64
2026-02-26 17:11:28,721   INFO  ----------- BACKBONE_2D -----------
2026-02-26 17:11:28,721   INFO  cfg.MODEL.BACKBONE_2D.NAME: BaseBEVBackbone
2026-02-26 17:11:28,721   INFO  cfg.MODEL.BACKBONE_2D.LAYER_NUMS: [3, 5, 5]
2026-02-26 17:11:28,721   INFO  cfg.MODEL.BACKBONE_2D.LAYER_STRIDES: [2, 2, 2]
2026-02-26 17:11:28,721   INFO  cfg.MODEL.BACKBONE_2D.NUM_FILTERS: [64, 128, 256]
2026-02-26 17:11:28,721   INFO  cfg.MODEL.BACKBONE_2D.UPSAMPLE_STRIDES: [1, 2, 4]
2026-02-26 17:11:28,722   INFO  cfg.MODEL.BACKBONE_2D.NUM_UPSAMPLE_FILTERS: [128, 128, 128]
2026-02-26 17:11:28,722   INFO  ----------- DENSE_HEAD -----------
2026-02-26 17:11:28,722   INFO  cfg.MODEL.DENSE_HEAD.NAME: AnchorHeadSingle
2026-02-26 17:11:28,722   INFO  cfg.MODEL.DENSE_HEAD.CLASS_AGNOSTIC: False
2026-02-26 17:11:28,722   INFO  cfg.MODEL.DENSE_HEAD.USE_DIRECTION_CLASSIFIER: True
2026-02-26 17:11:28,722   INFO  cfg.MODEL.DENSE_HEAD.DIR_OFFSET: 0.78539
2026-02-26 17:11:28,722   INFO  cfg.MODEL.DENSE_HEAD.DIR_LIMIT_OFFSET: 0.0
2026-02-26 17:11:28,722   INFO  cfg.MODEL.DENSE_HEAD.NUM_DIR_BINS: 2
2026-02-26 17:11:28,722   INFO  cfg.MODEL.DENSE_HEAD.ANCHOR_GENERATOR_CONFIG: [{'class_name': 'Car', 'anchor_sizes': [[3.9, 1.6, 1.56]], 'anchor_rotations': [0, 1.57], 'anchor_bottom_heights': [-1.78], 'align_center': False, 'feature_map_stride': 2, 'matched_threshold': 0.6, 'unmatched_threshold': 0.45}, {'class_name': 'Pedestrian', 'anchor_sizes': [[0.8, 0.6, 1.73]], 'anchor_rotations': [0, 1.57], 'anchor_bottom_heights': [-0.6], 'align_center': False, 'feature_map_stride': 2, 'matched_threshold': 0.5, 'unmatched_threshold': 0.35}, {'class_name': 'Cyclist', 'anchor_sizes': [[1.76, 0.6, 1.73]], 'anchor_rotations': [0, 1.57], 'anchor_bottom_heights': [-0.6], 'align_center': False, 'feature_map_stride': 2, 'matched_threshold': 0.5, 'unmatched_threshold': 0.35}]
2026-02-26 17:11:28,722   INFO  ----------- TARGET_ASSIGNER_CONFIG -----------
2026-02-26 17:11:28,722   INFO  cfg.MODEL.DENSE_HEAD.TARGET_ASSIGNER_CONFIG.NAME: AxisAlignedTargetAssigner
2026-02-26 17:11:28,722   INFO  cfg.MODEL.DENSE_HEAD.TARGET_ASSIGNER_CONFIG.POS_FRACTION: -1.0
2026-02-26 17:11:28,722   INFO  cfg.MODEL.DENSE_HEAD.TARGET_ASSIGNER_CONFIG.SAMPLE_SIZE: 512
2026-02-26 17:11:28,722   INFO  cfg.MODEL.DENSE_HEAD.TARGET_ASSIGNER_CONFIG.NORM_BY_NUM_EXAMPLES: False
2026-02-26 17:11:28,722   INFO  cfg.MODEL.DENSE_HEAD.TARGET_ASSIGNER_CONFIG.MATCH_HEIGHT: False
2026-02-26 17:11:28,722   INFO  cfg.MODEL.DENSE_HEAD.TARGET_ASSIGNER_CONFIG.BOX_CODER: ResidualCoder
2026-02-26 17:11:28,722   INFO  ----------- LOSS_CONFIG -----------
2026-02-26 17:11:28,722   INFO  ----------- LOSS_WEIGHTS -----------
2026-02-26 17:11:28,722   INFO  cfg.MODEL.DENSE_HEAD.LOSS_CONFIG.LOSS_WEIGHTS.cls_weight: 1.0
2026-02-26 17:11:28,722   INFO  cfg.MODEL.DENSE_HEAD.LOSS_CONFIG.LOSS_WEIGHTS.loc_weight: 2.0
2026-02-26 17:11:28,722   INFO  cfg.MODEL.DENSE_HEAD.LOSS_CONFIG.LOSS_WEIGHTS.dir_weight: 0.2
2026-02-26 17:11:28,722   INFO  cfg.MODEL.DENSE_HEAD.LOSS_CONFIG.LOSS_WEIGHTS.code_weights: [1.0, 1.0, 1.0, 1.0, 1.0, 1.0, 1.0]
2026-02-26 17:11:28,722   INFO  ----------- POST_PROCESSING -----------
2026-02-26 17:11:28,722   INFO  cfg.MODEL.POST_PROCESSING.RECALL_THRESH_LIST: [0.3, 0.5, 0.7]
2026-02-26 17:11:28,723   INFO  cfg.MODEL.POST_PROCESSING.SCORE_THRESH: 0.1
2026-02-26 17:11:28,723   INFO  cfg.MODEL.POST_PROCESSING.OUTPUT_RAW_SCORE: False
2026-02-26 17:11:28,723   INFO  cfg.MODEL.POST_PROCESSING.EVAL_METRIC: kitti
2026-02-26 17:11:28,723   INFO  ----------- NMS_CONFIG -----------
2026-02-26 17:11:28,723   INFO  cfg.MODEL.POST_PROCESSING.NMS_CONFIG.MULTI_CLASSES_NMS: False
2026-02-26 17:11:28,723   INFO  cfg.MODEL.POST_PROCESSING.NMS_CONFIG.NMS_TYPE: nms_gpu
2026-02-26 17:11:28,723   INFO  cfg.MODEL.POST_PROCESSING.NMS_CONFIG.NMS_THRESH: 0.01
2026-02-26 17:11:28,723   INFO  cfg.MODEL.POST_PROCESSING.NMS_CONFIG.NMS_PRE_MAXSIZE: 4096
2026-02-26 17:11:28,723   INFO  cfg.MODEL.POST_PROCESSING.NMS_CONFIG.NMS_POST_MAXSIZE: 500
2026-02-26 17:11:28,723   INFO  ----------- OPTIMIZATION -----------
2026-02-26 17:11:28,723   INFO  cfg.OPTIMIZATION.BATCH_SIZE_PER_GPU: 16
2026-02-26 17:11:28,723   INFO  cfg.OPTIMIZATION.NUM_EPOCHS: 120
2026-02-26 17:11:28,723   INFO  cfg.OPTIMIZATION.OPTIMIZER: adam_onecycle
2026-02-26 17:11:28,723   INFO  cfg.OPTIMIZATION.LR: 0.003
2026-02-26 17:11:28,723   INFO  cfg.OPTIMIZATION.WEIGHT_DECAY: 0.01
2026-02-26 17:11:28,723   INFO  cfg.OPTIMIZATION.MOMENTUM: 0.9
2026-02-26 17:11:28,723   INFO  cfg.OPTIMIZATION.MOMS: [0.95, 0.85]
2026-02-26 17:11:28,723   INFO  cfg.OPTIMIZATION.PCT_START: 0.4
2026-02-26 17:11:28,723   INFO  cfg.OPTIMIZATION.DIV_FACTOR: 10
2026-02-26 17:11:28,723   INFO  cfg.OPTIMIZATION.DECAY_STEP_LIST: [35, 45]
2026-02-26 17:11:28,723   INFO  cfg.OPTIMIZATION.LR_DECAY: 0.1
2026-02-26 17:11:28,723   INFO  cfg.OPTIMIZATION.LR_CLIP: 1e-07
2026-02-26 17:11:28,723   INFO  cfg.OPTIMIZATION.LR_WARMUP: False
2026-02-26 17:11:28,723   INFO  cfg.OPTIMIZATION.WARMUP_EPOCH: 1
2026-02-26 17:11:28,724   INFO  cfg.OPTIMIZATION.GRAD_NORM_CLIP: 10
2026-02-26 17:11:28,724   INFO  cfg.TAG: PP_radar
2026-02-26 17:11:28,724   INFO  cfg.EXP_GROUP_PATH: kitti_models
2026-02-26 17:11:28,726   INFO  ----------- Create dataloader & network & optimizer -----------
2026-02-26 17:11:28,726   INFO  Loading KITTI dataset
2026-02-26 17:11:28,803   INFO  Total samples for KITTI dataset: 5139
2026-02-26 17:11:28,940   INFO  ==> Loading parameters from checkpoint ../output/kitti_models/PP_radar/default/ckpt/checkpoint_epoch_100.pth to GPU
2026-02-26 17:11:28,964   INFO  ==> Loading optimizer parameters from checkpoint ../output/kitti_models/PP_radar/default/ckpt/checkpoint_epoch_100.pth to GPU
2026-02-26 17:11:28,964   INFO  ==> Done
2026-02-26 17:11:28,964   INFO  ----------- Model PointPillar created, param count: 4835080 -----------
2026-02-26 17:11:28,964   INFO  PointPillar(
  (vfe): Radar7PillarVFE(
    (pfn_layers): ModuleList(
      (0): PFNLayer(
        (linear): Linear(in_features=13, out_features=64, bias=False)
        (norm): BatchNorm1d(64, eps=0.001, momentum=0.01, affine=True, track_running_stats=True)
      )
    )
  )
  (backbone_3d): None
  (map_to_bev_module): PointPillarScatter()
  (pfe): None
  (backbone_2d): BaseBEVBackbone(
    (blocks): ModuleList(
      (0): Sequential(
        (0): ZeroPad2d((1, 1, 1, 1))
        (1): Conv2d(64, 64, kernel_size=(3, 3), stride=(2, 2), bias=False)
        (2): BatchNorm2d(64, eps=0.001, momentum=0.01, affine=True, track_running_stats=True)
        (3): ReLU()
        (4): Conv2d(64, 64, kernel_size=(3, 3), stride=(1, 1), padding=(1, 1), bias=False)
        (5): BatchNorm2d(64, eps=0.001, momentum=0.01, affine=True, track_running_stats=True)
        (6): ReLU()
        (7): Conv2d(64, 64, kernel_size=(3, 3), stride=(1, 1), padding=(1, 1), bias=False)
        (8): BatchNorm2d(64, eps=0.001, momentum=0.01, affine=True, track_running_stats=True)
        (9): ReLU()
        (10): Conv2d(64, 64, kernel_size=(3, 3), stride=(1, 1), padding=(1, 1), bias=False)
        (11): BatchNorm2d(64, eps=0.001, momentum=0.01, affine=True, track_running_stats=True)
        (12): ReLU()
      )
      (1): Sequential(
        (0): ZeroPad2d((1, 1, 1, 1))
        (1): Conv2d(64, 128, kernel_size=(3, 3), stride=(2, 2), bias=False)
        (2): BatchNorm2d(128, eps=0.001, momentum=0.01, affine=True, track_running_stats=True)
        (3): ReLU()
        (4): Conv2d(128, 128, kernel_size=(3, 3), stride=(1, 1), padding=(1, 1), bias=False)
        (5): BatchNorm2d(128, eps=0.001, momentum=0.01, affine=True, track_running_stats=True)
        (6): ReLU()
        (7): Conv2d(128, 128, kernel_size=(3, 3), stride=(1, 1), padding=(1, 1), bias=False)
        (8): BatchNorm2d(128, eps=0.001, momentum=0.01, affine=True, track_running_stats=True)
        (9): ReLU()
        (10): Conv2d(128, 128, kernel_size=(3, 3), stride=(1, 1), padding=(1, 1), bias=False)
        (11): BatchNorm2d(128, eps=0.001, momentum=0.01, affine=True, track_running_stats=True)
        (12): ReLU()
        (13): Conv2d(128, 128, kernel_size=(3, 3), stride=(1, 1), padding=(1, 1), bias=False)
        (14): BatchNorm2d(128, eps=0.001, momentum=0.01, affine=True, track_running_stats=True)
        (15): ReLU()
        (16): Conv2d(128, 128, kernel_size=(3, 3), stride=(1, 1), padding=(1, 1), bias=False)
        (17): BatchNorm2d(128, eps=0.001, momentum=0.01, affine=True, track_running_stats=True)
        (18): ReLU()
      )
      (2): Sequential(
        (0): ZeroPad2d((1, 1, 1, 1))
        (1): Conv2d(128, 256, kernel_size=(3, 3), stride=(2, 2), bias=False)
        (2): BatchNorm2d(256, eps=0.001, momentum=0.01, affine=True, track_running_stats=True)
        (3): ReLU()
        (4): Conv2d(256, 256, kernel_size=(3, 3), stride=(1, 1), padding=(1, 1), bias=False)
        (5): BatchNorm2d(256, eps=0.001, momentum=0.01, affine=True, track_running_stats=True)
        (6): ReLU()
        (7): Conv2d(256, 256, kernel_size=(3, 3), stride=(1, 1), padding=(1, 1), bias=False)
        (8): BatchNorm2d(256, eps=0.001, momentum=0.01, affine=True, track_running_stats=True)
        (9): ReLU()
        (10): Conv2d(256, 256, kernel_size=(3, 3), stride=(1, 1), padding=(1, 1), bias=False)
        (11): BatchNorm2d(256, eps=0.001, momentum=0.01, affine=True, track_running_stats=True)
        (12): ReLU()
        (13): Conv2d(256, 256, kernel_size=(3, 3), stride=(1, 1), padding=(1, 1), bias=False)
        (14): BatchNorm2d(256, eps=0.001, momentum=0.01, affine=True, track_running_stats=True)
        (15): ReLU()
        (16): Conv2d(256, 256, kernel_size=(3, 3), stride=(1, 1), padding=(1, 1), bias=False)
        (17): BatchNorm2d(256, eps=0.001, momentum=0.01, affine=True, track_running_stats=True)
        (18): ReLU()
      )
    )
    (deblocks): ModuleList(
      (0): Sequential(
        (0): ConvTranspose2d(64, 128, kernel_size=(1, 1), stride=(1, 1), bias=False)
        (1): BatchNorm2d(128, eps=0.001, momentum=0.01, affine=True, track_running_stats=True)
        (2): ReLU()
      )
      (1): Sequential(
        (0): ConvTranspose2d(128, 128, kernel_size=(2, 2), stride=(2, 2), bias=False)
        (1): BatchNorm2d(128, eps=0.001, momentum=0.01, affine=True, track_running_stats=True)
        (2): ReLU()
      )
      (2): Sequential(
        (0): ConvTranspose2d(256, 128, kernel_size=(4, 4), stride=(4, 4), bias=False)
        (1): BatchNorm2d(128, eps=0.001, momentum=0.01, affine=True, track_running_stats=True)
        (2): ReLU()
      )
    )
  )
  (dense_head): AnchorHeadSingle(
    (cls_loss_func): SigmoidFocalClassificationLoss()
    (reg_loss_func): WeightedSmoothL1Loss()
    (dir_loss_func): WeightedCrossEntropyLoss()
    (conv_cls): Conv2d(384, 18, kernel_size=(1, 1), stride=(1, 1))
    (conv_box): Conv2d(384, 42, kernel_size=(1, 1), stride=(1, 1))
    (conv_dir_cls): Conv2d(384, 12, kernel_size=(1, 1), stride=(1, 1))
  )
  (point_head): None
  (roi_head): None
)
2026-02-26 17:11:28,965   INFO  **********************Start training kitti_models/PP_radar(default)**********************
2026-02-26 17:11:29,524   INFO  Train:  101/120 ( 84%) [   0/322 (  0%)]  Loss: 0.1792 (0.179)  LR: 5.358e-04  Time cost: 00:00/02:35 [00:00/51:44]  Acc_iter 32201       Data time: 0.05(0.05)  Forward time: 0.44(0.44)  Batch time: 0.48(0.48)
2026-02-26 17:11:35,643   INFO  Train:  101/120 ( 84%) [  49/322 ( 15%)]  Loss: 0.1836 (0.174)  LR: 5.282e-04  Time cost: 00:06/00:36 [00:06/14:03]  Acc_iter 32250       Data time: 0.00(0.00)  Forward time: 0.12(0.13)  Batch time: 0.12(0.13)
2026-02-26 17:11:35,645   INFO  
2026-02-26 17:11:41,865   INFO  Train:  101/120 ( 84%) [  99/322 ( 31%)]  Loss: 0.1976 (0.172)  LR: 5.205e-04  Time cost: 00:12/00:28 [00:12/13:33]  Acc_iter 32300       Data time: 0.00(0.00)  Forward time: 0.13(0.13)  Batch time: 0.13(0.13)
2026-02-26 17:11:48,091   INFO  Train:  101/120 ( 84%) [ 149/322 ( 46%)]  Loss: 0.2394 (0.173)  LR: 5.128e-04  Time cost: 00:19/00:21 [00:19/13:18]  Acc_iter 32350       Data time: 0.00(0.00)  Forward time: 0.12(0.13)  Batch time: 0.12(0.13)
2026-02-26 17:11:54,439   INFO  Train:  101/120 ( 84%) [ 199/322 ( 62%)]  Loss: 0.1806 (0.175)  LR: 5.052e-04  Time cost: 00:25/00:15 [00:25/13:12]  Acc_iter 32400       Data time: 0.00(0.00)  Forward time: 0.13(0.13)  Batch time: 0.13(0.13)
2026-02-26 17:11:54,440   INFO  
2026-02-26 17:12:00,791   INFO  Train:  101/120 ( 84%) [ 249/322 ( 77%)]  Loss: 0.1782 (0.174)  LR: 4.976e-04  Time cost: 00:31/00:09 [00:31/13:06]  Acc_iter 32450       Data time: 0.00(0.00)  Forward time: 0.12(0.13)  Batch time: 0.12(0.13)
2026-02-26 17:12:07,039   INFO  Train:  101/120 ( 84%) [ 299/322 ( 93%)]  Loss: 0.1476 (0.174)  LR: 4.901e-04  Time cost: 00:37/00:02 [00:38/12:57]  Acc_iter 32500       Data time: 0.00(0.00)  Forward time: 0.13(0.13)  Batch time: 0.13(0.13)
2026-02-26 17:12:09,673   INFO  Train:  101/120 ( 84%) [ 321/322 (100%)]  Loss: 0.2333 (0.174)  LR: 4.868e-04  Time cost: 00:40/00:00 [00:40/12:52]  Acc_iter 32522       Data time: 0.00(0.00)  Forward time: 0.03(0.13)  Batch time: 0.03(0.13)
2026-02-26 17:12:09,931   INFO  Train:  102/120 ( 85%) [   0/322 (  0%)]  Loss: 0.1652 (0.165)  LR: 4.866e-04  Time cost: 00:00/00:52 [00:40/16:29]  Acc_iter 32523       Data time: 0.03(0.03)  Forward time: 0.13(0.13)  Batch time: 0.16(0.16)
2026-02-26 17:12:13,326   INFO  Train:  102/120 ( 85%) [  27/322 (  8%)]  Loss: 0.1804 (0.170)  LR: 4.826e-04  Time cost: 00:03/00:37 [00:44/12:53]  Acc_iter 32550       Data time: 0.00(0.00)  Forward time: 0.12(0.13)  Batch time: 0.12(0.13)
2026-02-26 17:12:13,327   INFO  
2026-02-26 17:12:19,587   INFO  Train:  102/120 ( 85%) [  77/322 ( 24%)]  Loss: 0.2181 (0.174)  LR: 4.752e-04  Time cost: 00:09/00:30 [00:50/12:40]  Acc_iter 32600       Data time: 0.00(0.00)  Forward time: 0.13(0.12)  Batch time: 0.13(0.13)
2026-02-26 17:12:25,919   INFO  Train:  102/120 ( 85%) [ 127/322 ( 39%)]  Loss: 0.2127 (0.175)  LR: 4.678e-04  Time cost: 00:16/00:24 [00:56/12:35]  Acc_iter 32650       Data time: 0.00(0.00)  Forward time: 0.12(0.13)  Batch time: 0.12(0.13)
2026-02-26 17:12:32,103   INFO  Train:  102/120 ( 85%) [ 177/322 ( 55%)]  Loss: 0.1756 (0.172)  LR: 4.604e-04  Time cost: 00:22/00:18 [01:03/12:25]  Acc_iter 32700       Data time: 0.00(0.00)  Forward time: 0.12(0.12)  Batch time: 0.12(0.13)
2026-02-26 17:12:32,105   INFO  
2026-02-26 17:12:38,330   INFO  Train:  102/120 ( 85%) [ 227/322 ( 70%)]  Loss: 0.1474 (0.173)  LR: 4.531e-04  Time cost: 00:28/00:11 [01:09/12:17]  Acc_iter 32750       Data time: 0.00(0.00)  Forward time: 0.13(0.12)  Batch time: 0.13(0.13)
2026-02-26 17:12:44,520   INFO  Train:  102/120 ( 85%) [ 277/322 ( 86%)]  Loss: 0.2410 (0.174)  LR: 4.459e-04  Time cost: 00:34/00:05 [01:15/12:10]  Acc_iter 32800       Data time: 0.00(0.00)  Forward time: 0.12(0.12)  Batch time: 0.12(0.13)
2026-02-26 17:12:49,894   INFO  Train:  102/120 ( 85%) [ 321/322 (100%)]  Loss: 0.07729 (0.174)  LR: 4.395e-04  Time cost: 00:40/00:00 [01:20/12:02]  Acc_iter 32844       Data time: 0.00(0.00)  Forward time: 0.02(0.12)  Batch time: 0.02(0.12)
2026-02-26 17:12:50,150   INFO  Train:  103/120 ( 86%) [   0/322 (  0%)]  Loss: 0.1760 (0.176)  LR: 4.394e-04  Time cost: 00:00/00:49 [01:21/14:50]  Acc_iter 32845       Data time: 0.03(0.03)  Forward time: 0.12(0.12)  Batch time: 0.15(0.15)
2026-02-26 17:12:50,767   INFO  Train:  103/120 ( 86%) [   5/322 (  2%)]  Loss: 0.1763 (0.164)  LR: 4.386e-04  Time cost: 00:00/00:40 [01:21/12:23]  Acc_iter 32850       Data time: 0.00(0.01)  Forward time: 0.12(0.12)  Batch time: 0.12(0.13)
2026-02-26 17:12:50,768   INFO  
2026-02-26 17:12:56,934   INFO  Train:  103/120 ( 86%) [  55/322 ( 17%)]  Loss: 0.1335 (0.163)  LR: 4.315e-04  Time cost: 00:06/00:33 [01:27/11:51]  Acc_iter 32900       Data time: 0.00(0.00)  Forward time: 0.12(0.12)  Batch time: 0.12(0.12)
2026-02-26 17:13:03,103   INFO  Train:  103/120 ( 86%) [ 105/322 ( 33%)]  Loss: 0.1878 (0.167)  LR: 4.244e-04  Time cost: 00:13/00:26 [01:34/11:43]  Acc_iter 32950       Data time: 0.00(0.00)  Forward time: 0.12(0.12)  Batch time: 0.12(0.12)
2026-02-26 17:13:09,291   INFO  Train:  103/120 ( 86%) [ 155/322 ( 48%)]  Loss: 0.1534 (0.169)  LR: 4.173e-04  Time cost: 00:19/00:20 [01:40/11:37]  Acc_iter 33000       Data time: 0.00(0.00)  Forward time: 0.12(0.12)  Batch time: 0.12(0.12)
2026-02-26 17:13:09,292   INFO  
2026-02-26 17:13:15,498   INFO  Train:  103/120 ( 86%) [ 205/322 ( 64%)]  Loss: 0.1879 (0.171)  LR: 4.103e-04  Time cost: 00:25/00:14 [01:46/11:32]  Acc_iter 33050       Data time: 0.00(0.00)  Forward time: 0.12(0.12)  Batch time: 0.12(0.12)
2026-02-26 17:13:21,707   INFO  Train:  103/120 ( 86%) [ 255/322 ( 79%)]  Loss: 0.1360 (0.171)  LR: 4.034e-04  Time cost: 00:31/00:08 [01:52/11:26]  Acc_iter 33100       Data time: 0.00(0.00)  Forward time: 0.12(0.12)  Batch time: 0.12(0.12)
2026-02-26 17:13:27,943   INFO  Train:  103/120 ( 86%) [ 305/322 ( 95%)]  Loss: 0.1572 (0.172)  LR: 3.964e-04  Time cost: 00:37/00:02 [01:58/11:20]  Acc_iter 33150       Data time: 0.00(0.00)  Forward time: 0.12(0.12)  Batch time: 0.12(0.12)
2026-02-26 17:13:27,944   INFO  
2026-02-26 17:13:29,812   INFO  Train:  103/120 ( 86%) [ 321/322 (100%)]  Loss: 0.1047 (0.173)  LR: 3.942e-04  Time cost: 00:39/00:00 [02:00/11:16]  Acc_iter 33166       Data time: 0.00(0.00)  Forward time: 0.02(0.12)  Batch time: 0.02(0.12)
2026-02-26 17:13:30,072   INFO  Train:  104/120 ( 87%) [   0/322 (  0%)]  Loss: 0.2125 (0.212)  LR: 3.941e-04  Time cost: 00:00/00:49 [02:01/14:02]  Acc_iter 33167       Data time: 0.03(0.03)  Forward time: 0.13(0.13)  Batch time: 0.15(0.15)
2026-02-26 17:13:34,175   INFO  Train:  104/120 ( 87%) [  33/322 ( 10%)]  Loss: 0.1926 (0.176)  LR: 3.896e-04  Time cost: 00:04/00:36 [02:05/11:21]  Acc_iter 33200       Data time: 0.00(0.00)  Forward time: 0.12(0.12)  Batch time: 0.12(0.13)
2026-02-26 17:13:40,364   INFO  Train:  104/120 ( 87%) [  83/322 ( 26%)]  Loss: 0.1350 (0.169)  LR: 3.828e-04  Time cost: 00:10/00:29 [02:11/11:10]  Acc_iter 33250       Data time: 0.00(0.00)  Forward time: 0.12(0.12)  Batch time: 0.13(0.12)
2026-02-26 17:13:46,576   INFO  Train:  104/120 ( 87%) [ 133/322 ( 41%)]  Loss: 0.2116 (0.170)  LR: 3.760e-04  Time cost: 00:16/00:23 [02:17/11:03]  Acc_iter 33300       Data time: 0.00(0.00)  Forward time: 0.13(0.12)  Batch time: 0.13(0.12)
2026-02-26 17:13:46,577   INFO  
2026-02-26 17:13:52,877   INFO  Train:  104/120 ( 87%) [ 183/322 ( 57%)]  Loss: 0.1389 (0.171)  LR: 3.693e-04  Time cost: 00:22/00:17 [02:23/11:00]  Acc_iter 33350       Data time: 0.00(0.00)  Forward time: 0.13(0.12)  Batch time: 0.13(0.12)
2026-02-26 17:13:59,168   INFO  Train:  104/120 ( 87%) [ 233/322 ( 72%)]  Loss: 0.2404 (0.171)  LR: 3.627e-04  Time cost: 00:29/00:11 [02:30/10:55]  Acc_iter 33400       Data time: 0.00(0.00)  Forward time: 0.13(0.12)  Batch time: 0.13(0.13)
2026-02-26 17:14:05,356   INFO  Train:  104/120 ( 87%) [ 283/322 ( 88%)]  Loss: 0.1377 (0.171)  LR: 3.561e-04  Time cost: 00:35/00:04 [02:36/10:47]  Acc_iter 33450       Data time: 0.00(0.00)  Forward time: 0.12(0.12)  Batch time: 0.12(0.12)
2026-02-26 17:14:05,358   INFO  
2026-02-26 17:14:09,949   INFO  Train:  104/120 ( 87%) [ 321/322 (100%)]  Loss: 0.2790 (0.171)  LR: 3.511e-04  Time cost: 00:40/00:00 [02:40/10:40]  Acc_iter 33488       Data time: 0.00(0.00)  Forward time: 0.02(0.12)  Batch time: 0.02(0.12)
2026-02-26 17:14:10,215   INFO  Train:  105/120 ( 88%) [   0/322 (  0%)]  Loss: 0.1175 (0.118)  LR: 3.510e-04  Time cost: 00:00/00:50 [02:41/13:30]  Acc_iter 33489       Data time: 0.02(0.02)  Forward time: 0.13(0.13)  Batch time: 0.16(0.16)
2026-02-26 17:14:11,572   INFO  Train:  105/120 ( 88%) [  11/322 (  3%)]  Loss: 0.1519 (0.170)  LR: 3.495e-04  Time cost: 00:01/00:39 [02:42/10:48]  Acc_iter 33500       Data time: 0.00(0.00)  Forward time: 0.12(0.12)  Batch time: 0.12(0.13)
2026-02-26 17:14:17,864   INFO  Train:  105/120 ( 88%) [  61/322 ( 19%)]  Loss: 0.1588 (0.166)  LR: 3.430e-04  Time cost: 00:07/00:32 [02:48/10:40]  Acc_iter 33550       Data time: 0.00(0.00)  Forward time: 0.13(0.12)  Batch time: 0.13(0.13)
2026-02-26 17:14:24,138   INFO  Train:  105/120 ( 88%) [ 111/322 ( 34%)]  Loss: 0.1285 (0.165)  LR: 3.366e-04  Time cost: 00:14/00:26 [02:55/10:33]  Acc_iter 33600       Data time: 0.00(0.00)  Forward time: 0.12(0.12)  Batch time: 0.12(0.13)
2026-02-26 17:14:24,139   INFO  
2026-02-26 17:14:30,413   INFO  Train:  105/120 ( 88%) [ 161/322 ( 50%)]  Loss: 0.1528 (0.165)  LR: 3.302e-04  Time cost: 00:20/00:20 [03:01/10:27]  Acc_iter 33650       Data time: 0.00(0.00)  Forward time: 0.12(0.12)  Batch time: 0.12(0.13)
2026-02-26 17:14:36,654   INFO  Train:  105/120 ( 88%) [ 211/322 ( 66%)]  Loss: 0.1446 (0.166)  LR: 3.239e-04  Time cost: 00:26/00:13 [03:07/10:19]  Acc_iter 33700       Data time: 0.00(0.00)  Forward time: 0.12(0.12)  Batch time: 0.12(0.13)
2026-02-26 17:14:43,014   INFO  Train:  105/120 ( 88%) [ 261/322 ( 81%)]  Loss: 0.1459 (0.168)  LR: 3.176e-04  Time cost: 00:32/00:07 [03:14/10:15]  Acc_iter 33750       Data time: 0.00(0.00)  Forward time: 0.14(0.13)  Batch time: 0.15(0.13)
2026-02-26 17:14:43,016   INFO  
2026-02-26 17:14:49,247   INFO  Train:  105/120 ( 88%) [ 311/322 ( 97%)]  Loss: 0.1830 (0.168)  LR: 3.114e-04  Time cost: 00:39/00:01 [03:20/10:08]  Acc_iter 33800       Data time: 0.00(0.00)  Forward time: 0.12(0.12)  Batch time: 0.12(0.13)
2026-02-26 17:14:50,386   INFO  Train:  105/120 ( 88%) [ 321/322 (100%)]  Loss: 0.1518 (0.168)  LR: 3.101e-04  Time cost: 00:40/00:00 [03:21/10:05]  Acc_iter 33810       Data time: 0.00(0.00)  Forward time: 0.02(0.12)  Batch time: 0.02(0.13)
2026-02-26 17:14:50,662   INFO  Train:  106/120 ( 88%) [   0/322 (  0%)]  Loss: 0.1614 (0.161)  LR: 3.100e-04  Time cost: 00:00/00:54 [03:21/13:39]  Acc_iter 33811       Data time: 0.04(0.04)  Forward time: 0.13(0.13)  Batch time: 0.17(0.17)
2026-02-26 17:14:55,560   INFO  Train:  106/120 ( 88%) [  39/322 ( 12%)]  Loss: 0.1320 (0.163)  LR: 3.052e-04  Time cost: 00:05/00:35 [03:26/10:06]  Acc_iter 33850       Data time: 0.00(0.00)  Forward time: 0.13(0.13)  Batch time: 0.13(0.13)
2026-02-26 17:15:01,803   INFO  Train:  106/120 ( 88%) [  89/322 ( 28%)]  Loss: 0.1419 (0.159)  LR: 2.991e-04  Time cost: 00:11/00:29 [03:32/09:55]  Acc_iter 33900       Data time: 0.00(0.00)  Forward time: 0.12(0.12)  Batch time: 0.12(0.13)
2026-02-26 17:15:01,804   INFO  
2026-02-26 17:15:08,060   INFO  Train:  106/120 ( 88%) [ 139/322 ( 43%)]  Loss: 0.1901 (0.161)  LR: 2.930e-04  Time cost: 00:17/00:22 [03:39/09:48]  Acc_iter 33950       Data time: 0.00(0.00)  Forward time: 0.12(0.12)  Batch time: 0.12(0.13)
2026-02-26 17:15:14,283   INFO  Train:  106/120 ( 88%) [ 189/322 ( 59%)]  Loss: 0.1703 (0.161)  LR: 2.870e-04  Time cost: 00:23/00:16 [03:45/09:41]  Acc_iter 34000       Data time: 0.00(0.00)  Forward time: 0.12(0.12)  Batch time: 0.12(0.13)
2026-02-26 17:15:20,490   INFO  Train:  106/120 ( 88%) [ 239/322 ( 74%)]  Loss: 0.1664 (0.163)  LR: 2.811e-04  Time cost: 00:29/00:10 [03:51/09:33]  Acc_iter 34050       Data time: 0.00(0.00)  Forward time: 0.12(0.12)  Batch time: 0.12(0.12)
2026-02-26 17:15:20,491   INFO  
2026-02-26 17:15:26,806   INFO  Train:  106/120 ( 88%) [ 289/322 ( 90%)]  Loss: 0.1688 (0.164)  LR: 2.752e-04  Time cost: 00:36/00:04 [03:57/09:28]  Acc_iter 34100       Data time: 0.00(0.00)  Forward time: 0.12(0.12)  Batch time: 0.12(0.13)
2026-02-26 17:15:30,680   INFO  Train:  106/120 ( 88%) [ 321/322 (100%)]  Loss: 0.1177 (0.164)  LR: 2.714e-04  Time cost: 00:40/00:00 [04:01/09:22]  Acc_iter 34132       Data time: 0.00(0.00)  Forward time: 0.02(0.12)  Batch time: 0.02(0.12)
2026-02-26 17:15:30,953   INFO  Train:  107/120 ( 89%) [   0/322 (  0%)]  Loss: 0.1597 (0.160)  LR: 2.713e-04  Time cost: 00:00/00:53 [04:01/12:28]  Acc_iter 34133       Data time: 0.03(0.03)  Forward time: 0.13(0.13)  Batch time: 0.17(0.17)
2026-02-26 17:15:33,064   INFO  Train:  107/120 ( 89%) [  17/322 (  5%)]  Loss: 0.1451 (0.168)  LR: 2.693e-04  Time cost: 00:02/00:38 [04:04/09:28]  Acc_iter 34150       Data time: 0.00(0.00)  Forward time: 0.13(0.12)  Batch time: 0.13(0.13)
2026-02-26 17:15:39,274   INFO  Train:  107/120 ( 89%) [  67/322 ( 21%)]  Loss: 0.1429 (0.167)  LR: 2.635e-04  Time cost: 00:08/00:31 [04:10/09:14]  Acc_iter 34200       Data time: 0.00(0.00)  Forward time: 0.12(0.12)  Batch time: 0.13(0.12)
2026-02-26 17:15:39,276   INFO  
2026-02-26 17:15:45,525   INFO  Train:  107/120 ( 89%) [ 117/322 ( 36%)]  Loss: 0.1977 (0.166)  LR: 2.578e-04  Time cost: 00:14/00:25 [04:16/09:08]  Acc_iter 34250       Data time: 0.00(0.00)  Forward time: 0.12(0.12)  Batch time: 0.12(0.12)
2026-02-26 17:15:51,878   INFO  Train:  107/120 ( 89%) [ 167/322 ( 52%)]  Loss: 0.2281 (0.166)  LR: 2.521e-04  Time cost: 00:21/00:19 [04:22/09:04]  Acc_iter 34300       Data time: 0.00(0.00)  Forward time: 0.13(0.12)  Batch time: 0.13(0.13)
2026-02-26 17:15:58,258   INFO  Train:  107/120 ( 89%) [ 217/322 ( 67%)]  Loss: 0.1498 (0.164)  LR: 2.465e-04  Time cost: 00:27/00:13 [04:29/09:00]  Acc_iter 34350       Data time: 0.00(0.00)  Forward time: 0.13(0.13)  Batch time: 0.13(0.13)
2026-02-26 17:15:58,259   INFO  
2026-02-26 17:16:04,532   INFO  Train:  107/120 ( 89%) [ 267/322 ( 83%)]  Loss: 0.1686 (0.163)  LR: 2.410e-04  Time cost: 00:33/00:06 [04:35/08:54]  Acc_iter 34400       Data time: 0.00(0.00)  Forward time: 0.12(0.13)  Batch time: 0.12(0.13)
2026-02-26 17:16:10,980   INFO  Train:  107/120 ( 89%) [ 317/322 ( 98%)]  Loss: 0.1289 (0.163)  LR: 2.355e-04  Time cost: 00:40/00:00 [04:42/08:49]  Acc_iter 34450       Data time: 0.00(0.00)  Forward time: 0.13(0.13)  Batch time: 0.13(0.13)
2026-02-26 17:16:11,396   INFO  Train:  107/120 ( 89%) [ 321/322 (100%)]  Loss: 0.1543 (0.163)  LR: 2.350e-04  Time cost: 00:40/00:00 [04:42/08:48]  Acc_iter 34454       Data time: 0.00(0.00)  Forward time: 0.02(0.13)  Batch time: 0.02(0.13)
2026-02-26 17:16:11,674   INFO  Train:  108/120 ( 90%) [   0/322 (  0%)]  Loss: 0.1858 (0.186)  LR: 2.349e-04  Time cost: 00:00/00:55 [04:42/12:00]  Acc_iter 34455       Data time: 0.03(0.03)  Forward time: 0.14(0.14)  Batch time: 0.17(0.17)
2026-02-26 17:16:17,256   INFO  Train:  108/120 ( 90%) [  45/322 ( 14%)]  Loss: 0.1385 (0.159)  LR: 2.300e-04  Time cost: 00:05/00:34 [04:48/08:37]  Acc_iter 34500       Data time: 0.00(0.00)  Forward time: 0.12(0.12)  Batch time: 0.12(0.13)
2026-02-26 17:16:17,257   INFO  
2026-02-26 17:16:23,518   INFO  Train:  108/120 ( 90%) [  95/322 ( 30%)]  Loss: 0.1809 (0.158)  LR: 2.247e-04  Time cost: 00:12/00:28 [04:54/08:32]  Acc_iter 34550       Data time: 0.00(0.00)  Forward time: 0.13(0.12)  Batch time: 0.13(0.13)
2026-02-26 17:16:29,737   INFO  Train:  108/120 ( 90%) [ 145/322 ( 45%)]  Loss: 0.1997 (0.159)  LR: 2.194e-04  Time cost: 00:18/00:22 [05:00/08:24]  Acc_iter 34600       Data time: 0.00(0.00)  Forward time: 0.12(0.12)  Batch time: 0.12(0.12)
2026-02-26 17:16:35,954   INFO  Train:  108/120 ( 90%) [ 195/322 ( 61%)]  Loss: 0.1433 (0.160)  LR: 2.141e-04  Time cost: 00:24/00:15 [05:06/08:17]  Acc_iter 34650       Data time: 0.00(0.00)  Forward time: 0.13(0.12)  Batch time: 0.13(0.12)
2026-02-26 17:16:35,956   INFO  
2026-02-26 17:16:42,212   INFO  Train:  108/120 ( 90%) [ 245/322 ( 76%)]  Loss: 0.1525 (0.159)  LR: 2.089e-04  Time cost: 00:30/00:09 [05:13/08:11]  Acc_iter 34700       Data time: 0.00(0.00)  Forward time: 0.12(0.12)  Batch time: 0.12(0.12)
2026-02-26 17:16:48,406   INFO  Train:  108/120 ( 90%) [ 295/322 ( 92%)]  Loss: 0.1564 (0.160)  LR: 2.037e-04  Time cost: 00:36/00:03 [05:19/08:05]  Acc_iter 34750       Data time: 0.00(0.00)  Forward time: 0.12(0.12)  Batch time: 0.12(0.12)
2026-02-26 17:16:51,532   INFO  Train:  108/120 ( 90%) [ 321/322 (100%)]  Loss: 0.1811 (0.160)  LR: 2.011e-04  Time cost: 00:40/00:00 [05:22/08:00]  Acc_iter 34776       Data time: 0.00(0.00)  Forward time: 0.02(0.12)  Batch time: 0.02(0.12)
2026-02-26 17:16:51,809   INFO  Train:  109/120 ( 91%) [   0/322 (  0%)]  Loss: 0.1139 (0.114)  LR: 2.010e-04  Time cost: 00:00/00:55 [05:22/11:00]  Acc_iter 34777       Data time: 0.04(0.04)  Forward time: 0.13(0.13)  Batch time: 0.17(0.17)
2026-02-26 17:16:54,689   INFO  Train:  109/120 ( 91%) [  23/322 (  7%)]  Loss: 0.1623 (0.164)  LR: 1.987e-04  Time cost: 00:03/00:38 [05:25/08:08]  Acc_iter 34800       Data time: 0.00(0.00)  Forward time: 0.12(0.12)  Batch time: 0.12(0.13)
2026-02-26 17:16:54,690   INFO  
2026-02-26 17:17:00,948   INFO  Train:  109/120 ( 91%) [  73/322 ( 23%)]  Loss: 0.1644 (0.161)  LR: 1.936e-04  Time cost: 00:09/00:31 [05:31/07:56]  Acc_iter 34850       Data time: 0.00(0.00)  Forward time: 0.13(0.12)  Batch time: 0.13(0.13)
2026-02-26 17:17:07,194   INFO  Train:  109/120 ( 91%) [ 123/322 ( 38%)]  Loss: 0.1451 (0.163)  LR: 1.887e-04  Time cost: 00:15/00:24 [05:38/07:49]  Acc_iter 34900       Data time: 0.00(0.00)  Forward time: 0.12(0.12)  Batch time: 0.12(0.13)
2026-02-26 17:17:13,373   INFO  Train:  109/120 ( 91%) [ 173/322 ( 54%)]  Loss: 0.1692 (0.160)  LR: 1.838e-04  Time cost: 00:21/00:18 [05:44/07:41]  Acc_iter 34950       Data time: 0.00(0.00)  Forward time: 0.12(0.12)  Batch time: 0.12(0.12)
2026-02-26 17:17:13,374   INFO  
2026-02-26 17:17:19,592   INFO  Train:  109/120 ( 91%) [ 223/322 ( 69%)]  Loss: 0.1634 (0.159)  LR: 1.789e-04  Time cost: 00:27/00:12 [05:50/07:34]  Acc_iter 35000       Data time: 0.00(0.00)  Forward time: 0.13(0.12)  Batch time: 0.13(0.12)
2026-02-26 17:17:25,825   INFO  Train:  109/120 ( 91%) [ 273/322 ( 85%)]  Loss: 0.1254 (0.158)  LR: 1.741e-04  Time cost: 00:34/00:06 [05:56/07:28]  Acc_iter 35050       Data time: 0.00(0.00)  Forward time: 0.12(0.12)  Batch time: 0.13(0.12)
2026-02-26 17:17:31,678   INFO  Train:  109/120 ( 91%) [ 321/322 (100%)]  Loss: 0.2289 (0.158)  LR: 1.696e-04  Time cost: 00:40/00:00 [06:02/07:20]  Acc_iter 35098       Data time: 0.00(0.00)  Forward time: 0.02(0.12)  Batch time: 0.03(0.12)
2026-02-26 17:17:31,949   INFO  Train:  110/120 ( 92%) [   0/322 (  0%)]  Loss: 0.1494 (0.149)  LR: 1.695e-04  Time cost: 00:00/00:52 [06:02/09:38]  Acc_iter 35099       Data time: 0.03(0.03)  Forward time: 0.13(0.13)  Batch time: 0.16(0.16)
2026-02-26 17:17:32,073   INFO  Train:  110/120 ( 92%) [   1/322 (  0%)]  Loss: 0.1245 (0.137)  LR: 1.694e-04  Time cost: 00:00/00:46 [06:03/08:29]  Acc_iter 35100       Data time: 0.00(0.02)  Forward time: 0.12(0.13)  Batch time: 0.12(0.14)
2026-02-26 17:17:32,074   INFO  
2026-02-26 17:17:38,275   INFO  Train:  110/120 ( 92%) [  51/322 ( 16%)]  Loss: 0.1706 (0.149)  LR: 1.648e-04  Time cost: 00:06/00:33 [06:09/07:15]  Acc_iter 35150       Data time: 0.00(0.00)  Forward time: 0.12(0.12)  Batch time: 0.12(0.12)
2026-02-26 17:17:44,472   INFO  Train:  110/120 ( 92%) [ 101/322 ( 31%)]  Loss: 0.1283 (0.149)  LR: 1.602e-04  Time cost: 00:12/00:27 [06:15/07:07]  Acc_iter 35200       Data time: 0.00(0.00)  Forward time: 0.12(0.12)  Batch time: 0.12(0.12)
2026-02-26 17:17:50,685   INFO  Train:  110/120 ( 92%) [ 151/322 ( 47%)]  Loss: 0.1540 (0.153)  LR: 1.556e-04  Time cost: 00:18/00:21 [06:21/07:01]  Acc_iter 35250       Data time: 0.00(0.00)  Forward time: 0.12(0.12)  Batch time: 0.12(0.12)
2026-02-26 17:17:50,686   INFO  
2026-02-26 17:17:56,931   INFO  Train:  110/120 ( 92%) [ 201/322 ( 62%)]  Loss: 0.1490 (0.154)  LR: 1.511e-04  Time cost: 00:25/00:15 [06:27/06:55]  Acc_iter 35300       Data time: 0.00(0.00)  Forward time: 0.13(0.12)  Batch time: 0.13(0.12)
2026-02-26 17:18:03,198   INFO  Train:  110/120 ( 92%) [ 251/322 ( 78%)]  Loss: 0.1766 (0.155)  LR: 1.467e-04  Time cost: 00:31/00:08 [06:34/06:50]  Acc_iter 35350       Data time: 0.00(0.00)  Forward time: 0.12(0.12)  Batch time: 0.12(0.12)
2026-02-26 17:18:09,488   INFO  Train:  110/120 ( 92%) [ 301/322 ( 93%)]  Loss: 0.2074 (0.156)  LR: 1.424e-04  Time cost: 00:37/00:02 [06:40/06:44]  Acc_iter 35400       Data time: 0.00(0.00)  Forward time: 0.12(0.12)  Batch time: 0.12(0.12)
2026-02-26 17:18:09,489   INFO  
2026-02-26 17:18:11,923   INFO  Train:  110/120 ( 92%) [ 321/322 (100%)]  Loss: 0.1910 (0.156)  LR: 1.407e-04  Time cost: 00:40/00:00 [06:42/06:41]  Acc_iter 35420       Data time: 0.00(0.00)  Forward time: 0.03(0.12)  Batch time: 0.03(0.12)
2026-02-26 17:18:12,211   INFO  Train:  111/120 ( 92%) [   0/322 (  0%)]  Loss: 0.1508 (0.151)  LR: 1.406e-04  Time cost: 00:00/00:57 [06:43/09:39]  Acc_iter 35421       Data time: 0.04(0.04)  Forward time: 0.14(0.14)  Batch time: 0.18(0.18)
2026-02-26 17:18:15,800   INFO  Train:  111/120 ( 92%) [  29/322 (  9%)]  Loss: 0.1428 (0.151)  LR: 1.381e-04  Time cost: 00:03/00:36 [06:46/06:40]  Acc_iter 35450       Data time: 0.00(0.00)  Forward time: 0.12(0.12)  Batch time: 0.12(0.13)
2026-02-26 17:18:22,110   INFO  Train:  111/120 ( 92%) [  79/322 ( 25%)]  Loss: 0.1692 (0.151)  LR: 1.339e-04  Time cost: 00:10/00:30 [06:53/06:35]  Acc_iter 35500       Data time: 0.00(0.00)  Forward time: 0.12(0.12)  Batch time: 0.12(0.13)
2026-02-26 17:18:28,455   INFO  Train:  111/120 ( 92%) [ 129/322 ( 40%)]  Loss: 0.1466 (0.154)  LR: 1.297e-04  Time cost: 00:16/00:24 [06:59/06:30]  Acc_iter 35550       Data time: 0.00(0.00)  Forward time: 0.13(0.13)  Batch time: 0.13(0.13)
2026-02-26 17:18:28,457   INFO  
2026-02-26 17:18:34,835   INFO  Train:  111/120 ( 92%) [ 179/322 ( 56%)]  Loss: 0.1809 (0.155)  LR: 1.256e-04  Time cost: 00:22/00:18 [07:05/06:25]  Acc_iter 35600       Data time: 0.00(0.00)  Forward time: 0.12(0.13)  Batch time: 0.13(0.13)
2026-02-26 17:18:41,104   INFO  Train:  111/120 ( 92%) [ 229/322 ( 71%)]  Loss: 0.1133 (0.155)  LR: 1.216e-04  Time cost: 00:29/00:11 [07:12/06:18]  Acc_iter 35650       Data time: 0.00(0.00)  Forward time: 0.12(0.13)  Batch time: 0.13(0.13)
2026-02-26 17:18:47,300   INFO  Train:  111/120 ( 92%) [ 279/322 ( 87%)]  Loss: 0.1819 (0.154)  LR: 1.176e-04  Time cost: 00:35/00:05 [07:18/06:10]  Acc_iter 35700       Data time: 0.00(0.00)  Forward time: 0.13(0.13)  Batch time: 0.13(0.13)
2026-02-26 17:18:47,301   INFO  
2026-02-26 17:18:52,475   INFO  Train:  111/120 ( 92%) [ 321/322 (100%)]  Loss: 0.1637 (0.155)  LR: 1.143e-04  Time cost: 00:40/00:00 [07:23/06:04]  Acc_iter 35742       Data time: 0.00(0.00)  Forward time: 0.02(0.12)  Batch time: 0.03(0.13)
2026-02-26 17:18:52,764   INFO  Train:  112/120 ( 93%) [   0/322 (  0%)]  Loss: 0.1463 (0.146)  LR: 1.142e-04  Time cost: 00:00/00:57 [07:23/08:39]  Acc_iter 35743       Data time: 0.03(0.03)  Forward time: 0.15(0.15)  Batch time: 0.18(0.18)
2026-02-26 17:18:53,652   INFO  Train:  112/120 ( 93%) [   7/322 (  2%)]  Loss: 0.1415 (0.138)  LR: 1.137e-04  Time cost: 00:01/00:42 [07:24/06:25]  Acc_iter 35750       Data time: 0.00(0.00)  Forward time: 0.12(0.13)  Batch time: 0.12(0.13)
2026-02-26 17:18:59,925   INFO  Train:  112/120 ( 93%) [  57/322 ( 18%)]  Loss: 0.1695 (0.154)  LR: 1.098e-04  Time cost: 00:07/00:33 [07:30/05:59]  Acc_iter 35800       Data time: 0.00(0.00)  Forward time: 0.12(0.13)  Batch time: 0.12(0.13)
2026-02-26 17:19:06,119   INFO  Train:  112/120 ( 93%) [ 107/322 ( 33%)]  Loss: 0.1429 (0.154)  LR: 1.060e-04  Time cost: 00:13/00:26 [07:37/05:49]  Acc_iter 35850       Data time: 0.00(0.00)  Forward time: 0.12(0.12)  Batch time: 0.12(0.13)
2026-02-26 17:19:06,121   INFO  
2026-02-26 17:19:12,324   INFO  Train:  112/120 ( 93%) [ 157/322 ( 49%)]  Loss: 0.1625 (0.155)  LR: 1.023e-04  Time cost: 00:19/00:20 [07:43/05:42]  Acc_iter 35900       Data time: 0.00(0.00)  Forward time: 0.12(0.12)  Batch time: 0.12(0.12)
2026-02-26 17:19:18,552   INFO  Train:  112/120 ( 93%) [ 207/322 ( 64%)]  Loss: 0.1457 (0.154)  LR: 9.866e-05  Time cost: 00:25/00:14 [07:49/05:35]  Acc_iter 35950       Data time: 0.00(0.00)  Forward time: 0.12(0.12)  Batch time: 0.12(0.12)
2026-02-26 17:19:24,759   INFO  Train:  112/120 ( 93%) [ 257/322 ( 80%)]  Loss: 0.1137 (0.154)  LR: 9.506e-05  Time cost: 00:32/00:08 [07:55/05:29]  Acc_iter 36000       Data time: 0.00(0.00)  Forward time: 0.12(0.12)  Batch time: 0.12(0.12)
2026-02-26 17:19:24,760   INFO  
2026-02-26 17:19:30,994   INFO  Train:  112/120 ( 93%) [ 307/322 ( 95%)]  Loss: 0.1629 (0.154)  LR: 9.154e-05  Time cost: 00:38/00:01 [08:02/05:23]  Acc_iter 36050       Data time: 0.00(0.00)  Forward time: 0.12(0.12)  Batch time: 0.12(0.12)
2026-02-26 17:19:32,612   INFO  Train:  112/120 ( 93%) [ 321/322 (100%)]  Loss: 0.1144 (0.153)  LR: 9.056e-05  Time cost: 00:40/00:00 [08:03/05:20]  Acc_iter 36064       Data time: 0.00(0.00)  Forward time: 0.02(0.12)  Batch time: 0.02(0.12)
2026-02-26 17:19:32,871   INFO  Train:  113/120 ( 94%) [   0/322 (  0%)]  Loss: 0.1313 (0.131)  LR: 9.049e-05  Time cost: 00:00/00:49 [08:03/06:34]  Acc_iter 36065       Data time: 0.03(0.03)  Forward time: 0.13(0.13)  Batch time: 0.15(0.15)
2026-02-26 17:19:37,215   INFO  Train:  113/120 ( 94%) [  35/322 ( 11%)]  Loss: 0.1203 (0.146)  LR: 8.807e-05  Time cost: 00:04/00:35 [08:08/05:17]  Acc_iter 36100       Data time: 0.00(0.00)  Forward time: 0.12(0.12)  Batch time: 0.12(0.12)
2026-02-26 17:19:43,428   INFO  Train:  113/120 ( 94%) [  85/322 ( 26%)]  Loss: 0.1297 (0.151)  LR: 8.467e-05  Time cost: 00:10/00:29 [08:14/05:10]  Acc_iter 36150       Data time: 0.00(0.00)  Forward time: 0.12(0.12)  Batch time: 0.12(0.12)
2026-02-26 17:19:43,429   INFO  
2026-02-26 17:19:49,656   INFO  Train:  113/120 ( 94%) [ 135/322 ( 42%)]  Loss: 0.2037 (0.151)  LR: 8.134e-05  Time cost: 00:16/00:23 [08:20/05:04]  Acc_iter 36200       Data time: 0.00(0.00)  Forward time: 0.12(0.12)  Batch time: 0.12(0.12)
2026-02-26 17:19:55,838   INFO  Train:  113/120 ( 94%) [ 185/322 ( 57%)]  Loss: 0.1534 (0.152)  LR: 7.807e-05  Time cost: 00:23/00:17 [08:26/04:57]  Acc_iter 36250       Data time: 0.00(0.00)  Forward time: 0.12(0.12)  Batch time: 0.12(0.12)
2026-02-26 17:20:02,034   INFO  Train:  113/120 ( 94%) [ 235/322 ( 73%)]  Loss: 0.1143 (0.151)  LR: 7.487e-05  Time cost: 00:29/00:10 [08:33/04:50]  Acc_iter 36300       Data time: 0.00(0.00)  Forward time: 0.12(0.12)  Batch time: 0.12(0.12)
2026-02-26 17:20:02,035   INFO  
2026-02-26 17:20:08,234   INFO  Train:  113/120 ( 94%) [ 285/322 ( 89%)]  Loss: 0.1793 (0.151)  LR: 7.173e-05  Time cost: 00:35/00:04 [08:39/04:44]  Acc_iter 36350       Data time: 0.00(0.00)  Forward time: 0.13(0.12)  Batch time: 0.13(0.12)
2026-02-26 17:20:12,601   INFO  Train:  113/120 ( 94%) [ 321/322 (100%)]  Loss: 0.1524 (0.151)  LR: 6.952e-05  Time cost: 00:39/00:00 [08:43/04:39]  Acc_iter 36386       Data time: 0.00(0.00)  Forward time: 0.02(0.12)  Batch time: 0.02(0.12)
2026-02-26 17:20:12,881   INFO  Train:  114/120 ( 95%) [   0/322 (  0%)]  Loss: 0.1666 (0.167)  LR: 6.945e-05  Time cost: 00:00/00:54 [08:43/06:23]  Acc_iter 36387       Data time: 0.05(0.05)  Forward time: 0.12(0.12)  Batch time: 0.17(0.17)
2026-02-26 17:20:14,497   INFO  Train:  114/120 ( 95%) [  13/322 (  4%)]  Loss: 0.1344 (0.155)  LR: 6.866e-05  Time cost: 00:01/00:39 [08:45/04:45]  Acc_iter 36400       Data time: 0.00(0.00)  Forward time: 0.12(0.12)  Batch time: 0.12(0.13)
2026-02-26 17:20:20,712   INFO  Train:  114/120 ( 95%) [  63/322 ( 20%)]  Loss: 0.1478 (0.149)  LR: 6.566e-05  Time cost: 00:08/00:32 [08:51/04:33]  Acc_iter 36450       Data time: 0.00(0.00)  Forward time: 0.12(0.12)  Batch time: 0.12(0.13)
2026-02-26 17:20:20,714   INFO  
2026-02-26 17:20:26,912   INFO  Train:  114/120 ( 95%) [ 113/322 ( 35%)]  Loss: 0.1049 (0.149)  LR: 6.272e-05  Time cost: 00:14/00:26 [08:57/04:26]  Acc_iter 36500       Data time: 0.00(0.00)  Forward time: 0.12(0.12)  Batch time: 0.12(0.12)
2026-02-26 17:20:33,115   INFO  Train:  114/120 ( 95%) [ 163/322 ( 51%)]  Loss: 0.1501 (0.148)  LR: 5.984e-05  Time cost: 00:20/00:19 [09:04/04:20]  Acc_iter 36550       Data time: 0.00(0.00)  Forward time: 0.12(0.12)  Batch time: 0.12(0.12)
2026-02-26 17:20:39,310   INFO  Train:  114/120 ( 95%) [ 213/322 ( 66%)]  Loss: 0.1504 (0.150)  LR: 5.703e-05  Time cost: 00:26/00:13 [09:10/04:13]  Acc_iter 36600       Data time: 0.00(0.00)  Forward time: 0.13(0.12)  Batch time: 0.13(0.12)
2026-02-26 17:20:39,312   INFO  
2026-02-26 17:20:45,506   INFO  Train:  114/120 ( 95%) [ 263/322 ( 82%)]  Loss: 0.1289 (0.151)  LR: 5.429e-05  Time cost: 00:32/00:07 [09:16/04:07]  Acc_iter 36650       Data time: 0.00(0.00)  Forward time: 0.13(0.12)  Batch time: 0.13(0.12)
2026-02-26 17:20:51,710   INFO  Train:  114/120 ( 95%) [ 313/322 ( 97%)]  Loss: 0.1592 (0.151)  LR: 5.162e-05  Time cost: 00:38/00:01 [09:22/04:01]  Acc_iter 36700       Data time: 0.00(0.00)  Forward time: 0.12(0.12)  Batch time: 0.12(0.12)
2026-02-26 17:20:52,602   INFO  Train:  114/120 ( 95%) [ 321/322 (100%)]  Loss: 0.2104 (0.151)  LR: 5.119e-05  Time cost: 00:39/00:00 [09:23/03:59]  Acc_iter 36708       Data time: 0.00(0.00)  Forward time: 0.02(0.12)  Batch time: 0.02(0.12)
2026-02-26 17:20:52,874   INFO  Train:  115/120 ( 96%) [   0/322 (  0%)]  Loss: 0.1170 (0.117)  LR: 5.114e-05  Time cost: 00:00/00:53 [09:23/05:19]  Acc_iter 36709       Data time: 0.03(0.03)  Forward time: 0.13(0.13)  Batch time: 0.17(0.17)
2026-02-26 17:20:57,971   INFO  Train:  115/120 ( 96%) [  41/322 ( 13%)]  Loss: 0.1562 (0.158)  LR: 4.901e-05  Time cost: 00:05/00:35 [09:29/03:56]  Acc_iter 36750       Data time: 0.00(0.00)  Forward time: 0.12(0.12)  Batch time: 0.12(0.13)
2026-02-26 17:20:57,972   INFO  
2026-02-26 17:21:04,174   INFO  Train:  115/120 ( 96%) [  91/322 ( 28%)]  Loss: 0.1230 (0.151)  LR: 4.646e-05  Time cost: 00:11/00:28 [09:35/03:49]  Acc_iter 36800       Data time: 0.00(0.00)  Forward time: 0.12(0.12)  Batch time: 0.12(0.12)
2026-02-26 17:21:10,389   INFO  Train:  115/120 ( 96%) [ 141/322 ( 44%)]  Loss: 0.1379 (0.150)  LR: 4.399e-05  Time cost: 00:17/00:22 [09:41/03:42]  Acc_iter 36850       Data time: 0.00(0.00)  Forward time: 0.13(0.12)  Batch time: 0.13(0.12)
2026-02-26 17:21:16,584   INFO  Train:  115/120 ( 96%) [ 191/322 ( 59%)]  Loss: 0.1461 (0.151)  LR: 4.158e-05  Time cost: 00:23/00:16 [09:47/03:36]  Acc_iter 36900       Data time: 0.00(0.00)  Forward time: 0.13(0.12)  Batch time: 0.13(0.12)
2026-02-26 17:21:16,585   INFO  
2026-02-26 17:21:22,766   INFO  Train:  115/120 ( 96%) [ 241/322 ( 75%)]  Loss: 0.1670 (0.152)  LR: 3.924e-05  Time cost: 00:30/00:10 [09:53/03:30]  Acc_iter 36950       Data time: 0.00(0.00)  Forward time: 0.12(0.12)  Batch time: 0.12(0.12)
2026-02-26 17:21:28,956   INFO  Train:  115/120 ( 96%) [ 291/322 ( 90%)]  Loss: 0.1233 (0.151)  LR: 3.696e-05  Time cost: 00:36/00:03 [09:59/03:23]  Acc_iter 37000       Data time: 0.00(0.00)  Forward time: 0.12(0.12)  Batch time: 0.12(0.12)
2026-02-26 17:21:32,567   INFO  Train:  115/120 ( 96%) [ 321/322 (100%)]  Loss: 0.1477 (0.150)  LR: 3.563e-05  Time cost: 00:39/00:00 [10:03/03:19]  Acc_iter 37030       Data time: 0.00(0.00)  Forward time: 0.02(0.12)  Batch time: 0.02(0.12)
2026-02-26 17:21:32,839   INFO  Train:  116/120 ( 97%) [   0/322 (  0%)]  Loss: 0.1188 (0.119)  LR: 3.559e-05  Time cost: 00:00/00:53 [10:03/04:27]  Acc_iter 37031       Data time: 0.03(0.03)  Forward time: 0.13(0.13)  Batch time: 0.17(0.17)
2026-02-26 17:21:35,202   INFO  Train:  116/120 ( 97%) [  19/322 (  6%)]  Loss: 0.1462 (0.146)  LR: 3.475e-05  Time cost: 00:02/00:38 [10:06/03:21]  Acc_iter 37050       Data time: 0.00(0.00)  Forward time: 0.12(0.12)  Batch time: 0.12(0.13)
2026-02-26 17:21:35,204   INFO  
2026-02-26 17:21:41,398   INFO  Train:  116/120 ( 97%) [  69/322 ( 21%)]  Loss: 0.1418 (0.148)  LR: 3.261e-05  Time cost: 00:08/00:31 [10:12/03:12]  Acc_iter 37100       Data time: 0.00(0.00)  Forward time: 0.12(0.12)  Batch time: 0.12(0.12)
2026-02-26 17:21:47,599   INFO  Train:  116/120 ( 97%) [ 119/322 ( 37%)]  Loss: 0.1786 (0.150)  LR: 3.054e-05  Time cost: 00:14/00:25 [10:18/03:05]  Acc_iter 37150       Data time: 0.00(0.00)  Forward time: 0.12(0.12)  Batch time: 0.12(0.12)
2026-02-26 17:21:53,790   INFO  Train:  116/120 ( 97%) [ 169/322 ( 52%)]  Loss: 0.1695 (0.149)  LR: 2.854e-05  Time cost: 00:21/00:19 [10:24/02:59]  Acc_iter 37200       Data time: 0.00(0.00)  Forward time: 0.12(0.12)  Batch time: 0.12(0.12)
2026-02-26 17:21:53,792   INFO  
2026-02-26 17:22:00,003   INFO  Train:  116/120 ( 97%) [ 219/322 ( 68%)]  Loss: 0.1441 (0.149)  LR: 2.660e-05  Time cost: 00:27/00:12 [10:31/02:52]  Acc_iter 37250       Data time: 0.00(0.00)  Forward time: 0.13(0.12)  Batch time: 0.13(0.12)
2026-02-26 17:22:06,190   INFO  Train:  116/120 ( 97%) [ 269/322 ( 84%)]  Loss: 0.1143 (0.149)  LR: 2.473e-05  Time cost: 00:33/00:06 [10:37/02:46]  Acc_iter 37300       Data time: 0.00(0.00)  Forward time: 0.12(0.12)  Batch time: 0.12(0.12)
2026-02-26 17:22:12,384   INFO  Train:  116/120 ( 97%) [ 319/322 ( 99%)]  Loss: 0.1605 (0.149)  LR: 2.292e-05  Time cost: 00:39/00:00 [10:43/02:40]  Acc_iter 37350       Data time: 0.00(0.00)  Forward time: 0.12(0.12)  Batch time: 0.13(0.12)
2026-02-26 17:22:12,385   INFO  
2026-02-26 17:22:12,534   INFO  Train:  116/120 ( 97%) [ 321/322 (100%)]  Loss: 0.2000 (0.149)  LR: 2.285e-05  Time cost: 00:39/00:00 [10:43/02:39]  Acc_iter 37352       Data time: 0.00(0.00)  Forward time: 0.02(0.12)  Batch time: 0.02(0.12)
2026-02-26 17:22:12,796   INFO  Train:  117/120 ( 98%) [   0/322 (  0%)]  Loss: 0.1158 (0.116)  LR: 2.282e-05  Time cost: 00:00/00:48 [10:43/03:14]  Acc_iter 37353       Data time: 0.02(0.02)  Forward time: 0.13(0.13)  Batch time: 0.15(0.15)
2026-02-26 17:22:18,615   INFO  Train:  117/120 ( 98%) [  47/322 ( 15%)]  Loss: 0.1407 (0.156)  LR: 2.119e-05  Time cost: 00:05/00:34 [10:49/02:34]  Acc_iter 37400       Data time: 0.00(0.00)  Forward time: 0.12(0.12)  Batch time: 0.12(0.12)
2026-02-26 17:22:24,830   INFO  Train:  117/120 ( 98%) [  97/322 ( 30%)]  Loss: 0.1512 (0.152)  LR: 1.952e-05  Time cost: 00:12/00:27 [10:55/02:28]  Acc_iter 37450       Data time: 0.00(0.00)  Forward time: 0.12(0.12)  Batch time: 0.12(0.12)
2026-02-26 17:22:31,029   INFO  Train:  117/120 ( 98%) [ 147/322 ( 46%)]  Loss: 0.1430 (0.153)  LR: 1.792e-05  Time cost: 00:18/00:21 [11:02/02:21]  Acc_iter 37500       Data time: 0.00(0.00)  Forward time: 0.12(0.12)  Batch time: 0.12(0.12)
2026-02-26 17:22:31,031   INFO  
2026-02-26 17:22:37,322   INFO  Train:  117/120 ( 98%) [ 197/322 ( 61%)]  Loss: 0.1372 (0.150)  LR: 1.639e-05  Time cost: 00:24/00:15 [11:08/02:15]  Acc_iter 37550       Data time: 0.00(0.00)  Forward time: 0.13(0.12)  Batch time: 0.13(0.12)
2026-02-26 17:22:43,678   INFO  Train:  117/120 ( 98%) [ 247/322 ( 77%)]  Loss: 0.09954 (0.150)  LR: 1.493e-05  Time cost: 00:31/00:09 [11:14/02:10]  Acc_iter 37600       Data time: 0.00(0.00)  Forward time: 0.12(0.12)  Batch time: 0.12(0.13)
2026-02-26 17:22:49,983   INFO  Train:  117/120 ( 98%) [ 297/322 ( 92%)]  Loss: 0.1379 (0.150)  LR: 1.353e-05  Time cost: 00:37/00:03 [11:21/02:04]  Acc_iter 37650       Data time: 0.00(0.00)  Forward time: 0.14(0.12)  Batch time: 0.14(0.13)
2026-02-26 17:22:49,984   INFO  
2026-02-26 17:22:52,947   INFO  Train:  117/120 ( 98%) [ 321/322 (100%)]  Loss: 0.2003 (0.150)  LR: 1.289e-05  Time cost: 00:40/00:00 [11:23/02:01]  Acc_iter 37674       Data time: 0.00(0.00)  Forward time: 0.02(0.12)  Batch time: 0.02(0.13)
2026-02-26 17:22:53,211   INFO  Train:  118/120 ( 98%) [   0/322 (  0%)]  Loss: 0.1381 (0.138)  LR: 1.286e-05  Time cost: 00:00/00:49 [11:24/02:28]  Acc_iter 37675       Data time: 0.02(0.02)  Forward time: 0.13(0.13)  Batch time: 0.15(0.15)
2026-02-26 17:22:56,404   INFO  Train:  118/120 ( 98%) [  25/322 (  8%)]  Loss: 0.1531 (0.146)  LR: 1.221e-05  Time cost: 00:03/00:38 [11:27/02:01]  Acc_iter 37700       Data time: 0.00(0.00)  Forward time: 0.12(0.13)  Batch time: 0.12(0.13)
2026-02-26 17:23:02,734   INFO  Train:  118/120 ( 98%) [  75/322 ( 23%)]  Loss: 0.1495 (0.153)  LR: 1.095e-05  Time cost: 00:09/00:31 [11:33/01:53]  Acc_iter 37750       Data time: 0.00(0.00)  Forward time: 0.13(0.13)  Batch time: 0.13(0.13)
2026-02-26 17:23:09,146   INFO  Train:  118/120 ( 98%) [ 125/322 ( 39%)]  Loss: 0.1456 (0.150)  LR: 9.760e-06  Time cost: 00:16/00:25 [11:40/01:47]  Acc_iter 37800       Data time: 0.00(0.00)  Forward time: 0.12(0.13)  Batch time: 0.12(0.13)
2026-02-26 17:23:09,147   INFO  
2026-02-26 17:23:15,348   INFO  Train:  118/120 ( 98%) [ 175/322 ( 54%)]  Loss: 0.1522 (0.149)  LR: 8.638e-06  Time cost: 00:22/00:18 [11:46/01:40]  Acc_iter 37850       Data time: 0.00(0.00)  Forward time: 0.12(0.13)  Batch time: 0.12(0.13)
2026-02-26 17:23:21,525   INFO  Train:  118/120 ( 98%) [ 225/322 ( 70%)]  Loss: 0.1285 (0.149)  LR: 7.585e-06  Time cost: 00:28/00:12 [11:52/01:33]  Acc_iter 37900       Data time: 0.00(0.00)  Forward time: 0.12(0.13)  Batch time: 0.12(0.13)
2026-02-26 17:23:27,743   INFO  Train:  118/120 ( 98%) [ 275/322 ( 85%)]  Loss: 0.2196 (0.150)  LR: 6.601e-06  Time cost: 00:34/00:05 [11:58/01:26]  Acc_iter 37950       Data time: 0.00(0.00)  Forward time: 0.13(0.12)  Batch time: 0.13(0.13)
2026-02-26 17:23:27,745   INFO  
2026-02-26 17:23:33,340   INFO  Train:  118/120 ( 98%) [ 321/322 (100%)]  Loss: 0.2353 (0.150)  LR: 5.756e-06  Time cost: 00:40/00:00 [12:04/01:20]  Acc_iter 37996       Data time: 0.00(0.00)  Forward time: 0.02(0.12)  Batch time: 0.02(0.13)
2026-02-26 17:23:33,609   INFO  Train:  119/120 ( 99%) [   0/322 (  0%)]  Loss: 0.1519 (0.152)  LR: 5.738e-06  Time cost: 00:00/00:50 [12:04/01:41]  Acc_iter 37997       Data time: 0.03(0.03)  Forward time: 0.13(0.13)  Batch time: 0.16(0.16)
2026-02-26 17:23:33,977   INFO  Train:  119/120 ( 99%) [   3/322 (  1%)]  Loss: 0.1996 (0.165)  LR: 5.685e-06  Time cost: 00:00/00:41 [12:05/01:24]  Acc_iter 38000       Data time: 0.00(0.01)  Forward time: 0.13(0.12)  Batch time: 0.13(0.13)
2026-02-26 17:23:40,177   INFO  Train:  119/120 ( 99%) [  53/322 ( 16%)]  Loss: 0.1318 (0.146)  LR: 4.838e-06  Time cost: 00:06/00:33 [12:11/01:13]  Acc_iter 38050       Data time: 0.00(0.00)  Forward time: 0.12(0.12)  Batch time: 0.12(0.12)
2026-02-26 17:23:46,400   INFO  Train:  119/120 ( 99%) [ 103/322 ( 32%)]  Loss: 0.1393 (0.146)  LR: 4.059e-06  Time cost: 00:12/00:27 [12:17/01:07]  Acc_iter 38100       Data time: 0.00(0.00)  Forward time: 0.13(0.12)  Batch time: 0.13(0.12)
2026-02-26 17:23:46,401   INFO  
2026-02-26 17:23:52,609   INFO  Train:  119/120 ( 99%) [ 153/322 ( 48%)]  Loss: 0.2048 (0.147)  LR: 3.349e-06  Time cost: 00:19/00:21 [12:23/01:01]  Acc_iter 38150       Data time: 0.00(0.00)  Forward time: 0.12(0.12)  Batch time: 0.13(0.12)
2026-02-26 17:23:58,839   INFO  Train:  119/120 ( 99%) [ 203/322 ( 63%)]  Loss: 0.1326 (0.147)  LR: 2.707e-06  Time cost: 00:25/00:14 [12:29/00:54]  Acc_iter 38200       Data time: 0.00(0.00)  Forward time: 0.12(0.12)  Batch time: 0.12(0.12)
2026-02-26 17:24:05,033   INFO  Train:  119/120 ( 99%) [ 253/322 ( 79%)]  Loss: 0.1251 (0.148)  LR: 2.135e-06  Time cost: 00:31/00:08 [12:36/00:48]  Acc_iter 38250       Data time: 0.00(0.00)  Forward time: 0.12(0.12)  Batch time: 0.12(0.12)
2026-02-26 17:24:05,034   INFO  
2026-02-26 17:24:11,249   INFO  Train:  119/120 ( 99%) [ 303/322 ( 94%)]  Loss: 0.1649 (0.148)  LR: 1.631e-06  Time cost: 00:37/00:02 [12:42/00:42]  Acc_iter 38300       Data time: 0.00(0.00)  Forward time: 0.12(0.12)  Batch time: 0.12(0.12)
2026-02-26 17:24:13,370   INFO  Train:  119/120 ( 99%) [ 321/322 (100%)]  Loss: 0.1823 (0.148)  LR: 1.467e-06  Time cost: 00:39/00:00 [12:44/00:40]  Acc_iter 38318       Data time: 0.00(0.00)  Forward time: 0.02(0.12)  Batch time: 0.02(0.12)
2026-02-26 17:24:13,647   INFO  Train:  120/120 (100%) [   0/322 (  0%)]  Loss: 0.2234 (0.223)  LR: 1.458e-06  Time cost: 00:00/00:53 [12:44/00:53]  Acc_iter 38319       Data time: 0.04(0.04)  Forward time: 0.13(0.13)  Batch time: 0.17(0.17)
2026-02-26 17:24:17,483   INFO  Train:  120/120 (100%) [  31/322 ( 10%)]  Loss: 0.1640 (0.145)  LR: 1.196e-06  Time cost: 00:04/00:36 [12:48/00:36]  Acc_iter 38350       Data time: 0.00(0.00)  Forward time: 0.12(0.12)  Batch time: 0.13(0.13)
2026-02-26 17:24:23,663   INFO  Train:  120/120 (100%) [  81/322 ( 25%)]  Loss: 0.1840 (0.153)  LR: 8.298e-07  Time cost: 00:10/00:29 [12:54/00:29]  Acc_iter 38400       Data time: 0.00(0.00)  Forward time: 0.13(0.12)  Batch time: 0.13(0.12)
2026-02-26 17:24:23,664   INFO  
2026-02-26 17:24:29,865   INFO  Train:  120/120 (100%) [ 131/322 ( 41%)]  Loss: 0.1354 (0.149)  LR: 5.324e-07  Time cost: 00:16/00:23 [13:00/00:23]  Acc_iter 38450       Data time: 0.00(0.00)  Forward time: 0.12(0.12)  Batch time: 0.12(0.12)
2026-02-26 17:24:36,049   INFO  Train:  120/120 (100%) [ 181/322 ( 56%)]  Loss: 0.1733 (0.149)  LR: 3.038e-07  Time cost: 00:22/00:17 [13:07/00:17]  Acc_iter 38500       Data time: 0.00(0.00)  Forward time: 0.12(0.12)  Batch time: 0.12(0.12)
2026-02-26 17:24:42,250   INFO  Train:  120/120 (100%) [ 231/322 ( 72%)]  Loss: 0.1689 (0.149)  LR: 1.440e-07  Time cost: 00:28/00:11 [13:13/00:11]  Acc_iter 38550       Data time: 0.00(0.00)  Forward time: 0.12(0.12)  Batch time: 0.12(0.12)
2026-02-26 17:24:42,252   INFO  
2026-02-26 17:24:48,484   INFO  Train:  120/120 (100%) [ 281/322 ( 87%)]  Loss: 0.1052 (0.148)  LR: 5.315e-08  Time cost: 00:35/00:05 [13:19/00:05]  Acc_iter 38600       Data time: 0.00(0.00)  Forward time: 0.12(0.12)  Batch time: 0.12(0.12)
2026-02-26 17:24:53,335   INFO  Train:  120/120 (100%) [ 321/322 (100%)]  Loss: 0.1932 (0.149)  LR: 3.001e-08  Time cost: 00:39/00:00 [13:24/00:00]  Acc_iter 38640       Data time: 0.00(0.00)  Forward time: 0.02(0.12)  Batch time: 0.02(0.12)
2026-02-26 17:24:53,400   INFO  **********************End training kitti_models/PP_radar(default)**********************



2026-02-26 17:24:53,400   INFO  **********************Start evaluation kitti_models/PP_radar(default)**********************
2026-02-26 17:24:53,400   INFO  Loading KITTI dataset
2026-02-26 17:24:53,417   INFO  Total samples for KITTI dataset: 1296
2026-02-26 17:24:53,418   INFO  ==> Loading parameters from checkpoint /media/franco/hdd/matteogombia/OpenPCDet/output/kitti_models/PP_radar/default/ckpt/checkpoint_epoch_120.pth to GPU
2026-02-26 17:24:53,438   INFO  ==> Checkpoint trained from version: pcdet+0.6.0+233f849
2026-02-26 17:24:53,440   INFO  ==> Done (loaded 127/127)
2026-02-26 17:24:53,440   INFO  *************** EPOCH 120 EVALUATION *****************
2026-02-26 17:24:56,958   INFO  *************** Performance of EPOCH 120 *****************
2026-02-26 17:24:56,958   INFO  Generate label finished(sec_per_example: 0.0027 second).
2026-02-26 17:24:56,958   INFO  recall_roi_0.3: 0.000000
2026-02-26 17:24:56,958   INFO  recall_rcnn_0.3: 0.440152
2026-02-26 17:24:56,958   INFO  recall_roi_0.5: 0.000000
2026-02-26 17:24:56,958   INFO  recall_rcnn_0.5: 0.294279
2026-02-26 17:24:56,958   INFO  recall_roi_0.7: 0.000000
2026-02-26 17:24:56,958   INFO  recall_rcnn_0.7: 0.096475
2026-02-26 17:24:56,959   INFO  Average predicted number of objects(1296 samples): 6.262
2026-02-26 17:25:03,771   INFO  Car AP@0.70, 0.70, 0.70:
bbox AP:28.6389, 36.7117, 31.0267
bev  AP:37.5966, 45.6594, 38.5751
3d   AP:15.1700, 18.7429, 16.8901
aos  AP:25.93, 34.76, 29.44
Car AP_R40@0.70, 0.70, 0.70:
bbox AP:25.6446, 33.8414, 27.8153
bev  AP:35.3998, 42.6808, 35.9345
3d   AP:8.5551, 13.3733, 11.2081
aos  AP:22.50, 31.69, 26.02
Car AP@0.70, 0.50, 0.50:
bbox AP:28.6389, 36.7117, 31.0267
bev  AP:51.5228, 56.9451, 49.3414
3d   AP:37.5953, 45.6757, 38.3735
aos  AP:25.93, 34.76, 29.44
Car AP_R40@0.70, 0.50, 0.50:
bbox AP:25.6446, 33.8414, 27.8153
bev  AP:49.6790, 56.3082, 47.4932
3d   AP:35.4549, 42.6530, 35.8741
aos  AP:22.50, 31.69, 26.02
Pedestrian AP@0.50, 0.50, 0.50:
bbox AP:29.6623, 27.4274, 22.9965
bev  AP:26.9430, 21.7287, 20.8830
3d   AP:15.6422, 13.5669, 13.2032
aos  AP:28.62, 26.36, 22.23
Pedestrian AP_R40@0.50, 0.50, 0.50:
bbox AP:27.6253, 22.5728, 20.3282
bev  AP:23.2911, 18.5023, 15.4051
3d   AP:9.8500, 8.1324, 6.9954
aos  AP:26.16, 21.35, 19.20
Pedestrian AP@0.50, 0.25, 0.25:
bbox AP:29.6623, 27.4274, 22.9965
bev  AP:47.5755, 40.1939, 33.8724
3d   AP:39.5335, 32.2297, 30.5671
aos  AP:28.62, 26.36, 22.23
Pedestrian AP_R40@0.50, 0.25, 0.25:
bbox AP:27.6253, 22.5728, 20.3282
bev  AP:44.5143, 37.5241, 33.0342
3d   AP:37.3517, 29.5891, 26.8563
aos  AP:26.16, 21.35, 19.20
Cyclist AP@0.50, 0.50, 0.50:
bbox AP:67.1745, 60.1227, 53.4140
bev  AP:60.6036, 53.8338, 52.1893
3d   AP:30.7306, 27.8746, 26.1769
aos  AP:67.00, 59.94, 53.27
Cyclist AP_R40@0.50, 0.50, 0.50:
bbox AP:66.3318, 58.6534, 52.3591
bev  AP:60.2655, 54.6921, 50.1859
3d   AP:28.8155, 26.3862, 23.5650
aos  AP:66.16, 58.49, 52.21
Cyclist AP@0.50, 0.25, 0.25:
bbox AP:67.1745, 60.1227, 53.4140
bev  AP:83.2868, 75.7256, 67.9279
3d   AP:75.8340, 73.4290, 65.4539
aos  AP:67.00, 59.94, 53.27
Cyclist AP_R40@0.50, 0.25, 0.25:
bbox AP:66.3318, 58.6534, 52.3591
bev  AP:83.1628, 76.0948, 68.9988
3d   AP:79.2026, 71.9900, 65.1082
aos  AP:66.16, 58.49, 52.21

2026-02-26 17:25:03,771   INFO  Result is saved to /media/franco/hdd/matteogombia/OpenPCDet/output/kitti_models/PP_radar/default/eval/eval_with_train/epoch_120/val
2026-02-26 17:25:03,771   INFO  ****************Evaluation done.*****************
2026-02-26 17:25:03,776   INFO  Epoch 120 has been evaluated
2026-02-26 17:25:33,777   INFO  **********************End evaluation kitti_models/PP_radar(default)**********************
