2026-02-26 17:25:49,806   INFO  **********************Start logging**********************
2026-02-26 17:25:49,806   INFO  CUDA_VISIBLE_DEVICES=ALL
2026-02-26 17:25:49,806   INFO  Training with a single process
2026-02-26 17:25:49,806   INFO  cfg_file         cfgs/kitti_models/PP_radar.yaml
2026-02-26 17:25:49,806   INFO  batch_size       16
2026-02-26 17:25:49,806   INFO  epochs           140
2026-02-26 17:25:49,807   INFO  workers          4
2026-02-26 17:25:49,807   INFO  extra_tag        default
2026-02-26 17:25:49,807   INFO  ckpt             ../output/kitti_models/PP_radar/default/ckpt/checkpoint_epoch_120.pth
2026-02-26 17:25:49,807   INFO  pretrained_model None
2026-02-26 17:25:49,807   INFO  launcher         none
2026-02-26 17:25:49,807   INFO  tcp_port         18888
2026-02-26 17:25:49,807   INFO  sync_bn          False
2026-02-26 17:25:49,807   INFO  fix_random_seed  False
2026-02-26 17:25:49,807   INFO  ckpt_save_interval 1
2026-02-26 17:25:49,807   INFO  local_rank       None
2026-02-26 17:25:49,807   INFO  max_ckpt_save_num 30
2026-02-26 17:25:49,807   INFO  merge_all_iters_to_one_epoch False
2026-02-26 17:25:49,807   INFO  set_cfgs         None
2026-02-26 17:25:49,807   INFO  max_waiting_mins 0
2026-02-26 17:25:49,807   INFO  start_epoch      0
2026-02-26 17:25:49,807   INFO  num_epochs_to_eval 0
2026-02-26 17:25:49,807   INFO  save_to_file     False
2026-02-26 17:25:49,807   INFO  use_tqdm_to_record False
2026-02-26 17:25:49,807   INFO  logger_iter_interval 50
2026-02-26 17:25:49,807   INFO  ckpt_save_time_interval 300
2026-02-26 17:25:49,807   INFO  wo_gpu_stat      False
2026-02-26 17:25:49,807   INFO  use_amp          False
2026-02-26 17:25:49,807   INFO  cfg.ROOT_DIR: /media/franco/hdd/matteogombia/OpenPCDet
2026-02-26 17:25:49,807   INFO  cfg.LOCAL_RANK: 0
2026-02-26 17:25:49,807   INFO  cfg.CLASS_NAMES: ['Car', 'Pedestrian', 'Cyclist']
2026-02-26 17:25:49,807   INFO  ----------- DATA_CONFIG -----------
2026-02-26 17:25:49,807   INFO  cfg.DATA_CONFIG.DATASET: KittiDataset
2026-02-26 17:25:49,807   INFO  cfg.DATA_CONFIG.DATA_PATH: /media/franco/hdd/matteogombia/OpenPCDet/data/kitti/
2026-02-26 17:25:49,807   INFO  cfg.DATA_CONFIG.POINT_CLOUD_RANGE: [0, -25.6, -3, 51.2, 25.6, 2]
2026-02-26 17:25:49,807   INFO  ----------- DATA_SPLIT -----------
2026-02-26 17:25:49,807   INFO  cfg.DATA_CONFIG.DATA_SPLIT.train: train
2026-02-26 17:25:49,807   INFO  cfg.DATA_CONFIG.DATA_SPLIT.test: val
2026-02-26 17:25:49,807   INFO  ----------- INFO_PATH -----------
2026-02-26 17:25:49,807   INFO  cfg.DATA_CONFIG.INFO_PATH.train: ['kitti_infos_train.pkl']
2026-02-26 17:25:49,807   INFO  cfg.DATA_CONFIG.INFO_PATH.test: ['kitti_infos_val.pkl']
2026-02-26 17:25:49,807   INFO  cfg.DATA_CONFIG.FOV_POINTS_ONLY: True
2026-02-26 17:25:49,807   INFO  ----------- DATA_AUGMENTOR -----------
2026-02-26 17:25:49,807   INFO  cfg.DATA_CONFIG.DATA_AUGMENTOR.DISABLE_AUG_LIST: ['random_world_rotation', 'gt_sampling']
2026-02-26 17:25:49,807   INFO  cfg.DATA_CONFIG.DATA_AUGMENTOR.AUG_CONFIG_LIST: [{'NAME': 'random_world_flip', 'ALONG_AXIS_LIST': ['x']}, {'NAME': 'random_world_scaling', 'WORLD_SCALE_RANGE': [0.95, 1.05]}]
2026-02-26 17:25:49,807   INFO  ----------- POINT_FEATURE_ENCODING -----------
2026-02-26 17:25:49,807   INFO  cfg.DATA_CONFIG.POINT_FEATURE_ENCODING.encoding_type: absolute_coordinates_encoding
2026-02-26 17:25:49,807   INFO  cfg.DATA_CONFIG.POINT_FEATURE_ENCODING.used_feature_list: ['x', 'y', 'z', 'rcs', 'v_r', 'v_r_comp', 'time']
2026-02-26 17:25:49,807   INFO  cfg.DATA_CONFIG.POINT_FEATURE_ENCODING.src_feature_list: ['x', 'y', 'z', 'rcs', 'v_r', 'v_r_comp', 'time']
2026-02-26 17:25:49,807   INFO  cfg.DATA_CONFIG.DATA_PROCESSOR: [{'NAME': 'mask_points_and_boxes_outside_range', 'REMOVE_OUTSIDE_BOXES': True}, {'NAME': 'shuffle_points', 'SHUFFLE_ENABLED': {'train': True, 'test': False}}, {'NAME': 'transform_points_to_voxels', 'VOXEL_SIZE': [0.16, 0.16, 5], 'MAX_POINTS_PER_VOXEL': 10, 'MAX_NUMBER_OF_VOXELS': {'train': 16000, 'test': 40000}}]
2026-02-26 17:25:49,807   INFO  cfg.DATA_CONFIG._BASE_CONFIG_: cfgs/dataset_configs/radar_5frames_as_kitti_dataset.yaml
2026-02-26 17:25:49,807   INFO  ----------- MODEL -----------
2026-02-26 17:25:49,807   INFO  cfg.MODEL.NAME: PointPillar
2026-02-26 17:25:49,807   INFO  ----------- VFE -----------
2026-02-26 17:25:49,807   INFO  cfg.MODEL.VFE.NAME: Radar7PillarVFE
2026-02-26 17:25:49,807   INFO  cfg.MODEL.VFE.USE_XYZ: True
2026-02-26 17:25:49,807   INFO  cfg.MODEL.VFE.USE_RCS: True
2026-02-26 17:25:49,808   INFO  cfg.MODEL.VFE.USE_VR: True
2026-02-26 17:25:49,808   INFO  cfg.MODEL.VFE.USE_VR_COMP: True
2026-02-26 17:25:49,808   INFO  cfg.MODEL.VFE.USE_TIME: True
2026-02-26 17:25:49,808   INFO  cfg.MODEL.VFE.USE_NORM: True
2026-02-26 17:25:49,808   INFO  cfg.MODEL.VFE.USE_ELEVATION: True
2026-02-26 17:25:49,808   INFO  cfg.MODEL.VFE.USE_DISTANCE: False
2026-02-26 17:25:49,808   INFO  cfg.MODEL.VFE.NUM_FILTERS: [64]
2026-02-26 17:25:49,808   INFO  ----------- MAP_TO_BEV -----------
2026-02-26 17:25:49,808   INFO  cfg.MODEL.MAP_TO_BEV.NAME: PointPillarScatter
2026-02-26 17:25:49,808   INFO  cfg.MODEL.MAP_TO_BEV.NUM_BEV_FEATURES: 64
2026-02-26 17:25:49,808   INFO  ----------- BACKBONE_2D -----------
2026-02-26 17:25:49,808   INFO  cfg.MODEL.BACKBONE_2D.NAME: BaseBEVBackbone
2026-02-26 17:25:49,808   INFO  cfg.MODEL.BACKBONE_2D.LAYER_NUMS: [3, 5, 5]
2026-02-26 17:25:49,808   INFO  cfg.MODEL.BACKBONE_2D.LAYER_STRIDES: [2, 2, 2]
2026-02-26 17:25:49,808   INFO  cfg.MODEL.BACKBONE_2D.NUM_FILTERS: [64, 128, 256]
2026-02-26 17:25:49,808   INFO  cfg.MODEL.BACKBONE_2D.UPSAMPLE_STRIDES: [1, 2, 4]
2026-02-26 17:25:49,808   INFO  cfg.MODEL.BACKBONE_2D.NUM_UPSAMPLE_FILTERS: [128, 128, 128]
2026-02-26 17:25:49,808   INFO  ----------- DENSE_HEAD -----------
2026-02-26 17:25:49,808   INFO  cfg.MODEL.DENSE_HEAD.NAME: AnchorHeadSingle
2026-02-26 17:25:49,808   INFO  cfg.MODEL.DENSE_HEAD.CLASS_AGNOSTIC: False
2026-02-26 17:25:49,808   INFO  cfg.MODEL.DENSE_HEAD.USE_DIRECTION_CLASSIFIER: True
2026-02-26 17:25:49,808   INFO  cfg.MODEL.DENSE_HEAD.DIR_OFFSET: 0.78539
2026-02-26 17:25:49,808   INFO  cfg.MODEL.DENSE_HEAD.DIR_LIMIT_OFFSET: 0.0
2026-02-26 17:25:49,808   INFO  cfg.MODEL.DENSE_HEAD.NUM_DIR_BINS: 2
2026-02-26 17:25:49,808   INFO  cfg.MODEL.DENSE_HEAD.ANCHOR_GENERATOR_CONFIG: [{'class_name': 'Car', 'anchor_sizes': [[3.9, 1.6, 1.56]], 'anchor_rotations': [0, 1.57], 'anchor_bottom_heights': [-1.78], 'align_center': False, 'feature_map_stride': 2, 'matched_threshold': 0.6, 'unmatched_threshold': 0.45}, {'class_name': 'Pedestrian', 'anchor_sizes': [[0.8, 0.6, 1.73]], 'anchor_rotations': [0, 1.57], 'anchor_bottom_heights': [-0.6], 'align_center': False, 'feature_map_stride': 2, 'matched_threshold': 0.5, 'unmatched_threshold': 0.35}, {'class_name': 'Cyclist', 'anchor_sizes': [[1.76, 0.6, 1.73]], 'anchor_rotations': [0, 1.57], 'anchor_bottom_heights': [-0.6], 'align_center': False, 'feature_map_stride': 2, 'matched_threshold': 0.5, 'unmatched_threshold': 0.35}]
2026-02-26 17:25:49,808   INFO  ----------- TARGET_ASSIGNER_CONFIG -----------
2026-02-26 17:25:49,808   INFO  cfg.MODEL.DENSE_HEAD.TARGET_ASSIGNER_CONFIG.NAME: AxisAlignedTargetAssigner
2026-02-26 17:25:49,808   INFO  cfg.MODEL.DENSE_HEAD.TARGET_ASSIGNER_CONFIG.POS_FRACTION: -1.0
2026-02-26 17:25:49,808   INFO  cfg.MODEL.DENSE_HEAD.TARGET_ASSIGNER_CONFIG.SAMPLE_SIZE: 512
2026-02-26 17:25:49,808   INFO  cfg.MODEL.DENSE_HEAD.TARGET_ASSIGNER_CONFIG.NORM_BY_NUM_EXAMPLES: False
2026-02-26 17:25:49,808   INFO  cfg.MODEL.DENSE_HEAD.TARGET_ASSIGNER_CONFIG.MATCH_HEIGHT: False
2026-02-26 17:25:49,808   INFO  cfg.MODEL.DENSE_HEAD.TARGET_ASSIGNER_CONFIG.BOX_CODER: ResidualCoder
2026-02-26 17:25:49,808   INFO  ----------- LOSS_CONFIG -----------
2026-02-26 17:25:49,808   INFO  ----------- LOSS_WEIGHTS -----------
2026-02-26 17:25:49,808   INFO  cfg.MODEL.DENSE_HEAD.LOSS_CONFIG.LOSS_WEIGHTS.cls_weight: 1.0
2026-02-26 17:25:49,808   INFO  cfg.MODEL.DENSE_HEAD.LOSS_CONFIG.LOSS_WEIGHTS.loc_weight: 2.0
2026-02-26 17:25:49,808   INFO  cfg.MODEL.DENSE_HEAD.LOSS_CONFIG.LOSS_WEIGHTS.dir_weight: 0.2
2026-02-26 17:25:49,808   INFO  cfg.MODEL.DENSE_HEAD.LOSS_CONFIG.LOSS_WEIGHTS.code_weights: [1.0, 1.0, 1.0, 1.0, 1.0, 1.0, 1.0]
2026-02-26 17:25:49,808   INFO  ----------- POST_PROCESSING -----------
2026-02-26 17:25:49,808   INFO  cfg.MODEL.POST_PROCESSING.RECALL_THRESH_LIST: [0.3, 0.5, 0.7]
2026-02-26 17:25:49,808   INFO  cfg.MODEL.POST_PROCESSING.SCORE_THRESH: 0.1
2026-02-26 17:25:49,808   INFO  cfg.MODEL.POST_PROCESSING.OUTPUT_RAW_SCORE: False
2026-02-26 17:25:49,808   INFO  cfg.MODEL.POST_PROCESSING.EVAL_METRIC: kitti
2026-02-26 17:25:49,808   INFO  ----------- NMS_CONFIG -----------
2026-02-26 17:25:49,808   INFO  cfg.MODEL.POST_PROCESSING.NMS_CONFIG.MULTI_CLASSES_NMS: False
2026-02-26 17:25:49,808   INFO  cfg.MODEL.POST_PROCESSING.NMS_CONFIG.NMS_TYPE: nms_gpu
2026-02-26 17:25:49,808   INFO  cfg.MODEL.POST_PROCESSING.NMS_CONFIG.NMS_THRESH: 0.01
2026-02-26 17:25:49,808   INFO  cfg.MODEL.POST_PROCESSING.NMS_CONFIG.NMS_PRE_MAXSIZE: 4096
2026-02-26 17:25:49,808   INFO  cfg.MODEL.POST_PROCESSING.NMS_CONFIG.NMS_POST_MAXSIZE: 500
2026-02-26 17:25:49,808   INFO  ----------- OPTIMIZATION -----------
2026-02-26 17:25:49,808   INFO  cfg.OPTIMIZATION.BATCH_SIZE_PER_GPU: 16
2026-02-26 17:25:49,808   INFO  cfg.OPTIMIZATION.NUM_EPOCHS: 140
2026-02-26 17:25:49,808   INFO  cfg.OPTIMIZATION.OPTIMIZER: adam_onecycle
2026-02-26 17:25:49,808   INFO  cfg.OPTIMIZATION.LR: 0.003
2026-02-26 17:25:49,808   INFO  cfg.OPTIMIZATION.WEIGHT_DECAY: 0.01
2026-02-26 17:25:49,808   INFO  cfg.OPTIMIZATION.MOMENTUM: 0.9
2026-02-26 17:25:49,808   INFO  cfg.OPTIMIZATION.MOMS: [0.95, 0.85]
2026-02-26 17:25:49,809   INFO  cfg.OPTIMIZATION.PCT_START: 0.4
2026-02-26 17:25:49,809   INFO  cfg.OPTIMIZATION.DIV_FACTOR: 10
2026-02-26 17:25:49,809   INFO  cfg.OPTIMIZATION.DECAY_STEP_LIST: [35, 45]
2026-02-26 17:25:49,809   INFO  cfg.OPTIMIZATION.LR_DECAY: 0.1
2026-02-26 17:25:49,809   INFO  cfg.OPTIMIZATION.LR_CLIP: 1e-07
2026-02-26 17:25:49,809   INFO  cfg.OPTIMIZATION.LR_WARMUP: False
2026-02-26 17:25:49,809   INFO  cfg.OPTIMIZATION.WARMUP_EPOCH: 1
2026-02-26 17:25:49,809   INFO  cfg.OPTIMIZATION.GRAD_NORM_CLIP: 10
2026-02-26 17:25:49,809   INFO  cfg.TAG: PP_radar
2026-02-26 17:25:49,809   INFO  cfg.EXP_GROUP_PATH: kitti_models
2026-02-26 17:25:49,812   INFO  ----------- Create dataloader & network & optimizer -----------
2026-02-26 17:25:49,813   INFO  Loading KITTI dataset
2026-02-26 17:25:49,896   INFO  Total samples for KITTI dataset: 5139
2026-02-26 17:25:50,041   INFO  ==> Loading parameters from checkpoint ../output/kitti_models/PP_radar/default/ckpt/checkpoint_epoch_120.pth to GPU
2026-02-26 17:25:50,067   INFO  ==> Loading optimizer parameters from checkpoint ../output/kitti_models/PP_radar/default/ckpt/checkpoint_epoch_120.pth to GPU
2026-02-26 17:25:50,067   INFO  ==> Done
2026-02-26 17:25:50,067   INFO  ----------- Model PointPillar created, param count: 4835080 -----------
2026-02-26 17:25:50,067   INFO  PointPillar(
  (vfe): Radar7PillarVFE(
    (pfn_layers): ModuleList(
      (0): PFNLayer(
        (linear): Linear(in_features=13, out_features=64, bias=False)
        (norm): BatchNorm1d(64, eps=0.001, momentum=0.01, affine=True, track_running_stats=True)
      )
    )
  )
  (backbone_3d): None
  (map_to_bev_module): PointPillarScatter()
  (pfe): None
  (backbone_2d): BaseBEVBackbone(
    (blocks): ModuleList(
      (0): Sequential(
        (0): ZeroPad2d((1, 1, 1, 1))
        (1): Conv2d(64, 64, kernel_size=(3, 3), stride=(2, 2), bias=False)
        (2): BatchNorm2d(64, eps=0.001, momentum=0.01, affine=True, track_running_stats=True)
        (3): ReLU()
        (4): Conv2d(64, 64, kernel_size=(3, 3), stride=(1, 1), padding=(1, 1), bias=False)
        (5): BatchNorm2d(64, eps=0.001, momentum=0.01, affine=True, track_running_stats=True)
        (6): ReLU()
        (7): Conv2d(64, 64, kernel_size=(3, 3), stride=(1, 1), padding=(1, 1), bias=False)
        (8): BatchNorm2d(64, eps=0.001, momentum=0.01, affine=True, track_running_stats=True)
        (9): ReLU()
        (10): Conv2d(64, 64, kernel_size=(3, 3), stride=(1, 1), padding=(1, 1), bias=False)
        (11): BatchNorm2d(64, eps=0.001, momentum=0.01, affine=True, track_running_stats=True)
        (12): ReLU()
      )
      (1): Sequential(
        (0): ZeroPad2d((1, 1, 1, 1))
        (1): Conv2d(64, 128, kernel_size=(3, 3), stride=(2, 2), bias=False)
        (2): BatchNorm2d(128, eps=0.001, momentum=0.01, affine=True, track_running_stats=True)
        (3): ReLU()
        (4): Conv2d(128, 128, kernel_size=(3, 3), stride=(1, 1), padding=(1, 1), bias=False)
        (5): BatchNorm2d(128, eps=0.001, momentum=0.01, affine=True, track_running_stats=True)
        (6): ReLU()
        (7): Conv2d(128, 128, kernel_size=(3, 3), stride=(1, 1), padding=(1, 1), bias=False)
        (8): BatchNorm2d(128, eps=0.001, momentum=0.01, affine=True, track_running_stats=True)
        (9): ReLU()
        (10): Conv2d(128, 128, kernel_size=(3, 3), stride=(1, 1), padding=(1, 1), bias=False)
        (11): BatchNorm2d(128, eps=0.001, momentum=0.01, affine=True, track_running_stats=True)
        (12): ReLU()
        (13): Conv2d(128, 128, kernel_size=(3, 3), stride=(1, 1), padding=(1, 1), bias=False)
        (14): BatchNorm2d(128, eps=0.001, momentum=0.01, affine=True, track_running_stats=True)
        (15): ReLU()
        (16): Conv2d(128, 128, kernel_size=(3, 3), stride=(1, 1), padding=(1, 1), bias=False)
        (17): BatchNorm2d(128, eps=0.001, momentum=0.01, affine=True, track_running_stats=True)
        (18): ReLU()
      )
      (2): Sequential(
        (0): ZeroPad2d((1, 1, 1, 1))
        (1): Conv2d(128, 256, kernel_size=(3, 3), stride=(2, 2), bias=False)
        (2): BatchNorm2d(256, eps=0.001, momentum=0.01, affine=True, track_running_stats=True)
        (3): ReLU()
        (4): Conv2d(256, 256, kernel_size=(3, 3), stride=(1, 1), padding=(1, 1), bias=False)
        (5): BatchNorm2d(256, eps=0.001, momentum=0.01, affine=True, track_running_stats=True)
        (6): ReLU()
        (7): Conv2d(256, 256, kernel_size=(3, 3), stride=(1, 1), padding=(1, 1), bias=False)
        (8): BatchNorm2d(256, eps=0.001, momentum=0.01, affine=True, track_running_stats=True)
        (9): ReLU()
        (10): Conv2d(256, 256, kernel_size=(3, 3), stride=(1, 1), padding=(1, 1), bias=False)
        (11): BatchNorm2d(256, eps=0.001, momentum=0.01, affine=True, track_running_stats=True)
        (12): ReLU()
        (13): Conv2d(256, 256, kernel_size=(3, 3), stride=(1, 1), padding=(1, 1), bias=False)
        (14): BatchNorm2d(256, eps=0.001, momentum=0.01, affine=True, track_running_stats=True)
        (15): ReLU()
        (16): Conv2d(256, 256, kernel_size=(3, 3), stride=(1, 1), padding=(1, 1), bias=False)
        (17): BatchNorm2d(256, eps=0.001, momentum=0.01, affine=True, track_running_stats=True)
        (18): ReLU()
      )
    )
    (deblocks): ModuleList(
      (0): Sequential(
        (0): ConvTranspose2d(64, 128, kernel_size=(1, 1), stride=(1, 1), bias=False)
        (1): BatchNorm2d(128, eps=0.001, momentum=0.01, affine=True, track_running_stats=True)
        (2): ReLU()
      )
      (1): Sequential(
        (0): ConvTranspose2d(128, 128, kernel_size=(2, 2), stride=(2, 2), bias=False)
        (1): BatchNorm2d(128, eps=0.001, momentum=0.01, affine=True, track_running_stats=True)
        (2): ReLU()
      )
      (2): Sequential(
        (0): ConvTranspose2d(256, 128, kernel_size=(4, 4), stride=(4, 4), bias=False)
        (1): BatchNorm2d(128, eps=0.001, momentum=0.01, affine=True, track_running_stats=True)
        (2): ReLU()
      )
    )
  )
  (dense_head): AnchorHeadSingle(
    (cls_loss_func): SigmoidFocalClassificationLoss()
    (reg_loss_func): WeightedSmoothL1Loss()
    (dir_loss_func): WeightedCrossEntropyLoss()
    (conv_cls): Conv2d(384, 18, kernel_size=(1, 1), stride=(1, 1))
    (conv_box): Conv2d(384, 42, kernel_size=(1, 1), stride=(1, 1))
    (conv_dir_cls): Conv2d(384, 12, kernel_size=(1, 1), stride=(1, 1))
  )
  (point_head): None
  (roi_head): None
)
2026-02-26 17:25:50,068   INFO  **********************Start training kitti_models/PP_radar(default)**********************
2026-02-26 17:25:50,659   INFO  Train:  121/140 ( 86%) [   0/322 (  0%)]  Loss: 0.1514 (0.151)  LR: 4.004e-04  Time cost: 00:00/02:36 [00:00/52:13]  Acc_iter 38641       Data time: 0.03(0.03)  Forward time: 0.46(0.46)  Batch time: 0.49(0.49)
2026-02-26 17:25:51,789   INFO  Train:  121/140 ( 86%) [   9/322 (  3%)]  Loss: 0.1129 (0.142)  LR: 3.994e-04  Time cost: 00:01/00:50 [00:01/17:19]  Acc_iter 38650       Data time: 0.00(0.00)  Forward time: 0.12(0.16)  Batch time: 0.12(0.16)
2026-02-26 17:25:58,059   INFO  Train:  121/140 ( 86%) [  59/322 ( 18%)]  Loss: 0.1263 (0.149)  LR: 3.935e-04  Time cost: 00:07/00:34 [00:07/13:58]  Acc_iter 38700       Data time: 0.00(0.00)  Forward time: 0.12(0.13)  Batch time: 0.12(0.13)
2026-02-26 17:25:58,060   INFO  
2026-02-26 17:26:04,272   INFO  Train:  121/140 ( 86%) [ 109/322 ( 34%)]  Loss: 0.1466 (0.155)  LR: 3.876e-04  Time cost: 00:14/00:27 [00:14/13:31]  Acc_iter 38750       Data time: 0.00(0.00)  Forward time: 0.12(0.13)  Batch time: 0.12(0.13)
2026-02-26 17:26:10,475   INFO  Train:  121/140 ( 86%) [ 159/322 ( 49%)]  Loss: 0.1464 (0.157)  LR: 3.818e-04  Time cost: 00:20/00:20 [00:20/13:16]  Acc_iter 38800       Data time: 0.00(0.00)  Forward time: 0.12(0.13)  Batch time: 0.12(0.13)
2026-02-26 17:26:16,671   INFO  Train:  121/140 ( 86%) [ 209/322 ( 65%)]  Loss: 0.1586 (0.158)  LR: 3.760e-04  Time cost: 00:26/00:14 [00:26/13:06]  Acc_iter 38850       Data time: 0.00(0.00)  Forward time: 0.12(0.13)  Batch time: 0.12(0.13)
2026-02-26 17:26:16,672   INFO  
2026-02-26 17:26:22,856   INFO  Train:  121/140 ( 86%) [ 259/322 ( 80%)]  Loss: 0.1820 (0.160)  LR: 3.703e-04  Time cost: 00:32/00:07 [00:32/12:56]  Acc_iter 38900       Data time: 0.00(0.00)  Forward time: 0.12(0.13)  Batch time: 0.12(0.13)
2026-02-26 17:26:29,027   INFO  Train:  121/140 ( 86%) [ 309/322 ( 96%)]  Loss: 0.1231 (0.159)  LR: 3.645e-04  Time cost: 00:38/00:01 [00:38/12:48]  Acc_iter 38950       Data time: 0.00(0.00)  Forward time: 0.12(0.12)  Batch time: 0.12(0.13)
2026-02-26 17:26:30,408   INFO  Train:  121/140 ( 86%) [ 321/322 (100%)]  Loss: 0.1499 (0.159)  LR: 3.632e-04  Time cost: 00:40/00:00 [00:40/12:44]  Acc_iter 38962       Data time: 0.00(0.00)  Forward time: 0.03(0.12)  Batch time: 0.03(0.12)
2026-02-26 17:26:30,693   INFO  Train:  122/140 ( 87%) [   0/322 (  0%)]  Loss: 0.1490 (0.149)  LR: 3.631e-04  Time cost: 00:00/00:48 [00:40/15:30]  Acc_iter 38963       Data time: 0.02(0.02)  Forward time: 0.13(0.13)  Batch time: 0.15(0.15)
2026-02-26 17:26:35,286   INFO  Train:  122/140 ( 87%) [  37/322 ( 11%)]  Loss: 0.1933 (0.161)  LR: 3.589e-04  Time cost: 00:04/00:35 [00:45/12:39]  Acc_iter 39000       Data time: 0.00(0.00)  Forward time: 0.12(0.12)  Batch time: 0.13(0.12)
2026-02-26 17:26:35,287   INFO  
2026-02-26 17:26:41,482   INFO  Train:  122/140 ( 87%) [  87/322 ( 27%)]  Loss: 0.1216 (0.160)  LR: 3.532e-04  Time cost: 00:10/00:29 [00:51/12:29]  Acc_iter 39050       Data time: 0.00(0.00)  Forward time: 0.12(0.12)  Batch time: 0.12(0.12)
2026-02-26 17:26:47,759   INFO  Train:  122/140 ( 87%) [ 137/322 ( 43%)]  Loss: 0.1146 (0.157)  LR: 3.476e-04  Time cost: 00:17/00:23 [00:57/12:26]  Acc_iter 39100       Data time: 0.00(0.00)  Forward time: 0.12(0.12)  Batch time: 0.12(0.12)
2026-02-26 17:26:54,004   INFO  Train:  122/140 ( 87%) [ 187/322 ( 58%)]  Loss: 0.1419 (0.158)  LR: 3.421e-04  Time cost: 00:23/00:16 [01:03/12:20]  Acc_iter 39150       Data time: 0.00(0.00)  Forward time: 0.13(0.12)  Batch time: 0.13(0.12)
2026-02-26 17:26:54,005   INFO  
2026-02-26 17:27:00,251   INFO  Train:  122/140 ( 87%) [ 237/322 ( 74%)]  Loss: 0.1600 (0.160)  LR: 3.366e-04  Time cost: 00:29/00:10 [01:10/12:14]  Acc_iter 39200       Data time: 0.00(0.00)  Forward time: 0.13(0.12)  Batch time: 0.13(0.12)
2026-02-26 17:27:06,439   INFO  Train:  122/140 ( 87%) [ 287/322 ( 89%)]  Loss: 0.1639 (0.159)  LR: 3.311e-04  Time cost: 00:35/00:04 [01:16/12:06]  Acc_iter 39250       Data time: 0.00(0.00)  Forward time: 0.12(0.12)  Batch time: 0.12(0.12)
2026-02-26 17:27:10,542   INFO  Train:  122/140 ( 87%) [ 321/322 (100%)]  Loss: 0.1607 (0.159)  LR: 3.274e-04  Time cost: 00:40/00:00 [01:20/12:00]  Acc_iter 39284       Data time: 0.00(0.00)  Forward time: 0.02(0.12)  Batch time: 0.02(0.12)
2026-02-26 17:27:10,850   INFO  Train:  123/140 ( 88%) [   0/322 (  0%)]  Loss: 0.2028 (0.203)  LR: 3.273e-04  Time cost: 00:00/00:51 [01:20/15:26]  Acc_iter 39285       Data time: 0.03(0.03)  Forward time: 0.13(0.13)  Batch time: 0.16(0.16)
2026-02-26 17:27:12,720   INFO  Train:  123/140 ( 88%) [  15/322 (  5%)]  Loss: 0.1379 (0.169)  LR: 3.257e-04  Time cost: 00:02/00:38 [01:22/12:13]  Acc_iter 39300       Data time: 0.00(0.00)  Forward time: 0.12(0.12)  Batch time: 0.12(0.13)
2026-02-26 17:27:12,721   INFO  
2026-02-26 17:27:18,906   INFO  Train:  123/140 ( 88%) [  65/322 ( 20%)]  Loss: 0.1436 (0.155)  LR: 3.203e-04  Time cost: 00:08/00:31 [01:28/11:53]  Acc_iter 39350       Data time: 0.00(0.00)  Forward time: 0.12(0.12)  Batch time: 0.12(0.12)
2026-02-26 17:27:25,094   INFO  Train:  123/140 ( 88%) [ 115/322 ( 36%)]  Loss: 0.1577 (0.154)  LR: 3.149e-04  Time cost: 00:14/00:25 [01:35/11:45]  Acc_iter 39400       Data time: 0.00(0.00)  Forward time: 0.12(0.12)  Batch time: 0.12(0.12)
2026-02-26 17:27:31,277   INFO  Train:  123/140 ( 88%) [ 165/322 ( 51%)]  Loss: 0.1596 (0.157)  LR: 3.096e-04  Time cost: 00:20/00:19 [01:41/11:38]  Acc_iter 39450       Data time: 0.00(0.00)  Forward time: 0.12(0.12)  Batch time: 0.13(0.12)
2026-02-26 17:27:31,279   INFO  
2026-02-26 17:27:37,480   INFO  Train:  123/140 ( 88%) [ 215/322 ( 67%)]  Loss: 0.1879 (0.157)  LR: 3.043e-04  Time cost: 00:26/00:13 [01:47/11:32]  Acc_iter 39500       Data time: 0.00(0.00)  Forward time: 0.13(0.12)  Batch time: 0.13(0.12)
2026-02-26 17:27:43,689   INFO  Train:  123/140 ( 88%) [ 265/322 ( 82%)]  Loss: 0.1243 (0.157)  LR: 2.991e-04  Time cost: 00:32/00:07 [01:53/11:26]  Acc_iter 39550       Data time: 0.00(0.00)  Forward time: 0.12(0.12)  Batch time: 0.12(0.12)
2026-02-26 17:27:49,884   INFO  Train:  123/140 ( 88%) [ 315/322 ( 98%)]  Loss: 0.1350 (0.158)  LR: 2.939e-04  Time cost: 00:39/00:00 [01:59/11:19]  Acc_iter 39600       Data time: 0.00(0.00)  Forward time: 0.12(0.12)  Batch time: 0.12(0.12)
2026-02-26 17:27:49,886   INFO  
2026-02-26 17:27:50,530   INFO  Train:  123/140 ( 88%) [ 321/322 (100%)]  Loss: 0.1270 (0.158)  LR: 2.932e-04  Time cost: 00:39/00:00 [02:00/11:17]  Acc_iter 39606       Data time: 0.00(0.00)  Forward time: 0.02(0.12)  Batch time: 0.03(0.12)
2026-02-26 17:27:50,836   INFO  Train:  124/140 ( 89%) [   0/322 (  0%)]  Loss: 0.1864 (0.186)  LR: 2.931e-04  Time cost: 00:00/00:51 [02:00/14:41]  Acc_iter 39607       Data time: 0.03(0.03)  Forward time: 0.13(0.13)  Batch time: 0.16(0.16)
2026-02-26 17:27:56,137   INFO  Train:  124/140 ( 89%) [  43/322 ( 13%)]  Loss: 0.1169 (0.156)  LR: 2.887e-04  Time cost: 00:05/00:34 [02:06/11:14]  Acc_iter 39650       Data time: 0.00(0.00)  Forward time: 0.12(0.12)  Batch time: 0.12(0.12)
2026-02-26 17:28:02,324   INFO  Train:  124/140 ( 89%) [  93/322 ( 29%)]  Loss: 0.1343 (0.152)  LR: 2.836e-04  Time cost: 00:11/00:28 [02:12/11:06]  Acc_iter 39700       Data time: 0.00(0.00)  Forward time: 0.12(0.12)  Batch time: 0.12(0.12)
2026-02-26 17:28:08,530   INFO  Train:  124/140 ( 89%) [ 143/322 ( 44%)]  Loss: 0.1751 (0.154)  LR: 2.785e-04  Time cost: 00:17/00:22 [02:18/11:00]  Acc_iter 39750       Data time: 0.00(0.00)  Forward time: 0.12(0.12)  Batch time: 0.12(0.12)
2026-02-26 17:28:08,531   INFO  
2026-02-26 17:28:14,742   INFO  Train:  124/140 ( 89%) [ 193/322 ( 60%)]  Loss: 0.1558 (0.157)  LR: 2.735e-04  Time cost: 00:24/00:16 [02:24/10:55]  Acc_iter 39800       Data time: 0.00(0.00)  Forward time: 0.12(0.12)  Batch time: 0.12(0.12)
2026-02-26 17:28:20,974   INFO  Train:  124/140 ( 89%) [ 243/322 ( 75%)]  Loss: 0.1362 (0.156)  LR: 2.685e-04  Time cost: 00:30/00:09 [02:30/10:49]  Acc_iter 39850       Data time: 0.00(0.00)  Forward time: 0.13(0.12)  Batch time: 0.13(0.12)
2026-02-26 17:28:27,157   INFO  Train:  124/140 ( 89%) [ 293/322 ( 91%)]  Loss: 0.2576 (0.156)  LR: 2.635e-04  Time cost: 00:36/00:03 [02:37/10:42]  Acc_iter 39900       Data time: 0.00(0.00)  Forward time: 0.12(0.12)  Batch time: 0.12(0.12)
2026-02-26 17:28:27,159   INFO  
2026-02-26 17:28:30,524   INFO  Train:  124/140 ( 89%) [ 321/322 (100%)]  Loss: 0.1190 (0.156)  LR: 2.608e-04  Time cost: 00:39/00:00 [02:40/10:37]  Acc_iter 39928       Data time: 0.00(0.00)  Forward time: 0.02(0.12)  Batch time: 0.02(0.12)
2026-02-26 17:28:30,828   INFO  Train:  125/140 ( 89%) [   0/322 (  0%)]  Loss: 0.2347 (0.235)  LR: 2.607e-04  Time cost: 00:00/00:50 [02:40/13:31]  Acc_iter 39929       Data time: 0.03(0.03)  Forward time: 0.13(0.13)  Batch time: 0.16(0.16)
2026-02-26 17:28:33,437   INFO  Train:  125/140 ( 89%) [  21/322 (  7%)]  Loss: 0.1391 (0.157)  LR: 2.586e-04  Time cost: 00:02/00:37 [02:43/10:45]  Acc_iter 39950       Data time: 0.00(0.00)  Forward time: 0.13(0.12)  Batch time: 0.13(0.13)
2026-02-26 17:28:39,773   INFO  Train:  125/140 ( 89%) [  71/322 ( 22%)]  Loss: 0.1663 (0.153)  LR: 2.537e-04  Time cost: 00:09/00:31 [02:49/10:42]  Acc_iter 40000       Data time: 0.00(0.00)  Forward time: 0.13(0.13)  Batch time: 0.14(0.13)
2026-02-26 17:28:46,172   INFO  Train:  125/140 ( 89%) [ 121/322 ( 38%)]  Loss: 0.1569 (0.155)  LR: 2.489e-04  Time cost: 00:15/00:25 [02:56/10:39]  Acc_iter 40050       Data time: 0.00(0.00)  Forward time: 0.12(0.13)  Batch time: 0.12(0.13)
2026-02-26 17:28:46,173   INFO  
2026-02-26 17:28:52,553   INFO  Train:  125/140 ( 89%) [ 171/322 ( 53%)]  Loss: 0.1582 (0.156)  LR: 2.441e-04  Time cost: 00:21/00:19 [03:02/10:33]  Acc_iter 40100       Data time: 0.00(0.00)  Forward time: 0.13(0.13)  Batch time: 0.13(0.13)
2026-02-26 17:28:58,861   INFO  Train:  125/140 ( 89%) [ 221/322 ( 69%)]  Loss: 0.1718 (0.156)  LR: 2.394e-04  Time cost: 00:28/00:12 [03:08/10:26]  Acc_iter 40150       Data time: 0.00(0.00)  Forward time: 0.13(0.13)  Batch time: 0.13(0.13)
2026-02-26 17:29:05,128   INFO  Train:  125/140 ( 89%) [ 271/322 ( 84%)]  Loss: 0.1709 (0.156)  LR: 2.347e-04  Time cost: 00:34/00:06 [03:15/10:18]  Acc_iter 40200       Data time: 0.00(0.00)  Forward time: 0.13(0.13)  Batch time: 0.13(0.13)
2026-02-26 17:29:05,130   INFO  
2026-02-26 17:29:11,211   INFO  Train:  125/140 ( 89%) [ 321/322 (100%)]  Loss: 0.1067 (0.155)  LR: 2.300e-04  Time cost: 00:40/00:00 [03:21/10:08]  Acc_iter 40250       Data time: 0.00(0.00)  Forward time: 0.02(0.13)  Batch time: 0.03(0.13)
2026-02-26 17:29:11,520   INFO  Train:  126/140 ( 90%) [   0/322 (  0%)]  Loss: 0.1205 (0.121)  LR: 2.299e-04  Time cost: 00:00/00:52 [03:21/13:01]  Acc_iter 40251       Data time: 0.03(0.03)  Forward time: 0.13(0.13)  Batch time: 0.16(0.16)
2026-02-26 17:29:17,616   INFO  Train:  126/140 ( 90%) [  49/322 ( 15%)]  Loss: 0.1627 (0.143)  LR: 2.254e-04  Time cost: 00:06/00:34 [03:27/09:58]  Acc_iter 40300       Data time: 0.00(0.00)  Forward time: 0.12(0.12)  Batch time: 0.12(0.13)
2026-02-26 17:29:23,816   INFO  Train:  126/140 ( 90%) [  99/322 ( 31%)]  Loss: 0.1529 (0.147)  LR: 2.208e-04  Time cost: 00:12/00:27 [03:33/09:49]  Acc_iter 40350       Data time: 0.00(0.00)  Forward time: 0.12(0.12)  Batch time: 0.12(0.12)
2026-02-26 17:29:23,818   INFO  
2026-02-26 17:29:30,015   INFO  Train:  126/140 ( 90%) [ 149/322 ( 46%)]  Loss: 0.1724 (0.151)  LR: 2.163e-04  Time cost: 00:18/00:21 [03:39/09:42]  Acc_iter 40400       Data time: 0.00(0.00)  Forward time: 0.12(0.12)  Batch time: 0.12(0.12)
2026-02-26 17:29:36,201   INFO  Train:  126/140 ( 90%) [ 199/322 ( 62%)]  Loss: 0.1042 (0.152)  LR: 2.118e-04  Time cost: 00:24/00:15 [03:46/09:35]  Acc_iter 40450       Data time: 0.00(0.00)  Forward time: 0.12(0.12)  Batch time: 0.12(0.12)
2026-02-26 17:29:42,398   INFO  Train:  126/140 ( 90%) [ 249/322 ( 77%)]  Loss: 0.1861 (0.154)  LR: 2.074e-04  Time cost: 00:31/00:09 [03:52/09:28]  Acc_iter 40500       Data time: 0.00(0.00)  Forward time: 0.12(0.12)  Batch time: 0.13(0.12)
2026-02-26 17:29:42,399   INFO  
2026-02-26 17:29:48,598   INFO  Train:  126/140 ( 90%) [ 299/322 ( 93%)]  Loss: 0.1276 (0.154)  LR: 2.030e-04  Time cost: 00:37/00:02 [03:58/09:22]  Acc_iter 40550       Data time: 0.00(0.00)  Forward time: 0.12(0.12)  Batch time: 0.12(0.12)
2026-02-26 17:29:51,204   INFO  Train:  126/140 ( 90%) [ 321/322 (100%)]  Loss: 0.2190 (0.154)  LR: 2.011e-04  Time cost: 00:39/00:00 [04:01/09:17]  Acc_iter 40572       Data time: 0.00(0.00)  Forward time: 0.02(0.12)  Batch time: 0.02(0.12)
2026-02-26 17:29:51,516   INFO  Train:  127/140 ( 91%) [   0/322 (  0%)]  Loss: 0.1493 (0.149)  LR: 2.010e-04  Time cost: 00:00/00:54 [04:01/12:44]  Acc_iter 40573       Data time: 0.03(0.03)  Forward time: 0.14(0.14)  Batch time: 0.17(0.17)
2026-02-26 17:29:54,849   INFO  Train:  127/140 ( 91%) [  27/322 (  8%)]  Loss: 0.1309 (0.154)  LR: 1.986e-04  Time cost: 00:03/00:36 [04:04/09:20]  Acc_iter 40600       Data time: 0.00(0.00)  Forward time: 0.12(0.12)  Batch time: 0.13(0.13)
2026-02-26 17:30:01,050   INFO  Train:  127/140 ( 91%) [  77/322 ( 24%)]  Loss: 0.1658 (0.153)  LR: 1.943e-04  Time cost: 00:09/00:30 [04:10/09:11]  Acc_iter 40650       Data time: 0.00(0.00)  Forward time: 0.12(0.12)  Batch time: 0.12(0.12)
2026-02-26 17:30:01,052   INFO  
2026-02-26 17:30:07,239   INFO  Train:  127/140 ( 91%) [ 127/322 ( 39%)]  Loss: 0.1325 (0.151)  LR: 1.901e-04  Time cost: 00:15/00:24 [04:17/09:03]  Acc_iter 40700       Data time: 0.00(0.00)  Forward time: 0.12(0.12)  Batch time: 0.12(0.12)
2026-02-26 17:30:13,455   INFO  Train:  127/140 ( 91%) [ 177/322 ( 55%)]  Loss: 0.1577 (0.150)  LR: 1.858e-04  Time cost: 00:22/00:18 [04:23/08:57]  Acc_iter 40750       Data time: 0.00(0.00)  Forward time: 0.12(0.12)  Batch time: 0.13(0.12)
2026-02-26 17:30:19,662   INFO  Train:  127/140 ( 91%) [ 227/322 ( 70%)]  Loss: 0.1473 (0.151)  LR: 1.817e-04  Time cost: 00:28/00:11 [04:29/08:51]  Acc_iter 40800       Data time: 0.00(0.00)  Forward time: 0.13(0.12)  Batch time: 0.13(0.12)
2026-02-26 17:30:19,663   INFO  
2026-02-26 17:30:25,866   INFO  Train:  127/140 ( 91%) [ 277/322 ( 86%)]  Loss: 0.1202 (0.151)  LR: 1.775e-04  Time cost: 00:34/00:05 [04:35/08:45]  Acc_iter 40850       Data time: 0.00(0.00)  Forward time: 0.12(0.12)  Batch time: 0.12(0.12)
2026-02-26 17:30:31,209   INFO  Train:  127/140 ( 91%) [ 321/322 (100%)]  Loss: 0.1825 (0.151)  LR: 1.739e-04  Time cost: 00:39/00:00 [04:41/08:38]  Acc_iter 40894       Data time: 0.00(0.00)  Forward time: 0.03(0.12)  Batch time: 0.03(0.12)
2026-02-26 17:30:31,522   INFO  Train:  128/140 ( 91%) [   0/322 (  0%)]  Loss: 0.1878 (0.188)  LR: 1.739e-04  Time cost: 00:00/00:54 [04:41/11:46]  Acc_iter 40895       Data time: 0.04(0.04)  Forward time: 0.13(0.13)  Batch time: 0.17(0.17)
2026-02-26 17:30:32,142   INFO  Train:  128/140 ( 91%) [   5/322 (  2%)]  Loss: 0.1192 (0.158)  LR: 1.734e-04  Time cost: 00:00/00:41 [04:42/09:09]  Acc_iter 40900       Data time: 0.00(0.01)  Forward time: 0.12(0.12)  Batch time: 0.12(0.13)
2026-02-26 17:30:38,345   INFO  Train:  128/140 ( 91%) [  55/322 ( 17%)]  Loss: 0.1728 (0.148)  LR: 1.694e-04  Time cost: 00:06/00:33 [04:48/08:35]  Acc_iter 40950       Data time: 0.00(0.00)  Forward time: 0.12(0.12)  Batch time: 0.12(0.12)
2026-02-26 17:30:38,347   INFO  
2026-02-26 17:30:44,532   INFO  Train:  128/140 ( 91%) [ 105/322 ( 33%)]  Loss: 0.1592 (0.144)  LR: 1.654e-04  Time cost: 00:13/00:26 [04:54/08:27]  Acc_iter 41000       Data time: 0.00(0.00)  Forward time: 0.12(0.12)  Batch time: 0.13(0.12)
2026-02-26 17:30:50,705   INFO  Train:  128/140 ( 91%) [ 155/322 ( 48%)]  Loss: 0.1351 (0.148)  LR: 1.615e-04  Time cost: 00:19/00:20 [05:00/08:20]  Acc_iter 41050       Data time: 0.00(0.00)  Forward time: 0.12(0.12)  Batch time: 0.12(0.12)
2026-02-26 17:30:56,896   INFO  Train:  128/140 ( 91%) [ 205/322 ( 64%)]  Loss: 0.1483 (0.148)  LR: 1.575e-04  Time cost: 00:25/00:14 [05:06/08:13]  Acc_iter 41100       Data time: 0.00(0.00)  Forward time: 0.12(0.12)  Batch time: 0.12(0.12)
2026-02-26 17:30:56,897   INFO  
2026-02-26 17:31:03,091   INFO  Train:  128/140 ( 91%) [ 255/322 ( 79%)]  Loss: 0.1394 (0.149)  LR: 1.537e-04  Time cost: 00:31/00:08 [05:13/08:07]  Acc_iter 41150       Data time: 0.00(0.00)  Forward time: 0.12(0.12)  Batch time: 0.12(0.12)
2026-02-26 17:31:09,295   INFO  Train:  128/140 ( 91%) [ 305/322 ( 95%)]  Loss: 0.1679 (0.148)  LR: 1.499e-04  Time cost: 00:37/00:02 [05:19/08:01]  Acc_iter 41200       Data time: 0.00(0.00)  Forward time: 0.12(0.12)  Batch time: 0.12(0.12)
2026-02-26 17:31:11,158   INFO  Train:  128/140 ( 91%) [ 321/322 (100%)]  Loss: 0.1672 (0.148)  LR: 1.487e-04  Time cost: 00:39/00:00 [05:21/07:57]  Acc_iter 41216       Data time: 0.00(0.00)  Forward time: 0.02(0.12)  Batch time: 0.02(0.12)
2026-02-26 17:31:11,459   INFO  Train:  129/140 ( 92%) [   0/322 (  0%)]  Loss: 0.1284 (0.128)  LR: 1.486e-04  Time cost: 00:00/00:50 [05:21/10:00]  Acc_iter 41217       Data time: 0.03(0.03)  Forward time: 0.13(0.13)  Batch time: 0.16(0.16)
2026-02-26 17:31:15,545   INFO  Train:  129/140 ( 92%) [  33/322 ( 10%)]  Loss: 0.1308 (0.149)  LR: 1.461e-04  Time cost: 00:04/00:36 [05:25/07:57]  Acc_iter 41250       Data time: 0.00(0.00)  Forward time: 0.12(0.12)  Batch time: 0.12(0.12)
2026-02-26 17:31:15,546   INFO  
2026-02-26 17:31:21,734   INFO  Train:  129/140 ( 92%) [  83/322 ( 26%)]  Loss: 0.1363 (0.149)  LR: 1.424e-04  Time cost: 00:10/00:29 [05:31/07:49]  Acc_iter 41300       Data time: 0.00(0.00)  Forward time: 0.12(0.12)  Batch time: 0.12(0.12)
2026-02-26 17:31:27,944   INFO  Train:  129/140 ( 92%) [ 133/322 ( 41%)]  Loss: 0.1453 (0.147)  LR: 1.387e-04  Time cost: 00:16/00:23 [05:37/07:43]  Acc_iter 41350       Data time: 0.00(0.00)  Forward time: 0.13(0.12)  Batch time: 0.13(0.12)
2026-02-26 17:31:34,125   INFO  Train:  129/140 ( 92%) [ 183/322 ( 57%)]  Loss: 0.1818 (0.148)  LR: 1.350e-04  Time cost: 00:22/00:17 [05:44/07:36]  Acc_iter 41400       Data time: 0.00(0.00)  Forward time: 0.13(0.12)  Batch time: 0.13(0.12)
2026-02-26 17:31:34,126   INFO  
2026-02-26 17:31:40,315   INFO  Train:  129/140 ( 92%) [ 233/322 ( 72%)]  Loss: 0.1297 (0.148)  LR: 1.315e-04  Time cost: 00:29/00:11 [05:50/07:30]  Acc_iter 41450       Data time: 0.00(0.00)  Forward time: 0.12(0.12)  Batch time: 0.12(0.12)
2026-02-26 17:31:46,520   INFO  Train:  129/140 ( 92%) [ 283/322 ( 88%)]  Loss: 0.1806 (0.148)  LR: 1.279e-04  Time cost: 00:35/00:04 [05:56/07:24]  Acc_iter 41500       Data time: 0.00(0.00)  Forward time: 0.13(0.12)  Batch time: 0.13(0.12)
2026-02-26 17:31:51,203   INFO  Train:  129/140 ( 92%) [ 321/322 (100%)]  Loss: 0.2601 (0.148)  LR: 1.253e-04  Time cost: 00:39/00:00 [06:01/07:19]  Acc_iter 41538       Data time: 0.00(0.00)  Forward time: 0.02(0.12)  Batch time: 0.02(0.12)
2026-02-26 17:31:51,514   INFO  Train:  130/140 ( 93%) [   0/322 (  0%)]  Loss: 0.2120 (0.212)  LR: 1.252e-04  Time cost: 00:00/00:51 [06:01/09:28]  Acc_iter 41539       Data time: 0.02(0.02)  Forward time: 0.14(0.14)  Batch time: 0.16(0.16)
2026-02-26 17:31:52,882   INFO  Train:  130/140 ( 93%) [  11/322 (  3%)]  Loss: 0.1727 (0.171)  LR: 1.244e-04  Time cost: 00:01/00:39 [06:02/07:29]  Acc_iter 41550       Data time: 0.00(0.00)  Forward time: 0.13(0.12)  Batch time: 0.13(0.13)
2026-02-26 17:31:52,884   INFO  
2026-02-26 17:31:59,083   INFO  Train:  130/140 ( 93%) [  61/322 ( 19%)]  Loss: 0.1470 (0.150)  LR: 1.210e-04  Time cost: 00:07/00:32 [06:09/07:14]  Acc_iter 41600       Data time: 0.00(0.00)  Forward time: 0.12(0.12)  Batch time: 0.12(0.12)
2026-02-26 17:32:05,431   INFO  Train:  130/140 ( 93%) [ 111/322 ( 34%)]  Loss: 0.1502 (0.149)  LR: 1.176e-04  Time cost: 00:14/00:26 [06:15/07:11]  Acc_iter 41650       Data time: 0.00(0.00)  Forward time: 0.13(0.12)  Batch time: 0.13(0.13)
2026-02-26 17:32:11,945   INFO  Train:  130/140 ( 93%) [ 161/322 ( 50%)]  Loss: 0.1466 (0.148)  LR: 1.142e-04  Time cost: 00:20/00:20 [06:21/07:09]  Acc_iter 41700       Data time: 0.00(0.00)  Forward time: 0.12(0.13)  Batch time: 0.12(0.13)
2026-02-26 17:32:11,946   INFO  
2026-02-26 17:32:18,151   INFO  Train:  130/140 ( 93%) [ 211/322 ( 66%)]  Loss: 0.2021 (0.147)  LR: 1.109e-04  Time cost: 00:26/00:14 [06:28/07:01]  Acc_iter 41750       Data time: 0.00(0.00)  Forward time: 0.12(0.13)  Batch time: 0.12(0.13)
2026-02-26 17:32:24,356   INFO  Train:  130/140 ( 93%) [ 261/322 ( 81%)]  Loss: 0.1424 (0.147)  LR: 1.076e-04  Time cost: 00:33/00:07 [06:34/06:53]  Acc_iter 41800       Data time: 0.00(0.00)  Forward time: 0.13(0.13)  Batch time: 0.13(0.13)
2026-02-26 17:32:30,542   INFO  Train:  130/140 ( 93%) [ 311/322 ( 97%)]  Loss: 0.1394 (0.147)  LR: 1.044e-04  Time cost: 00:39/00:01 [06:40/06:45]  Acc_iter 41850       Data time: 0.00(0.00)  Forward time: 0.12(0.12)  Batch time: 0.12(0.13)
2026-02-26 17:32:30,543   INFO  
2026-02-26 17:32:31,668   INFO  Train:  130/140 ( 93%) [ 321/322 (100%)]  Loss: 0.1174 (0.146)  LR: 1.038e-04  Time cost: 00:40/00:00 [06:41/06:43]  Acc_iter 41860       Data time: 0.00(0.00)  Forward time: 0.02(0.12)  Batch time: 0.02(0.13)
2026-02-26 17:32:31,980   INFO  Train:  131/140 ( 94%) [   0/322 (  0%)]  Loss: 0.1213 (0.121)  LR: 1.037e-04  Time cost: 00:00/00:53 [06:41/08:55]  Acc_iter 41861       Data time: 0.03(0.03)  Forward time: 0.13(0.13)  Batch time: 0.17(0.17)
2026-02-26 17:32:36,840   INFO  Train:  131/140 ( 94%) [  39/322 ( 12%)]  Loss: 0.1585 (0.150)  LR: 1.013e-04  Time cost: 00:05/00:35 [06:46/06:39]  Acc_iter 41900       Data time: 0.00(0.00)  Forward time: 0.13(0.12)  Batch time: 0.13(0.13)
2026-02-26 17:32:43,042   INFO  Train:  131/140 ( 94%) [  89/322 ( 28%)]  Loss: 0.1169 (0.147)  LR: 9.813e-05  Time cost: 00:11/00:29 [06:52/06:30]  Acc_iter 41950       Data time: 0.00(0.00)  Forward time: 0.12(0.12)  Batch time: 0.12(0.12)
2026-02-26 17:32:49,251   INFO  Train:  131/140 ( 94%) [ 139/322 ( 43%)]  Loss: 0.1482 (0.147)  LR: 9.505e-05  Time cost: 00:17/00:22 [06:59/06:23]  Acc_iter 42000       Data time: 0.00(0.00)  Forward time: 0.12(0.12)  Batch time: 0.12(0.12)
2026-02-26 17:32:49,252   INFO  
2026-02-26 17:32:55,437   INFO  Train:  131/140 ( 94%) [ 189/322 ( 59%)]  Loss: 0.1513 (0.146)  LR: 9.203e-05  Time cost: 00:23/00:16 [07:05/06:16]  Acc_iter 42050       Data time: 0.00(0.00)  Forward time: 0.12(0.12)  Batch time: 0.13(0.12)
2026-02-26 17:33:01,623   INFO  Train:  131/140 ( 94%) [ 239/322 ( 74%)]  Loss: 0.1588 (0.145)  LR: 8.905e-05  Time cost: 00:29/00:10 [07:11/06:10]  Acc_iter 42100       Data time: 0.00(0.00)  Forward time: 0.12(0.12)  Batch time: 0.12(0.12)
2026-02-26 17:33:07,827   INFO  Train:  131/140 ( 94%) [ 289/322 ( 90%)]  Loss: 0.1596 (0.144)  LR: 8.611e-05  Time cost: 00:36/00:04 [07:17/06:03]  Acc_iter 42150       Data time: 0.00(0.00)  Forward time: 0.12(0.12)  Batch time: 0.12(0.12)
2026-02-26 17:33:07,829   INFO  
2026-02-26 17:33:11,678   INFO  Train:  131/140 ( 94%) [ 321/322 (100%)]  Loss: 0.1615 (0.144)  LR: 8.426e-05  Time cost: 00:39/00:00 [07:21/05:58]  Acc_iter 42182       Data time: 0.00(0.00)  Forward time: 0.02(0.12)  Batch time: 0.02(0.12)
2026-02-26 17:33:11,991   INFO  Train:  132/140 ( 94%) [   0/322 (  0%)]  Loss: 0.1377 (0.138)  LR: 8.420e-05  Time cost: 00:00/00:52 [07:21/07:56]  Acc_iter 42183       Data time: 0.03(0.03)  Forward time: 0.13(0.13)  Batch time: 0.16(0.16)
2026-02-26 17:33:14,098   INFO  Train:  132/140 ( 94%) [  17/322 (  5%)]  Loss: 0.1643 (0.136)  LR: 8.323e-05  Time cost: 00:02/00:38 [07:24/06:03]  Acc_iter 42200       Data time: 0.00(0.00)  Forward time: 0.12(0.12)  Batch time: 0.12(0.13)
2026-02-26 17:33:20,293   INFO  Train:  132/140 ( 94%) [  67/322 ( 21%)]  Loss: 0.1405 (0.146)  LR: 8.039e-05  Time cost: 00:08/00:31 [07:30/05:52]  Acc_iter 42250       Data time: 0.00(0.00)  Forward time: 0.12(0.12)  Batch time: 0.12(0.12)
2026-02-26 17:33:26,499   INFO  Train:  132/140 ( 94%) [ 117/322 ( 36%)]  Loss: 0.1321 (0.145)  LR: 7.760e-05  Time cost: 00:14/00:25 [07:36/05:45]  Acc_iter 42300       Data time: 0.00(0.00)  Forward time: 0.12(0.12)  Batch time: 0.12(0.12)
2026-02-26 17:33:26,500   INFO  
2026-02-26 17:33:32,696   INFO  Train:  132/140 ( 94%) [ 167/322 ( 52%)]  Loss: 0.1297 (0.146)  LR: 7.486e-05  Time cost: 00:20/00:19 [07:42/05:39]  Acc_iter 42350       Data time: 0.00(0.00)  Forward time: 0.12(0.12)  Batch time: 0.12(0.12)
2026-02-26 17:33:38,897   INFO  Train:  132/140 ( 94%) [ 217/322 ( 67%)]  Loss: 0.1365 (0.145)  LR: 7.217e-05  Time cost: 00:27/00:13 [07:48/05:32]  Acc_iter 42400       Data time: 0.00(0.00)  Forward time: 0.12(0.12)  Batch time: 0.12(0.12)
2026-02-26 17:33:45,130   INFO  Train:  132/140 ( 94%) [ 267/322 ( 83%)]  Loss: 0.1616 (0.145)  LR: 6.952e-05  Time cost: 00:33/00:06 [07:55/05:26]  Acc_iter 42450       Data time: 0.00(0.00)  Forward time: 0.12(0.12)  Batch time: 0.12(0.12)
2026-02-26 17:33:45,132   INFO  
2026-02-26 17:33:51,346   INFO  Train:  132/140 ( 94%) [ 317/322 ( 98%)]  Loss: 0.1288 (0.145)  LR: 6.693e-05  Time cost: 00:39/00:00 [08:01/05:20]  Acc_iter 42500       Data time: 0.00(0.00)  Forward time: 0.12(0.12)  Batch time: 0.12(0.12)
2026-02-26 17:33:51,738   INFO  Train:  132/140 ( 94%) [ 321/322 (100%)]  Loss: 0.1053 (0.145)  LR: 6.672e-05  Time cost: 00:39/00:00 [08:01/05:19]  Acc_iter 42504       Data time: 0.00(0.00)  Forward time: 0.02(0.12)  Batch time: 0.02(0.12)
2026-02-26 17:33:52,042   INFO  Train:  133/140 ( 95%) [   0/322 (  0%)]  Loss: 0.1455 (0.145)  LR: 6.667e-05  Time cost: 00:00/00:50 [08:01/06:44]  Acc_iter 42505       Data time: 0.03(0.03)  Forward time: 0.13(0.13)  Batch time: 0.16(0.16)
2026-02-26 17:33:57,622   INFO  Train:  133/140 ( 95%) [  45/322 ( 14%)]  Loss: 0.1257 (0.139)  LR: 6.438e-05  Time cost: 00:05/00:34 [08:07/05:15]  Acc_iter 42550       Data time: 0.00(0.00)  Forward time: 0.12(0.12)  Batch time: 0.12(0.12)
2026-02-26 17:34:03,823   INFO  Train:  133/140 ( 95%) [  95/322 ( 30%)]  Loss: 0.1110 (0.142)  LR: 6.188e-05  Time cost: 00:11/00:28 [08:13/05:08]  Acc_iter 42600       Data time: 0.00(0.00)  Forward time: 0.12(0.12)  Batch time: 0.12(0.12)
2026-02-26 17:34:03,824   INFO  
2026-02-26 17:34:10,027   INFO  Train:  133/140 ( 95%) [ 145/322 ( 45%)]  Loss: 0.1145 (0.141)  LR: 5.943e-05  Time cost: 00:18/00:21 [08:19/05:02]  Acc_iter 42650       Data time: 0.00(0.00)  Forward time: 0.12(0.12)  Batch time: 0.12(0.12)
2026-02-26 17:34:16,243   INFO  Train:  133/140 ( 95%) [ 195/322 ( 61%)]  Loss: 0.1490 (0.143)  LR: 5.702e-05  Time cost: 00:24/00:15 [08:26/04:55]  Acc_iter 42700       Data time: 0.00(0.00)  Forward time: 0.12(0.12)  Batch time: 0.13(0.12)
2026-02-26 17:34:22,407   INFO  Train:  133/140 ( 95%) [ 245/322 ( 76%)]  Loss: 0.1690 (0.143)  LR: 5.467e-05  Time cost: 00:30/00:09 [08:32/04:49]  Acc_iter 42750       Data time: 0.00(0.00)  Forward time: 0.12(0.12)  Batch time: 0.12(0.12)
2026-02-26 17:34:22,408   INFO  
2026-02-26 17:34:28,600   INFO  Train:  133/140 ( 95%) [ 295/322 ( 92%)]  Loss: 0.1066 (0.142)  LR: 5.237e-05  Time cost: 00:36/00:03 [08:38/04:42]  Acc_iter 42800       Data time: 0.00(0.00)  Forward time: 0.12(0.12)  Batch time: 0.13(0.12)
2026-02-26 17:34:31,725   INFO  Train:  133/140 ( 95%) [ 321/322 (100%)]  Loss: 0.2349 (0.143)  LR: 5.119e-05  Time cost: 00:39/00:00 [08:41/04:39]  Acc_iter 42826       Data time: 0.00(0.00)  Forward time: 0.02(0.12)  Batch time: 0.02(0.12)
2026-02-26 17:34:32,042   INFO  Train:  134/140 ( 96%) [   0/322 (  0%)]  Loss: 0.1895 (0.189)  LR: 5.114e-05  Time cost: 00:00/00:54 [08:41/06:19]  Acc_iter 42827       Data time: 0.04(0.04)  Forward time: 0.13(0.13)  Batch time: 0.17(0.17)
2026-02-26 17:34:34,895   INFO  Train:  134/140 ( 96%) [  23/322 (  7%)]  Loss: 0.09144 (0.137)  LR: 5.011e-05  Time cost: 00:03/00:37 [08:44/04:40]  Acc_iter 42850       Data time: 0.00(0.00)  Forward time: 0.12(0.12)  Batch time: 0.12(0.13)
2026-02-26 17:34:41,098   INFO  Train:  134/140 ( 96%) [  73/322 ( 23%)]  Loss: 0.1738 (0.139)  LR: 4.790e-05  Time cost: 00:09/00:31 [08:51/04:31]  Acc_iter 42900       Data time: 0.00(0.00)  Forward time: 0.12(0.12)  Batch time: 0.13(0.12)
2026-02-26 17:34:41,099   INFO  
2026-02-26 17:34:47,283   INFO  Train:  134/140 ( 96%) [ 123/322 ( 38%)]  Loss: 0.1337 (0.139)  LR: 4.574e-05  Time cost: 00:15/00:24 [08:57/04:24]  Acc_iter 42950       Data time: 0.00(0.00)  Forward time: 0.12(0.12)  Batch time: 0.12(0.12)
2026-02-26 17:34:53,466   INFO  Train:  134/140 ( 96%) [ 173/322 ( 54%)]  Loss: 0.1484 (0.140)  LR: 4.363e-05  Time cost: 00:21/00:18 [09:03/04:18]  Acc_iter 43000       Data time: 0.00(0.00)  Forward time: 0.12(0.12)  Batch time: 0.12(0.12)
2026-02-26 17:34:59,733   INFO  Train:  134/140 ( 96%) [ 223/322 ( 69%)]  Loss: 0.1583 (0.141)  LR: 4.157e-05  Time cost: 00:27/00:12 [09:09/04:12]  Acc_iter 43050       Data time: 0.00(0.00)  Forward time: 0.12(0.12)  Batch time: 0.13(0.12)
2026-02-26 17:34:59,734   INFO  
2026-02-26 17:35:05,938   INFO  Train:  134/140 ( 96%) [ 273/322 ( 85%)]  Loss: 0.1649 (0.141)  LR: 3.956e-05  Time cost: 00:34/00:06 [09:15/04:06]  Acc_iter 43100       Data time: 0.00(0.00)  Forward time: 0.13(0.12)  Batch time: 0.13(0.12)
2026-02-26 17:35:11,781   INFO  Train:  134/140 ( 96%) [ 321/322 (100%)]  Loss: 0.2810 (0.141)  LR: 3.768e-05  Time cost: 00:39/00:00 [09:21/03:59]  Acc_iter 43148       Data time: 0.00(0.00)  Forward time: 0.02(0.12)  Batch time: 0.02(0.12)
2026-02-26 17:35:12,099   INFO  Train:  135/140 ( 96%) [   0/322 (  0%)]  Loss: 0.1654 (0.165)  LR: 3.764e-05  Time cost: 00:00/00:54 [09:22/05:29]  Acc_iter 43149       Data time: 0.03(0.03)  Forward time: 0.14(0.14)  Batch time: 0.17(0.17)
2026-02-26 17:35:12,224   INFO  Train:  135/140 ( 96%) [   1/322 (  0%)]  Loss: 0.1473 (0.156)  LR: 3.760e-05  Time cost: 00:00/00:47 [09:22/04:44]  Acc_iter 43150       Data time: 0.00(0.02)  Forward time: 0.12(0.13)  Batch time: 0.12(0.15)
2026-02-26 17:35:18,410   INFO  Train:  135/140 ( 96%) [  51/322 ( 16%)]  Loss: 0.1693 (0.142)  LR: 3.569e-05  Time cost: 00:06/00:33 [09:28/03:54]  Acc_iter 43200       Data time: 0.00(0.00)  Forward time: 0.13(0.12)  Batch time: 0.13(0.12)
2026-02-26 17:35:18,411   INFO  
2026-02-26 17:35:24,686   INFO  Train:  135/140 ( 96%) [ 101/322 ( 31%)]  Loss: 0.1257 (0.140)  LR: 3.382e-05  Time cost: 00:12/00:27 [09:34/03:48]  Acc_iter 43250       Data time: 0.00(0.00)  Forward time: 0.12(0.12)  Batch time: 0.12(0.13)
2026-02-26 17:35:30,999   INFO  Train:  135/140 ( 96%) [ 151/322 ( 47%)]  Loss: 0.1205 (0.142)  LR: 3.201e-05  Time cost: 00:19/00:21 [09:40/03:43]  Acc_iter 43300       Data time: 0.00(0.00)  Forward time: 0.13(0.12)  Batch time: 0.13(0.13)
2026-02-26 17:35:37,263   INFO  Train:  135/140 ( 96%) [ 201/322 ( 62%)]  Loss: 0.1441 (0.143)  LR: 3.024e-05  Time cost: 00:25/00:15 [09:47/03:37]  Acc_iter 43350       Data time: 0.00(0.00)  Forward time: 0.12(0.12)  Batch time: 0.12(0.13)
2026-02-26 17:35:37,264   INFO  
2026-02-26 17:35:43,543   INFO  Train:  135/140 ( 96%) [ 251/322 ( 78%)]  Loss: 0.1663 (0.143)  LR: 2.853e-05  Time cost: 00:31/00:08 [09:53/03:30]  Acc_iter 43400       Data time: 0.00(0.00)  Forward time: 0.13(0.12)  Batch time: 0.13(0.13)
2026-02-26 17:35:49,836   INFO  Train:  135/140 ( 96%) [ 301/322 ( 93%)]  Loss: 0.09953 (0.143)  LR: 2.686e-05  Time cost: 00:37/00:02 [09:59/03:24]  Acc_iter 43450       Data time: 0.00(0.00)  Forward time: 0.12(0.12)  Batch time: 0.13(0.13)
2026-02-26 17:35:52,232   INFO  Train:  135/140 ( 96%) [ 321/322 (100%)]  Loss: 0.07744 (0.143)  LR: 2.621e-05  Time cost: 00:40/00:00 [10:02/03:21]  Acc_iter 43470       Data time: 0.00(0.00)  Forward time: 0.02(0.12)  Batch time: 0.02(0.13)
2026-02-26 17:35:52,541   INFO  Train:  136/140 ( 97%) [   0/322 (  0%)]  Loss: 0.1200 (0.120)  LR: 2.618e-05  Time cost: 00:00/00:50 [10:02/04:13]  Acc_iter 43471       Data time: 0.03(0.03)  Forward time: 0.13(0.13)  Batch time: 0.16(0.16)
2026-02-26 17:35:56,174   INFO  Train:  136/140 ( 97%) [  29/322 (  9%)]  Loss: 0.1220 (0.140)  LR: 2.525e-05  Time cost: 00:03/00:37 [10:06/03:19]  Acc_iter 43500       Data time: 0.00(0.00)  Forward time: 0.12(0.12)  Batch time: 0.12(0.13)
2026-02-26 17:35:56,175   INFO  
2026-02-26 17:36:02,420   INFO  Train:  136/140 ( 97%) [  79/322 ( 25%)]  Loss: 0.1458 (0.140)  LR: 2.368e-05  Time cost: 00:10/00:30 [10:12/03:12]  Acc_iter 43550       Data time: 0.00(0.00)  Forward time: 0.12(0.12)  Batch time: 0.12(0.13)
2026-02-26 17:36:08,879   INFO  Train:  136/140 ( 97%) [ 129/322 ( 40%)]  Loss: 0.1334 (0.141)  LR: 2.217e-05  Time cost: 00:16/00:24 [10:18/03:07]  Acc_iter 43600       Data time: 0.00(0.00)  Forward time: 0.13(0.13)  Batch time: 0.13(0.13)
2026-02-26 17:36:15,317   INFO  Train:  136/140 ( 97%) [ 179/322 ( 56%)]  Loss: 0.1415 (0.141)  LR: 2.070e-05  Time cost: 00:22/00:18 [10:25/03:02]  Acc_iter 43650       Data time: 0.00(0.00)  Forward time: 0.13(0.13)  Batch time: 0.13(0.13)
2026-02-26 17:36:15,318   INFO  
2026-02-26 17:36:21,671   INFO  Train:  136/140 ( 97%) [ 229/322 ( 71%)]  Loss: 0.1426 (0.141)  LR: 1.928e-05  Time cost: 00:29/00:11 [10:31/02:55]  Acc_iter 43700       Data time: 0.00(0.00)  Forward time: 0.13(0.13)  Batch time: 0.13(0.13)
2026-02-26 17:36:28,022   INFO  Train:  136/140 ( 97%) [ 279/322 ( 87%)]  Loss: 0.1360 (0.141)  LR: 1.792e-05  Time cost: 00:35/00:05 [10:37/02:49]  Acc_iter 43750       Data time: 0.00(0.00)  Forward time: 0.12(0.13)  Batch time: 0.12(0.13)
2026-02-26 17:36:33,305   INFO  Train:  136/140 ( 97%) [ 321/322 (100%)]  Loss: 0.1535 (0.141)  LR: 1.681e-05  Time cost: 00:40/00:00 [10:43/02:43]  Acc_iter 43792       Data time: 0.00(0.00)  Forward time: 0.03(0.13)  Batch time: 0.03(0.13)
2026-02-26 17:36:33,623   INFO  Train:  137/140 ( 98%) [   0/322 (  0%)]  Loss: 0.1713 (0.171)  LR: 1.678e-05  Time cost: 00:00/00:54 [10:43/03:38]  Acc_iter 43793       Data time: 0.02(0.02)  Forward time: 0.15(0.15)  Batch time: 0.17(0.17)
2026-02-26 17:36:34,511   INFO  Train:  137/140 ( 98%) [   7/322 (  2%)]  Loss: 0.1346 (0.150)  LR: 1.660e-05  Time cost: 00:01/00:41 [10:44/02:49]  Acc_iter 43800       Data time: 0.00(0.00)  Forward time: 0.12(0.13)  Batch time: 0.13(0.13)
2026-02-26 17:36:34,512   INFO  
2026-02-26 17:36:40,761   INFO  Train:  137/140 ( 98%) [  57/322 ( 18%)]  Loss: 0.1413 (0.149)  LR: 1.534e-05  Time cost: 00:07/00:33 [10:50/02:35]  Acc_iter 43850       Data time: 0.00(0.00)  Forward time: 0.12(0.12)  Batch time: 0.12(0.13)
2026-02-26 17:36:47,254   INFO  Train:  137/140 ( 98%) [ 107/322 ( 33%)]  Loss: 0.1334 (0.145)  LR: 1.412e-05  Time cost: 00:13/00:27 [10:57/02:30]  Acc_iter 43900       Data time: 0.00(0.00)  Forward time: 0.13(0.13)  Batch time: 0.13(0.13)
2026-02-26 17:36:53,758   INFO  Train:  137/140 ( 98%) [ 157/322 ( 49%)]  Loss: 0.1541 (0.145)  LR: 1.295e-05  Time cost: 00:20/00:21 [11:03/02:25]  Acc_iter 43950       Data time: 0.00(0.00)  Forward time: 0.13(0.13)  Batch time: 0.13(0.13)
2026-02-26 17:36:53,760   INFO  
2026-02-26 17:37:00,127   INFO  Train:  137/140 ( 98%) [ 207/322 ( 64%)]  Loss: 0.1569 (0.142)  LR: 1.184e-05  Time cost: 00:26/00:14 [11:10/02:18]  Acc_iter 44000       Data time: 0.00(0.00)  Forward time: 0.12(0.13)  Batch time: 0.13(0.13)
2026-02-26 17:37:06,577   INFO  Train:  137/140 ( 98%) [ 257/322 ( 80%)]  Loss: 0.1148 (0.141)  LR: 1.077e-05  Time cost: 00:33/00:08 [11:16/02:12]  Acc_iter 44050       Data time: 0.00(0.00)  Forward time: 0.13(0.13)  Batch time: 0.13(0.13)
2026-02-26 17:37:12,876   INFO  Train:  137/140 ( 98%) [ 307/322 ( 95%)]  Loss: 0.1339 (0.141)  LR: 9.756e-06  Time cost: 00:39/00:01 [11:22/02:05]  Acc_iter 44100       Data time: 0.00(0.00)  Forward time: 0.13(0.13)  Batch time: 0.13(0.13)
2026-02-26 17:37:12,877   INFO  
2026-02-26 17:37:14,559   INFO  Train:  137/140 ( 98%) [ 321/322 (100%)]  Loss: 0.1680 (0.141)  LR: 9.481e-06  Time cost: 00:41/00:00 [11:24/02:03]  Acc_iter 44114       Data time: 0.00(0.00)  Forward time: 0.03(0.13)  Batch time: 0.03(0.13)
2026-02-26 17:37:14,880   INFO  Train:  138/140 ( 99%) [   0/322 (  0%)]  Loss: 0.1438 (0.144)  LR: 9.462e-06  Time cost: 00:00/00:55 [11:24/02:47]  Acc_iter 44115       Data time: 0.04(0.04)  Forward time: 0.14(0.14)  Batch time: 0.17(0.17)
2026-02-26 17:37:19,363   INFO  Train:  138/140 ( 99%) [  35/322 ( 11%)]  Loss: 0.2069 (0.139)  LR: 8.791e-06  Time cost: 00:04/00:37 [11:29/02:00]  Acc_iter 44150       Data time: 0.00(0.00)  Forward time: 0.12(0.13)  Batch time: 0.12(0.13)
2026-02-26 17:37:25,618   INFO  Train:  138/140 ( 99%) [  85/322 ( 26%)]  Loss: 0.1234 (0.139)  LR: 7.876e-06  Time cost: 00:10/00:30 [11:35/01:51]  Acc_iter 44200       Data time: 0.00(0.00)  Forward time: 0.12(0.13)  Batch time: 0.12(0.13)
2026-02-26 17:37:31,861   INFO  Train:  138/140 ( 99%) [ 135/322 ( 42%)]  Loss: 0.1363 (0.139)  LR: 7.012e-06  Time cost: 00:17/00:23 [11:41/01:44]  Acc_iter 44250       Data time: 0.00(0.00)  Forward time: 0.12(0.13)  Batch time: 0.13(0.13)
2026-02-26 17:37:31,862   INFO  
2026-02-26 17:37:38,159   INFO  Train:  138/140 ( 99%) [ 185/322 ( 57%)]  Loss: 0.1958 (0.140)  LR: 6.197e-06  Time cost: 00:23/00:17 [11:48/01:38]  Acc_iter 44300       Data time: 0.00(0.00)  Forward time: 0.13(0.13)  Batch time: 0.13(0.13)
2026-02-26 17:37:44,579   INFO  Train:  138/140 ( 99%) [ 235/322 ( 73%)]  Loss: 0.1620 (0.140)  LR: 5.433e-06  Time cost: 00:29/00:11 [11:54/01:32]  Acc_iter 44350       Data time: 0.00(0.00)  Forward time: 0.13(0.13)  Batch time: 0.13(0.13)
2026-02-26 17:37:50,929   INFO  Train:  138/140 ( 99%) [ 285/322 ( 89%)]  Loss: 0.1803 (0.140)  LR: 4.720e-06  Time cost: 00:36/00:04 [12:00/01:26]  Acc_iter 44400       Data time: 0.00(0.00)  Forward time: 0.13(0.13)  Batch time: 0.13(0.13)
2026-02-26 17:37:50,930   INFO  
2026-02-26 17:37:55,419   INFO  Train:  138/140 ( 99%) [ 321/322 (100%)]  Loss: 0.08654 (0.141)  LR: 4.237e-06  Time cost: 00:40/00:00 [12:05/01:21]  Acc_iter 44436       Data time: 0.00(0.00)  Forward time: 0.02(0.13)  Batch time: 0.02(0.13)
2026-02-26 17:37:55,732   INFO  Train:  139/140 ( 99%) [   0/322 (  0%)]  Loss: 0.1508 (0.151)  LR: 4.224e-06  Time cost: 00:00/00:53 [12:05/01:46]  Acc_iter 44437       Data time: 0.03(0.03)  Forward time: 0.14(0.14)  Batch time: 0.17(0.17)
2026-02-26 17:37:57,393   INFO  Train:  139/140 ( 99%) [  13/322 (  4%)]  Loss: 0.1351 (0.136)  LR: 4.057e-06  Time cost: 00:01/00:40 [12:07/01:22]  Acc_iter 44450       Data time: 0.00(0.00)  Forward time: 0.13(0.13)  Batch time: 0.13(0.13)
2026-02-26 17:38:03,679   INFO  Train:  139/140 ( 99%) [  63/322 ( 20%)]  Loss: 0.1629 (0.136)  LR: 3.444e-06  Time cost: 00:08/00:32 [12:13/01:13]  Acc_iter 44500       Data time: 0.00(0.00)  Forward time: 0.12(0.13)  Batch time: 0.12(0.13)
2026-02-26 17:38:09,958   INFO  Train:  139/140 ( 99%) [ 113/322 ( 35%)]  Loss: 0.1133 (0.137)  LR: 2.882e-06  Time cost: 00:14/00:26 [12:19/01:07]  Acc_iter 44550       Data time: 0.00(0.00)  Forward time: 0.12(0.13)  Batch time: 0.12(0.13)
2026-02-26 17:38:09,959   INFO  
2026-02-26 17:38:16,347   INFO  Train:  139/140 ( 99%) [ 163/322 ( 51%)]  Loss: 0.1672 (0.139)  LR: 2.370e-06  Time cost: 00:20/00:20 [12:26/01:00]  Acc_iter 44600       Data time: 0.00(0.00)  Forward time: 0.13(0.13)  Batch time: 0.13(0.13)
2026-02-26 17:38:22,721   INFO  Train:  139/140 ( 99%) [ 213/322 ( 66%)]  Loss: 0.1221 (0.138)  LR: 1.909e-06  Time cost: 00:27/00:13 [12:32/00:54]  Acc_iter 44650       Data time: 0.00(0.00)  Forward time: 0.12(0.13)  Batch time: 0.12(0.13)
2026-02-26 17:38:28,958   INFO  Train:  139/140 ( 99%) [ 263/322 ( 82%)]  Loss: 0.1307 (0.139)  LR: 1.498e-06  Time cost: 00:33/00:07 [12:38/00:48]  Acc_iter 44700       Data time: 0.00(0.00)  Forward time: 0.12(0.13)  Batch time: 0.12(0.13)
2026-02-26 17:38:28,960   INFO  
2026-02-26 17:38:35,392   INFO  Train:  139/140 ( 99%) [ 313/322 ( 97%)]  Loss: 0.1595 (0.140)  LR: 1.138e-06  Time cost: 00:39/00:01 [12:45/00:41]  Acc_iter 44750       Data time: 0.00(0.00)  Forward time: 0.13(0.13)  Batch time: 0.13(0.13)
2026-02-26 17:38:36,300   INFO  Train:  139/140 ( 99%) [ 321/322 (100%)]  Loss: 0.09343 (0.141)  LR: 1.085e-06  Time cost: 00:40/00:00 [12:46/00:40]  Acc_iter 44758       Data time: 0.00(0.00)  Forward time: 0.02(0.13)  Batch time: 0.03(0.13)
2026-02-26 17:38:36,620   INFO  Train:  140/140 (100%) [   0/322 (  0%)]  Loss: 0.1148 (0.115)  LR: 1.079e-06  Time cost: 00:00/00:55 [12:46/00:55]  Acc_iter 44759       Data time: 0.03(0.03)  Forward time: 0.14(0.14)  Batch time: 0.17(0.17)
2026-02-26 17:38:41,854   INFO  Train:  140/140 (100%) [  41/322 ( 13%)]  Loss: 0.1748 (0.141)  LR: 8.288e-07  Time cost: 00:05/00:36 [12:51/00:36]  Acc_iter 44800       Data time: 0.00(0.00)  Forward time: 0.13(0.13)  Batch time: 0.13(0.13)
2026-02-26 17:38:48,259   INFO  Train:  140/140 (100%) [  91/322 ( 28%)]  Loss: 0.1799 (0.140)  LR: 5.699e-07  Time cost: 00:11/00:29 [12:58/00:29]  Acc_iter 44850       Data time: 0.00(0.00)  Forward time: 0.13(0.13)  Batch time: 0.13(0.13)
2026-02-26 17:38:48,260   INFO  
2026-02-26 17:38:54,624   INFO  Train:  140/140 (100%) [ 141/322 ( 44%)]  Loss: 0.1469 (0.142)  LR: 3.615e-07  Time cost: 00:18/00:23 [13:04/00:23]  Acc_iter 44900       Data time: 0.00(0.00)  Forward time: 0.13(0.13)  Batch time: 0.13(0.13)
2026-02-26 17:39:01,002   INFO  Train:  140/140 (100%) [ 191/322 ( 59%)]  Loss: 0.1891 (0.140)  LR: 2.036e-07  Time cost: 00:24/00:16 [13:10/00:16]  Acc_iter 44950       Data time: 0.00(0.00)  Forward time: 0.13(0.13)  Batch time: 0.13(0.13)
2026-02-26 17:39:07,380   INFO  Train:  140/140 (100%) [ 241/322 ( 75%)]  Loss: 0.1653 (0.141)  LR: 9.638e-08  Time cost: 00:30/00:10 [13:17/00:10]  Acc_iter 45000       Data time: 0.00(0.00)  Forward time: 0.13(0.13)  Batch time: 0.13(0.13)
2026-02-26 17:39:07,381   INFO  
2026-02-26 17:39:13,744   INFO  Train:  140/140 (100%) [ 291/322 ( 90%)]  Loss: 0.1387 (0.141)  LR: 3.972e-08  Time cost: 00:37/00:03 [13:23/00:03]  Acc_iter 45050       Data time: 0.00(0.00)  Forward time: 0.13(0.13)  Batch time: 0.13(0.13)
2026-02-26 17:39:17,462   INFO  Train:  140/140 (100%) [ 321/322 (100%)]  Loss: 0.1721 (0.141)  LR: 3.001e-08  Time cost: 00:41/00:00 [13:27/00:00]  Acc_iter 45080       Data time: 0.00(0.00)  Forward time: 0.02(0.13)  Batch time: 0.02(0.13)
2026-02-26 17:39:17,535   INFO  **********************End training kitti_models/PP_radar(default)**********************



2026-02-26 17:39:17,536   INFO  **********************Start evaluation kitti_models/PP_radar(default)**********************
2026-02-26 17:39:17,536   INFO  Loading KITTI dataset
2026-02-26 17:39:17,553   INFO  Total samples for KITTI dataset: 1296
2026-02-26 17:39:17,554   INFO  ==> Loading parameters from checkpoint /media/franco/hdd/matteogombia/OpenPCDet/output/kitti_models/PP_radar/default/ckpt/checkpoint_epoch_140.pth to GPU
2026-02-26 17:39:17,575   INFO  ==> Checkpoint trained from version: pcdet+0.6.0+233f849
2026-02-26 17:39:17,576   INFO  ==> Done (loaded 127/127)
2026-02-26 17:39:17,577   INFO  *************** EPOCH 140 EVALUATION *****************
2026-02-26 17:39:21,246   INFO  *************** Performance of EPOCH 140 *****************
2026-02-26 17:39:21,246   INFO  Generate label finished(sec_per_example: 0.0028 second).
2026-02-26 17:39:21,246   INFO  recall_roi_0.3: 0.000000
2026-02-26 17:39:21,246   INFO  recall_rcnn_0.3: 0.438147
2026-02-26 17:39:21,246   INFO  recall_roi_0.5: 0.000000
2026-02-26 17:39:21,246   INFO  recall_rcnn_0.5: 0.294596
2026-02-26 17:39:21,246   INFO  recall_roi_0.7: 0.000000
2026-02-26 17:39:21,246   INFO  recall_rcnn_0.7: 0.097319
2026-02-26 17:39:21,247   INFO  Average predicted number of objects(1296 samples): 6.201
2026-02-26 17:39:28,102   INFO  Car AP@0.70, 0.70, 0.70:
bbox AP:30.3126, 36.5519, 30.8739
bev  AP:37.3726, 45.5429, 38.2317
3d   AP:14.8855, 18.5700, 15.1657
aos  AP:27.30, 34.66, 29.35
Car AP_R40@0.70, 0.70, 0.70:
bbox AP:26.3251, 33.7293, 27.8025
bev  AP:35.2655, 42.5248, 35.7843
3d   AP:8.1420, 13.3406, 10.4594
aos  AP:23.14, 31.61, 26.05
Car AP@0.70, 0.50, 0.50:
bbox AP:30.3126, 36.5519, 30.8739
bev  AP:51.6779, 56.8469, 48.9000
3d   AP:37.6750, 45.5902, 38.0748
aos  AP:27.30, 34.66, 29.35
Car AP_R40@0.70, 0.50, 0.50:
bbox AP:26.3251, 33.7293, 27.8025
bev  AP:49.7178, 54.9473, 47.3311
3d   AP:35.6155, 42.5267, 35.7592
aos  AP:23.14, 31.61, 26.05
Pedestrian AP@0.50, 0.50, 0.50:
bbox AP:29.7932, 27.6154, 22.9639
bev  AP:26.9515, 21.5417, 20.8281
3d   AP:15.3282, 13.3272, 12.9870
aos  AP:28.71, 26.54, 22.23
Pedestrian AP_R40@0.50, 0.50, 0.50:
bbox AP:27.8652, 22.6688, 20.3644
bev  AP:22.4977, 18.4829, 15.4672
3d   AP:9.3459, 7.2109, 6.6278
aos  AP:26.33, 21.45, 19.24
Pedestrian AP@0.50, 0.25, 0.25:
bbox AP:29.7932, 27.6154, 22.9639
bev  AP:47.5062, 40.1786, 33.9265
3d   AP:39.4025, 32.2999, 30.4960
aos  AP:28.71, 26.54, 22.23
Pedestrian AP_R40@0.50, 0.25, 0.25:
bbox AP:27.8652, 22.6688, 20.3644
bev  AP:44.5154, 37.5806, 33.0970
3d   AP:37.2109, 29.4913, 26.8118
aos  AP:26.33, 21.45, 19.24
Cyclist AP@0.50, 0.50, 0.50:
bbox AP:61.6538, 59.5141, 53.0263
bev  AP:61.3099, 59.6446, 53.0006
3d   AP:31.1601, 27.7455, 26.4815
aos  AP:61.50, 59.33, 52.87
Cyclist AP_R40@0.50, 0.50, 0.50:
bbox AP:64.2932, 58.1002, 51.8576
bev  AP:62.5888, 56.9336, 51.0170
3d   AP:29.8314, 27.3151, 24.5937
aos  AP:64.13, 57.93, 51.70
Cyclist AP@0.50, 0.25, 0.25:
bbox AP:61.6538, 59.5141, 53.0263
bev  AP:83.3417, 75.8368, 67.9429
3d   AP:75.7066, 73.4389, 65.8011
aos  AP:61.50, 59.33, 52.87
Cyclist AP_R40@0.50, 0.25, 0.25:
bbox AP:64.2932, 58.1002, 51.8576
bev  AP:83.0229, 76.1108, 69.0170
3d   AP:79.1346, 71.9876, 65.1905
aos  AP:64.13, 57.93, 51.70

2026-02-26 17:39:28,103   INFO  Result is saved to /media/franco/hdd/matteogombia/OpenPCDet/output/kitti_models/PP_radar/default/eval/eval_with_train/epoch_140/val
2026-02-26 17:39:28,103   INFO  ****************Evaluation done.*****************
2026-02-26 17:39:28,107   INFO  Epoch 140 has been evaluated
2026-02-26 17:39:58,108   INFO  **********************End evaluation kitti_models/PP_radar(default)**********************
