2026-03-03 12:06:26,292   INFO  **********************Start logging**********************
2026-03-03 12:06:26,293   INFO  CUDA_VISIBLE_DEVICES=ALL
2026-03-03 12:06:26,293   INFO  Training with a single process
2026-03-03 12:06:26,293   INFO  cfg_file         cfgs/kitti_models/PP_radar.yaml
2026-03-03 12:06:26,293   INFO  batch_size       16
2026-03-03 12:06:26,293   INFO  epochs           200
2026-03-03 12:06:26,293   INFO  workers          4
2026-03-03 12:06:26,293   INFO  extra_tag        default
2026-03-03 12:06:26,293   INFO  ckpt             ../output/kitti_models/PP_radar/default/ckpt/checkpoint_epoch_140.pth
2026-03-03 12:06:26,293   INFO  pretrained_model None
2026-03-03 12:06:26,293   INFO  launcher         none
2026-03-03 12:06:26,294   INFO  tcp_port         18888
2026-03-03 12:06:26,294   INFO  sync_bn          False
2026-03-03 12:06:26,294   INFO  fix_random_seed  False
2026-03-03 12:06:26,294   INFO  ckpt_save_interval 1
2026-03-03 12:06:26,294   INFO  local_rank       None
2026-03-03 12:06:26,294   INFO  max_ckpt_save_num 30
2026-03-03 12:06:26,294   INFO  merge_all_iters_to_one_epoch False
2026-03-03 12:06:26,294   INFO  set_cfgs         None
2026-03-03 12:06:26,294   INFO  max_waiting_mins 0
2026-03-03 12:06:26,294   INFO  start_epoch      0
2026-03-03 12:06:26,294   INFO  num_epochs_to_eval 0
2026-03-03 12:06:26,294   INFO  save_to_file     False
2026-03-03 12:06:26,294   INFO  use_tqdm_to_record False
2026-03-03 12:06:26,294   INFO  logger_iter_interval 50
2026-03-03 12:06:26,294   INFO  ckpt_save_time_interval 300
2026-03-03 12:06:26,294   INFO  wo_gpu_stat      False
2026-03-03 12:06:26,294   INFO  use_amp          False
2026-03-03 12:06:26,294   INFO  cfg.ROOT_DIR: /media/franco/hdd/matteogombia/OpenPCDet
2026-03-03 12:06:26,294   INFO  cfg.LOCAL_RANK: 0
2026-03-03 12:06:26,295   INFO  cfg.CLASS_NAMES: ['Car', 'Pedestrian', 'Cyclist']
2026-03-03 12:06:26,295   INFO  ----------- DATA_CONFIG -----------
2026-03-03 12:06:26,295   INFO  cfg.DATA_CONFIG.DATASET: KittiDataset
2026-03-03 12:06:26,295   INFO  cfg.DATA_CONFIG.DATA_PATH: /media/franco/hdd/matteogombia/OpenPCDet/data/kitti/
2026-03-03 12:06:26,295   INFO  cfg.DATA_CONFIG.POINT_CLOUD_RANGE: [0, -25.6, -3, 51.2, 25.6, 2]
2026-03-03 12:06:26,295   INFO  ----------- DATA_SPLIT -----------
2026-03-03 12:06:26,295   INFO  cfg.DATA_CONFIG.DATA_SPLIT.train: train
2026-03-03 12:06:26,295   INFO  cfg.DATA_CONFIG.DATA_SPLIT.test: val
2026-03-03 12:06:26,295   INFO  ----------- INFO_PATH -----------
2026-03-03 12:06:26,295   INFO  cfg.DATA_CONFIG.INFO_PATH.train: ['kitti_infos_train.pkl']
2026-03-03 12:06:26,295   INFO  cfg.DATA_CONFIG.INFO_PATH.test: ['kitti_infos_val.pkl']
2026-03-03 12:06:26,295   INFO  cfg.DATA_CONFIG.FOV_POINTS_ONLY: True
2026-03-03 12:06:26,295   INFO  ----------- DATA_AUGMENTOR -----------
2026-03-03 12:06:26,295   INFO  cfg.DATA_CONFIG.DATA_AUGMENTOR.DISABLE_AUG_LIST: ['random_world_rotation', 'gt_sampling']
2026-03-03 12:06:26,296   INFO  cfg.DATA_CONFIG.DATA_AUGMENTOR.AUG_CONFIG_LIST: [{'NAME': 'random_world_flip', 'ALONG_AXIS_LIST': ['x']}, {'NAME': 'random_world_scaling', 'WORLD_SCALE_RANGE': [0.95, 1.05]}]
2026-03-03 12:06:26,296   INFO  ----------- POINT_FEATURE_ENCODING -----------
2026-03-03 12:06:26,296   INFO  cfg.DATA_CONFIG.POINT_FEATURE_ENCODING.encoding_type: absolute_coordinates_encoding
2026-03-03 12:06:26,296   INFO  cfg.DATA_CONFIG.POINT_FEATURE_ENCODING.used_feature_list: ['x', 'y', 'z', 'rcs', 'v_r', 'v_r_comp', 'time']
2026-03-03 12:06:26,296   INFO  cfg.DATA_CONFIG.POINT_FEATURE_ENCODING.src_feature_list: ['x', 'y', 'z', 'rcs', 'v_r', 'v_r_comp', 'time']
2026-03-03 12:06:26,296   INFO  cfg.DATA_CONFIG.DATA_PROCESSOR: [{'NAME': 'mask_points_and_boxes_outside_range', 'REMOVE_OUTSIDE_BOXES': True}, {'NAME': 'shuffle_points', 'SHUFFLE_ENABLED': {'train': True, 'test': False}}, {'NAME': 'transform_points_to_voxels', 'VOXEL_SIZE': [0.16, 0.16, 5], 'MAX_POINTS_PER_VOXEL': 10, 'MAX_NUMBER_OF_VOXELS': {'train': 16000, 'test': 40000}}]
2026-03-03 12:06:26,296   INFO  cfg.DATA_CONFIG._BASE_CONFIG_: cfgs/dataset_configs/radar_5frames_as_kitti_dataset.yaml
2026-03-03 12:06:26,296   INFO  ----------- MODEL -----------
2026-03-03 12:06:26,296   INFO  cfg.MODEL.NAME: PointPillar
2026-03-03 12:06:26,296   INFO  ----------- VFE -----------
2026-03-03 12:06:26,296   INFO  cfg.MODEL.VFE.NAME: Radar7PillarVFE
2026-03-03 12:06:26,296   INFO  cfg.MODEL.VFE.USE_XYZ: True
2026-03-03 12:06:26,296   INFO  cfg.MODEL.VFE.USE_RCS: True
2026-03-03 12:06:26,296   INFO  cfg.MODEL.VFE.USE_VR: True
2026-03-03 12:06:26,296   INFO  cfg.MODEL.VFE.USE_VR_COMP: True
2026-03-03 12:06:26,296   INFO  cfg.MODEL.VFE.USE_TIME: True
2026-03-03 12:06:26,296   INFO  cfg.MODEL.VFE.USE_NORM: True
2026-03-03 12:06:26,296   INFO  cfg.MODEL.VFE.USE_ELEVATION: True
2026-03-03 12:06:26,296   INFO  cfg.MODEL.VFE.USE_DISTANCE: False
2026-03-03 12:06:26,297   INFO  cfg.MODEL.VFE.NUM_FILTERS: [64]
2026-03-03 12:06:26,297   INFO  ----------- MAP_TO_BEV -----------
2026-03-03 12:06:26,297   INFO  cfg.MODEL.MAP_TO_BEV.NAME: PointPillarScatter
2026-03-03 12:06:26,297   INFO  cfg.MODEL.MAP_TO_BEV.NUM_BEV_FEATURES: 64
2026-03-03 12:06:26,297   INFO  ----------- BACKBONE_2D -----------
2026-03-03 12:06:26,297   INFO  cfg.MODEL.BACKBONE_2D.NAME: BaseBEVBackbone
2026-03-03 12:06:26,297   INFO  cfg.MODEL.BACKBONE_2D.LAYER_NUMS: [3, 5, 5]
2026-03-03 12:06:26,297   INFO  cfg.MODEL.BACKBONE_2D.LAYER_STRIDES: [2, 2, 2]
2026-03-03 12:06:26,297   INFO  cfg.MODEL.BACKBONE_2D.NUM_FILTERS: [64, 128, 256]
2026-03-03 12:06:26,297   INFO  cfg.MODEL.BACKBONE_2D.UPSAMPLE_STRIDES: [1, 2, 4]
2026-03-03 12:06:26,297   INFO  cfg.MODEL.BACKBONE_2D.NUM_UPSAMPLE_FILTERS: [128, 128, 128]
2026-03-03 12:06:26,297   INFO  ----------- DENSE_HEAD -----------
2026-03-03 12:06:26,297   INFO  cfg.MODEL.DENSE_HEAD.NAME: AnchorHeadSingle
2026-03-03 12:06:26,297   INFO  cfg.MODEL.DENSE_HEAD.CLASS_AGNOSTIC: False
2026-03-03 12:06:26,297   INFO  cfg.MODEL.DENSE_HEAD.USE_DIRECTION_CLASSIFIER: True
2026-03-03 12:06:26,297   INFO  cfg.MODEL.DENSE_HEAD.DIR_OFFSET: 0.78539
2026-03-03 12:06:26,297   INFO  cfg.MODEL.DENSE_HEAD.DIR_LIMIT_OFFSET: 0.0
2026-03-03 12:06:26,297   INFO  cfg.MODEL.DENSE_HEAD.NUM_DIR_BINS: 2
2026-03-03 12:06:26,298   INFO  cfg.MODEL.DENSE_HEAD.ANCHOR_GENERATOR_CONFIG: [{'class_name': 'Car', 'anchor_sizes': [[3.9, 1.6, 1.56]], 'anchor_rotations': [0, 1.57], 'anchor_bottom_heights': [-1.78], 'align_center': False, 'feature_map_stride': 2, 'matched_threshold': 0.6, 'unmatched_threshold': 0.45}, {'class_name': 'Pedestrian', 'anchor_sizes': [[0.8, 0.6, 1.73]], 'anchor_rotations': [0, 1.57], 'anchor_bottom_heights': [-0.6], 'align_center': False, 'feature_map_stride': 2, 'matched_threshold': 0.5, 'unmatched_threshold': 0.35}, {'class_name': 'Cyclist', 'anchor_sizes': [[1.76, 0.6, 1.73]], 'anchor_rotations': [0, 1.57], 'anchor_bottom_heights': [-0.6], 'align_center': False, 'feature_map_stride': 2, 'matched_threshold': 0.5, 'unmatched_threshold': 0.35}]
2026-03-03 12:06:26,298   INFO  ----------- TARGET_ASSIGNER_CONFIG -----------
2026-03-03 12:06:26,298   INFO  cfg.MODEL.DENSE_HEAD.TARGET_ASSIGNER_CONFIG.NAME: AxisAlignedTargetAssigner
2026-03-03 12:06:26,298   INFO  cfg.MODEL.DENSE_HEAD.TARGET_ASSIGNER_CONFIG.POS_FRACTION: -1.0
2026-03-03 12:06:26,298   INFO  cfg.MODEL.DENSE_HEAD.TARGET_ASSIGNER_CONFIG.SAMPLE_SIZE: 512
2026-03-03 12:06:26,298   INFO  cfg.MODEL.DENSE_HEAD.TARGET_ASSIGNER_CONFIG.NORM_BY_NUM_EXAMPLES: False
2026-03-03 12:06:26,298   INFO  cfg.MODEL.DENSE_HEAD.TARGET_ASSIGNER_CONFIG.MATCH_HEIGHT: False
2026-03-03 12:06:26,298   INFO  cfg.MODEL.DENSE_HEAD.TARGET_ASSIGNER_CONFIG.BOX_CODER: ResidualCoder
2026-03-03 12:06:26,298   INFO  ----------- LOSS_CONFIG -----------
2026-03-03 12:06:26,298   INFO  ----------- LOSS_WEIGHTS -----------
2026-03-03 12:06:26,298   INFO  cfg.MODEL.DENSE_HEAD.LOSS_CONFIG.LOSS_WEIGHTS.cls_weight: 1.0
2026-03-03 12:06:26,298   INFO  cfg.MODEL.DENSE_HEAD.LOSS_CONFIG.LOSS_WEIGHTS.loc_weight: 2.0
2026-03-03 12:06:26,298   INFO  cfg.MODEL.DENSE_HEAD.LOSS_CONFIG.LOSS_WEIGHTS.dir_weight: 0.2
2026-03-03 12:06:26,298   INFO  cfg.MODEL.DENSE_HEAD.LOSS_CONFIG.LOSS_WEIGHTS.code_weights: [1.0, 1.0, 1.0, 1.0, 1.0, 1.0, 1.0]
2026-03-03 12:06:26,298   INFO  ----------- POST_PROCESSING -----------
2026-03-03 12:06:26,298   INFO  cfg.MODEL.POST_PROCESSING.RECALL_THRESH_LIST: [0.3, 0.5, 0.7]
2026-03-03 12:06:26,298   INFO  cfg.MODEL.POST_PROCESSING.SCORE_THRESH: 0.3
2026-03-03 12:06:26,298   INFO  cfg.MODEL.POST_PROCESSING.OUTPUT_RAW_SCORE: False
2026-03-03 12:06:26,299   INFO  cfg.MODEL.POST_PROCESSING.EVAL_METRIC: kitti
2026-03-03 12:06:26,299   INFO  ----------- NMS_CONFIG -----------
2026-03-03 12:06:26,299   INFO  cfg.MODEL.POST_PROCESSING.NMS_CONFIG.MULTI_CLASSES_NMS: False
2026-03-03 12:06:26,299   INFO  cfg.MODEL.POST_PROCESSING.NMS_CONFIG.NMS_TYPE: nms_gpu
2026-03-03 12:06:26,299   INFO  cfg.MODEL.POST_PROCESSING.NMS_CONFIG.NMS_THRESH: 0.01
2026-03-03 12:06:26,299   INFO  cfg.MODEL.POST_PROCESSING.NMS_CONFIG.NMS_PRE_MAXSIZE: 4096
2026-03-03 12:06:26,299   INFO  cfg.MODEL.POST_PROCESSING.NMS_CONFIG.NMS_POST_MAXSIZE: 500
2026-03-03 12:06:26,299   INFO  ----------- OPTIMIZATION -----------
2026-03-03 12:06:26,299   INFO  cfg.OPTIMIZATION.BATCH_SIZE_PER_GPU: 16
2026-03-03 12:06:26,299   INFO  cfg.OPTIMIZATION.NUM_EPOCHS: 200
2026-03-03 12:06:26,299   INFO  cfg.OPTIMIZATION.OPTIMIZER: adam_onecycle
2026-03-03 12:06:26,299   INFO  cfg.OPTIMIZATION.LR: 0.003
2026-03-03 12:06:26,299   INFO  cfg.OPTIMIZATION.WEIGHT_DECAY: 0.01
2026-03-03 12:06:26,299   INFO  cfg.OPTIMIZATION.MOMENTUM: 0.9
2026-03-03 12:06:26,299   INFO  cfg.OPTIMIZATION.MOMS: [0.95, 0.85]
2026-03-03 12:06:26,299   INFO  cfg.OPTIMIZATION.PCT_START: 0.4
2026-03-03 12:06:26,299   INFO  cfg.OPTIMIZATION.DIV_FACTOR: 10
2026-03-03 12:06:26,299   INFO  cfg.OPTIMIZATION.DECAY_STEP_LIST: [35, 45]
2026-03-03 12:06:26,299   INFO  cfg.OPTIMIZATION.LR_DECAY: 0.1
2026-03-03 12:06:26,299   INFO  cfg.OPTIMIZATION.LR_CLIP: 1e-07
2026-03-03 12:06:26,299   INFO  cfg.OPTIMIZATION.LR_WARMUP: False
2026-03-03 12:06:26,300   INFO  cfg.OPTIMIZATION.WARMUP_EPOCH: 1
2026-03-03 12:06:26,300   INFO  cfg.OPTIMIZATION.GRAD_NORM_CLIP: 10
2026-03-03 12:06:26,300   INFO  cfg.TAG: PP_radar
2026-03-03 12:06:26,300   INFO  cfg.EXP_GROUP_PATH: kitti_models
2026-03-03 12:06:26,303   INFO  ----------- Create dataloader & network & optimizer -----------
2026-03-03 12:06:26,304   INFO  Loading KITTI dataset
2026-03-03 12:06:26,378   INFO  Total samples for KITTI dataset: 5139
2026-03-03 12:06:26,709   INFO  ==> Loading parameters from checkpoint ../output/kitti_models/PP_radar/default/ckpt/checkpoint_epoch_140.pth to GPU
2026-03-03 12:06:26,867   INFO  ==> Loading optimizer parameters from checkpoint ../output/kitti_models/PP_radar/default/ckpt/checkpoint_epoch_140.pth to GPU
2026-03-03 12:06:26,867   INFO  ==> Done
2026-03-03 12:06:26,868   INFO  ----------- Model PointPillar created, param count: 4835080 -----------
2026-03-03 12:06:26,868   INFO  PointPillar(
  (vfe): Radar7PillarVFE(
    (pfn_layers): ModuleList(
      (0): PFNLayer(
        (linear): Linear(in_features=13, out_features=64, bias=False)
        (norm): BatchNorm1d(64, eps=0.001, momentum=0.01, affine=True, track_running_stats=True)
      )
    )
  )
  (backbone_3d): None
  (map_to_bev_module): PointPillarScatter()
  (pfe): None
  (backbone_2d): BaseBEVBackbone(
    (blocks): ModuleList(
      (0): Sequential(
        (0): ZeroPad2d((1, 1, 1, 1))
        (1): Conv2d(64, 64, kernel_size=(3, 3), stride=(2, 2), bias=False)
        (2): BatchNorm2d(64, eps=0.001, momentum=0.01, affine=True, track_running_stats=True)
        (3): ReLU()
        (4): Conv2d(64, 64, kernel_size=(3, 3), stride=(1, 1), padding=(1, 1), bias=False)
        (5): BatchNorm2d(64, eps=0.001, momentum=0.01, affine=True, track_running_stats=True)
        (6): ReLU()
        (7): Conv2d(64, 64, kernel_size=(3, 3), stride=(1, 1), padding=(1, 1), bias=False)
        (8): BatchNorm2d(64, eps=0.001, momentum=0.01, affine=True, track_running_stats=True)
        (9): ReLU()
        (10): Conv2d(64, 64, kernel_size=(3, 3), stride=(1, 1), padding=(1, 1), bias=False)
        (11): BatchNorm2d(64, eps=0.001, momentum=0.01, affine=True, track_running_stats=True)
        (12): ReLU()
      )
      (1): Sequential(
        (0): ZeroPad2d((1, 1, 1, 1))
        (1): Conv2d(64, 128, kernel_size=(3, 3), stride=(2, 2), bias=False)
        (2): BatchNorm2d(128, eps=0.001, momentum=0.01, affine=True, track_running_stats=True)
        (3): ReLU()
        (4): Conv2d(128, 128, kernel_size=(3, 3), stride=(1, 1), padding=(1, 1), bias=False)
        (5): BatchNorm2d(128, eps=0.001, momentum=0.01, affine=True, track_running_stats=True)
        (6): ReLU()
        (7): Conv2d(128, 128, kernel_size=(3, 3), stride=(1, 1), padding=(1, 1), bias=False)
        (8): BatchNorm2d(128, eps=0.001, momentum=0.01, affine=True, track_running_stats=True)
        (9): ReLU()
        (10): Conv2d(128, 128, kernel_size=(3, 3), stride=(1, 1), padding=(1, 1), bias=False)
        (11): BatchNorm2d(128, eps=0.001, momentum=0.01, affine=True, track_running_stats=True)
        (12): ReLU()
        (13): Conv2d(128, 128, kernel_size=(3, 3), stride=(1, 1), padding=(1, 1), bias=False)
        (14): BatchNorm2d(128, eps=0.001, momentum=0.01, affine=True, track_running_stats=True)
        (15): ReLU()
        (16): Conv2d(128, 128, kernel_size=(3, 3), stride=(1, 1), padding=(1, 1), bias=False)
        (17): BatchNorm2d(128, eps=0.001, momentum=0.01, affine=True, track_running_stats=True)
        (18): ReLU()
      )
      (2): Sequential(
        (0): ZeroPad2d((1, 1, 1, 1))
        (1): Conv2d(128, 256, kernel_size=(3, 3), stride=(2, 2), bias=False)
        (2): BatchNorm2d(256, eps=0.001, momentum=0.01, affine=True, track_running_stats=True)
        (3): ReLU()
        (4): Conv2d(256, 256, kernel_size=(3, 3), stride=(1, 1), padding=(1, 1), bias=False)
        (5): BatchNorm2d(256, eps=0.001, momentum=0.01, affine=True, track_running_stats=True)
        (6): ReLU()
        (7): Conv2d(256, 256, kernel_size=(3, 3), stride=(1, 1), padding=(1, 1), bias=False)
        (8): BatchNorm2d(256, eps=0.001, momentum=0.01, affine=True, track_running_stats=True)
        (9): ReLU()
        (10): Conv2d(256, 256, kernel_size=(3, 3), stride=(1, 1), padding=(1, 1), bias=False)
        (11): BatchNorm2d(256, eps=0.001, momentum=0.01, affine=True, track_running_stats=True)
        (12): ReLU()
        (13): Conv2d(256, 256, kernel_size=(3, 3), stride=(1, 1), padding=(1, 1), bias=False)
        (14): BatchNorm2d(256, eps=0.001, momentum=0.01, affine=True, track_running_stats=True)
        (15): ReLU()
        (16): Conv2d(256, 256, kernel_size=(3, 3), stride=(1, 1), padding=(1, 1), bias=False)
        (17): BatchNorm2d(256, eps=0.001, momentum=0.01, affine=True, track_running_stats=True)
        (18): ReLU()
      )
    )
    (deblocks): ModuleList(
      (0): Sequential(
        (0): ConvTranspose2d(64, 128, kernel_size=(1, 1), stride=(1, 1), bias=False)
        (1): BatchNorm2d(128, eps=0.001, momentum=0.01, affine=True, track_running_stats=True)
        (2): ReLU()
      )
      (1): Sequential(
        (0): ConvTranspose2d(128, 128, kernel_size=(2, 2), stride=(2, 2), bias=False)
        (1): BatchNorm2d(128, eps=0.001, momentum=0.01, affine=True, track_running_stats=True)
        (2): ReLU()
      )
      (2): Sequential(
        (0): ConvTranspose2d(256, 128, kernel_size=(4, 4), stride=(4, 4), bias=False)
        (1): BatchNorm2d(128, eps=0.001, momentum=0.01, affine=True, track_running_stats=True)
        (2): ReLU()
      )
    )
  )
  (dense_head): AnchorHeadSingle(
    (cls_loss_func): SigmoidFocalClassificationLoss()
    (reg_loss_func): WeightedSmoothL1Loss()
    (dir_loss_func): WeightedCrossEntropyLoss()
    (conv_cls): Conv2d(384, 18, kernel_size=(1, 1), stride=(1, 1))
    (conv_box): Conv2d(384, 42, kernel_size=(1, 1), stride=(1, 1))
    (conv_dir_cls): Conv2d(384, 12, kernel_size=(1, 1), stride=(1, 1))
  )
  (point_head): None
  (roi_head): None
)
2026-03-03 12:06:26,868   INFO  **********************Start training kitti_models/PP_radar(default)**********************
2026-03-03 12:06:26,868   INFO  Loading KITTI dataset
2026-03-03 12:06:26,882   INFO  Total samples for KITTI dataset: 1296
2026-03-03 12:06:27,909   INFO  Train:  141/200 ( 70%) [   0/322 (  0%)]  Loss: 0.1204 (0.120)  LR: 1.500e-03  Time cost: 00:00/05:03 [00:01/5:03:19]  Acc_iter 45081       Data time: 0.03(0.03)  Forward time: 0.91(0.91)  Batch time: 0.94(0.94)
2026-03-03 12:06:36,502   INFO  Train:  141/200 ( 70%) [  19/322 (  6%)]  Loss: 0.2248 (0.160)  LR: 1.498e-03  Time cost: 00:09/02:24 [00:09/2:33:22]  Acc_iter 45100       Data time: 0.00(0.00)  Forward time: 0.50(0.47)  Batch time: 0.50(0.48)
2026-03-03 12:06:59,478   INFO  Train:  141/200 ( 70%) [  69/322 ( 21%)]  Loss: 0.2274 (0.200)  LR: 1.492e-03  Time cost: 00:32/01:57 [00:32/2:29:01]  Acc_iter 45150       Data time: 0.00(0.00)  Forward time: 0.32(0.46)  Batch time: 0.32(0.46)
2026-03-03 12:06:59,479   INFO  
2026-03-03 12:07:21,912   INFO  Train:  141/200 ( 70%) [ 119/322 ( 37%)]  Loss: 0.2381 (0.210)  LR: 1.486e-03  Time cost: 00:54/01:32 [00:55/2:26:31]  Acc_iter 45200       Data time: 0.00(0.00)  Forward time: 0.32(0.46)  Batch time: 0.32(0.46)
2026-03-03 12:07:45,119   INFO  Train:  141/200 ( 70%) [ 169/322 ( 52%)]  Loss: 0.2174 (0.213)  LR: 1.479e-03  Time cost: 01:18/01:10 [01:18/2:26:44]  Acc_iter 45250       Data time: 0.00(0.00)  Forward time: 0.50(0.46)  Batch time: 0.50(0.46)
2026-03-03 12:08:07,851   INFO  Train:  141/200 ( 70%) [ 219/322 ( 68%)]  Loss: 0.2538 (0.215)  LR: 1.473e-03  Time cost: 01:40/00:47 [01:40/2:25:59]  Acc_iter 45300       Data time: 0.00(0.00)  Forward time: 0.50(0.46)  Batch time: 0.50(0.46)
2026-03-03 12:08:07,852   INFO  
2026-03-03 12:08:31,566   INFO  Train:  141/200 ( 70%) [ 269/322 ( 84%)]  Loss: 0.2233 (0.216)  LR: 1.467e-03  Time cost: 02:04/00:24 [02:04/2:26:31]  Acc_iter 45350       Data time: 0.00(0.00)  Forward time: 0.50(0.46)  Batch time: 0.50(0.46)
2026-03-03 12:08:54,481   INFO  Train:  141/200 ( 70%) [ 319/322 ( 99%)]  Loss: 0.1917 (0.217)  LR: 1.461e-03  Time cost: 02:27/00:01 [02:27/2:25:59]  Acc_iter 45400       Data time: 0.00(0.00)  Forward time: 0.51(0.46)  Batch time: 0.51(0.46)
2026-03-03 12:08:54,946   INFO  Train:  141/200 ( 70%) [ 321/322 (100%)]  Loss: 0.1133 (0.217)  LR: 1.461e-03  Time cost: 02:27/00:00 [02:28/2:25:31]  Acc_iter 45402       Data time: 0.00(0.00)  Forward time: 0.25(0.46)  Batch time: 0.25(0.46)
2026-03-03 12:09:21,063   INFO  No early stopping at epoch 140 with validation loss [2.3979382662125577]. Early stopping counter: 0
2026-03-03 12:09:21,874   INFO  Train:  142/200 ( 71%) [   0/322 (  0%)]  Loss: 0.2033 (0.203)  LR: 1.461e-03  Time cost: 00:00/02:21 [02:54/2:19:16]  Acc_iter 45403       Data time: 0.03(0.03)  Forward time: 0.41(0.41)  Batch time: 0.44(0.44)
2026-03-03 12:09:43,308   INFO  Train:  142/200 ( 71%) [  47/322 ( 15%)]  Loss: 0.2561 (0.214)  LR: 1.455e-03  Time cost: 00:21/02:05 [03:16/2:23:55]  Acc_iter 45450       Data time: 0.00(0.00)  Forward time: 0.46(0.45)  Batch time: 0.46(0.46)
2026-03-03 12:09:43,309   INFO  
2026-03-03 12:10:05,413   INFO  Train:  142/200 ( 71%) [  97/322 ( 30%)]  Loss: 0.2252 (0.216)  LR: 1.449e-03  Time cost: 00:43/01:40 [03:38/2:21:21]  Acc_iter 45500       Data time: 0.00(0.00)  Forward time: 0.44(0.45)  Batch time: 0.44(0.45)
2026-03-03 12:10:29,459   INFO  Train:  142/200 ( 71%) [ 147/322 ( 46%)]  Loss: 0.2352 (0.221)  LR: 1.443e-03  Time cost: 01:08/01:20 [04:02/2:24:24]  Acc_iter 45550       Data time: 0.00(0.00)  Forward time: 0.50(0.46)  Batch time: 0.50(0.46)
2026-03-03 12:10:52,969   INFO  Train:  142/200 ( 71%) [ 197/322 ( 61%)]  Loss: 0.1731 (0.219)  LR: 1.437e-03  Time cost: 01:31/00:57 [04:26/2:24:51]  Acc_iter 45600       Data time: 0.00(0.00)  Forward time: 0.49(0.46)  Batch time: 0.49(0.46)
2026-03-03 12:10:52,971   INFO  
2026-03-03 12:11:15,581   INFO  Train:  142/200 ( 71%) [ 247/322 ( 77%)]  Loss: 0.2081 (0.220)  LR: 1.431e-03  Time cost: 01:54/00:34 [04:48/2:23:50]  Acc_iter 45650       Data time: 0.00(0.00)  Forward time: 0.49(0.46)  Batch time: 0.49(0.46)
2026-03-03 12:11:39,182   INFO  Train:  142/200 ( 71%) [ 297/322 ( 92%)]  Loss: 0.1982 (0.221)  LR: 1.425e-03  Time cost: 02:17/00:11 [05:12/2:24:04]  Acc_iter 45700       Data time: 0.00(0.00)  Forward time: 0.49(0.46)  Batch time: 0.49(0.46)
2026-03-03 12:11:50,041   INFO  Train:  142/200 ( 71%) [ 321/322 (100%)]  Loss: 0.1463 (0.221)  LR: 1.422e-03  Time cost: 02:28/00:00 [05:23/2:23:39]  Acc_iter 45724       Data time: 0.00(0.00)  Forward time: 0.03(0.46)  Batch time: 0.03(0.46)
2026-03-03 12:12:14,956   INFO  No early stopping at epoch 141 with validation loss [2.3979382662125577, 2.4511837870986373]. Early stopping counter: 1
2026-03-03 12:12:15,401   INFO  Train:  143/200 ( 72%) [   0/322 (  0%)]  Loss: 0.2056 (0.206)  LR: 1.422e-03  Time cost: 00:00/01:55 [05:48/1:51:43]  Acc_iter 45725       Data time: 0.03(0.03)  Forward time: 0.33(0.33)  Batch time: 0.36(0.36)
2026-03-03 12:12:26,544   INFO  Train:  143/200 ( 72%) [  25/322 (  8%)]  Loss: 0.1844 (0.233)  LR: 1.418e-03  Time cost: 00:11/02:11 [05:59/2:17:30]  Acc_iter 45750       Data time: 0.00(0.00)  Forward time: 0.50(0.44)  Batch time: 0.50(0.44)
2026-03-03 12:12:26,545   INFO  
2026-03-03 12:12:50,273   INFO  Train:  143/200 ( 72%) [  75/322 ( 23%)]  Loss: 0.2074 (0.218)  LR: 1.412e-03  Time cost: 00:35/01:54 [06:23/2:23:42]  Acc_iter 45800       Data time: 0.00(0.00)  Forward time: 0.48(0.46)  Batch time: 0.48(0.46)
2026-03-03 12:13:12,771   INFO  Train:  143/200 ( 72%) [ 125/322 ( 39%)]  Loss: 0.2384 (0.219)  LR: 1.406e-03  Time cost: 00:57/01:30 [06:45/2:21:39]  Acc_iter 45850       Data time: 0.00(0.00)  Forward time: 0.40(0.46)  Batch time: 0.40(0.46)
2026-03-03 12:13:36,292   INFO  Train:  143/200 ( 72%) [ 175/322 ( 54%)]  Loss: 0.2869 (0.220)  LR: 1.400e-03  Time cost: 01:21/01:07 [07:09/2:22:20]  Acc_iter 45900       Data time: 0.00(0.00)  Forward time: 0.52(0.46)  Batch time: 0.52(0.46)
2026-03-03 12:13:36,293   INFO  
2026-03-03 12:13:59,270   INFO  Train:  143/200 ( 72%) [ 225/322 ( 70%)]  Loss: 0.1455 (0.220)  LR: 1.394e-03  Time cost: 01:44/00:44 [07:32/2:21:49]  Acc_iter 45950       Data time: 0.00(0.00)  Forward time: 0.41(0.46)  Batch time: 0.41(0.46)
2026-03-03 12:14:22,315   INFO  Train:  143/200 ( 72%) [ 275/322 ( 85%)]  Loss: 0.2248 (0.220)  LR: 1.388e-03  Time cost: 02:07/00:21 [07:55/2:21:25]  Acc_iter 46000       Data time: 0.00(0.00)  Forward time: 0.50(0.46)  Batch time: 0.50(0.46)
2026-03-03 12:14:42,747   INFO  Train:  143/200 ( 72%) [ 321/322 (100%)]  Loss: 0.2510 (0.220)  LR: 1.382e-03  Time cost: 02:27/00:00 [08:15/2:20:19]  Acc_iter 46046       Data time: 0.00(0.00)  Forward time: 0.05(0.46)  Batch time: 0.05(0.46)
2026-03-03 12:15:08,357   INFO  No early stopping at epoch 142 with validation loss [2.3979382662125577, 2.4511837870986373, 2.4569102201932744]. Early stopping counter: 2
2026-03-03 12:15:08,958   INFO  Train:  144/200 ( 72%) [   0/322 (  0%)]  Loss: 0.2360 (0.236)  LR: 1.382e-03  Time cost: 00:00/02:43 [08:42/2:35:04]  Acc_iter 46047       Data time: 0.04(0.04)  Forward time: 0.47(0.47)  Batch time: 0.51(0.51)
2026-03-03 12:15:10,424   INFO  Train:  144/200 ( 72%) [   3/322 (  1%)]  Loss: 0.2076 (0.243)  LR: 1.382e-03  Time cost: 00:01/02:37 [08:43/2:30:52]  Acc_iter 46050       Data time: 0.00(0.01)  Forward time: 0.50(0.48)  Batch time: 0.50(0.49)
2026-03-03 12:15:10,426   INFO  
2026-03-03 12:15:33,765   INFO  Train:  144/200 ( 72%) [  53/322 ( 16%)]  Loss: 0.2425 (0.216)  LR: 1.376e-03  Time cost: 00:25/02:06 [09:06/2:22:59]  Acc_iter 46100       Data time: 0.00(0.00)  Forward time: 0.50(0.47)  Batch time: 0.50(0.47)
2026-03-03 12:15:56,470   INFO  Train:  144/200 ( 72%) [ 103/322 ( 32%)]  Loss: 0.2433 (0.214)  LR: 1.370e-03  Time cost: 00:48/01:41 [09:29/2:20:26]  Acc_iter 46150       Data time: 0.00(0.00)  Forward time: 0.50(0.46)  Batch time: 0.50(0.46)
2026-03-03 12:16:19,083   INFO  Train:  144/200 ( 72%) [ 153/322 ( 48%)]  Loss: 0.1776 (0.218)  LR: 1.364e-03  Time cost: 01:10/01:17 [09:52/2:19:07]  Acc_iter 46200       Data time: 0.00(0.00)  Forward time: 0.44(0.46)  Batch time: 0.44(0.46)
2026-03-03 12:16:19,084   INFO  
2026-03-03 12:16:42,009   INFO  Train:  144/200 ( 72%) [ 203/322 ( 63%)]  Loss: 0.1821 (0.221)  LR: 1.358e-03  Time cost: 01:33/00:54 [10:15/2:18:44]  Acc_iter 46250       Data time: 0.00(0.00)  Forward time: 0.46(0.46)  Batch time: 0.46(0.46)
2026-03-03 12:17:05,919   INFO  Train:  144/200 ( 72%) [ 253/322 ( 79%)]  Loss: 0.2344 (0.221)  LR: 1.352e-03  Time cost: 01:57/00:31 [10:39/2:19:31]  Acc_iter 46300       Data time: 0.00(0.00)  Forward time: 0.49(0.46)  Batch time: 0.49(0.46)
2026-03-03 12:17:29,172   INFO  Train:  144/200 ( 72%) [ 303/322 ( 94%)]  Loss: 0.2172 (0.221)  LR: 1.346e-03  Time cost: 02:20/00:08 [11:02/2:19:15]  Acc_iter 46350       Data time: 0.00(0.00)  Forward time: 0.50(0.46)  Batch time: 0.50(0.46)
2026-03-03 12:17:29,173   INFO  
2026-03-03 12:17:37,057   INFO  Train:  144/200 ( 72%) [ 321/322 (100%)]  Loss: 0.2432 (0.220)  LR: 1.343e-03  Time cost: 02:28/00:00 [11:10/2:18:42]  Acc_iter 46368       Data time: 0.00(0.00)  Forward time: 0.06(0.46)  Batch time: 0.06(0.46)
2026-03-03 12:18:01,917   INFO  No early stopping at epoch 143 with validation loss [2.3979382662125577, 2.4511837870986373, 2.4569102201932744, 2.486027981028145]. Early stopping counter: 3
2026-03-03 12:18:02,384   INFO  Train:  145/200 ( 72%) [   0/322 (  0%)]  Loss: 0.2123 (0.212)  LR: 1.343e-03  Time cost: 00:00/01:59 [11:35/1:51:29]  Acc_iter 46369       Data time: 0.03(0.03)  Forward time: 0.34(0.34)  Batch time: 0.37(0.37)
2026-03-03 12:18:16,499   INFO  Train:  145/200 ( 72%) [  31/322 ( 10%)]  Loss: 0.1985 (0.217)  LR: 1.339e-03  Time cost: 00:14/02:11 [11:49/2:15:48]  Acc_iter 46400       Data time: 0.00(0.00)  Forward time: 0.50(0.45)  Batch time: 0.50(0.45)
2026-03-03 12:18:39,121   INFO  Train:  145/200 ( 72%) [  81/322 ( 25%)]  Loss: 0.2327 (0.216)  LR: 1.333e-03  Time cost: 00:37/01:49 [12:12/2:15:23]  Acc_iter 46450       Data time: 0.00(0.00)  Forward time: 0.50(0.45)  Batch time: 0.50(0.45)
2026-03-03 12:19:00,912   INFO  Train:  145/200 ( 72%) [ 131/322 ( 41%)]  Loss: 0.2875 (0.218)  LR: 1.327e-03  Time cost: 00:58/01:25 [12:34/2:13:07]  Acc_iter 46500       Data time: 0.00(0.00)  Forward time: 0.46(0.45)  Batch time: 0.46(0.45)
2026-03-03 12:19:00,913   INFO  
2026-03-03 12:19:25,234   INFO  Train:  145/200 ( 72%) [ 181/322 ( 56%)]  Loss: 0.1984 (0.217)  LR: 1.321e-03  Time cost: 01:23/01:04 [12:58/2:16:02]  Acc_iter 46550       Data time: 0.00(0.00)  Forward time: 0.51(0.46)  Batch time: 0.51(0.46)
2026-03-03 12:19:47,935   INFO  Train:  145/200 ( 72%) [ 231/322 ( 72%)]  Loss: 0.2122 (0.215)  LR: 1.315e-03  Time cost: 01:45/00:41 [13:21/2:15:27]  Acc_iter 46600       Data time: 0.00(0.00)  Forward time: 0.44(0.46)  Batch time: 0.44(0.46)
2026-03-03 12:20:10,843   INFO  Train:  145/200 ( 72%) [ 281/322 ( 87%)]  Loss: 0.2448 (0.217)  LR: 1.309e-03  Time cost: 02:08/00:18 [13:43/2:15:09]  Acc_iter 46650       Data time: 0.00(0.00)  Forward time: 0.48(0.46)  Batch time: 0.48(0.46)
2026-03-03 12:20:10,844   INFO  
2026-03-03 12:20:29,018   INFO  Train:  145/200 ( 72%) [ 321/322 (100%)]  Loss: 0.2636 (0.217)  LR: 1.304e-03  Time cost: 02:27/00:00 [14:02/2:14:45]  Acc_iter 46690       Data time: 0.00(0.00)  Forward time: 0.06(0.46)  Batch time: 0.06(0.46)
2026-03-03 12:20:54,254   INFO  No early stopping at epoch 144 with validation loss [2.3979382662125577, 2.4511837870986373, 2.4569102201932744, 2.486027981028145, 2.4911947986226024]. Early stopping counter: 4
2026-03-03 12:20:54,718   INFO  Train:  146/200 ( 73%) [   0/322 (  0%)]  Loss: 0.2125 (0.212)  LR: 1.304e-03  Time cost: 00:00/01:59 [14:27/1:49:29]  Acc_iter 46691       Data time: 0.02(0.02)  Forward time: 0.35(0.35)  Batch time: 0.37(0.37)
2026-03-03 12:20:59,051   INFO  Train:  146/200 ( 73%) [   9/322 (  3%)]  Loss: 0.1886 (0.226)  LR: 1.303e-03  Time cost: 00:04/02:27 [14:32/2:18:45]  Acc_iter 46700       Data time: 0.00(0.00)  Forward time: 0.38(0.47)  Batch time: 0.38(0.47)
2026-03-03 12:21:22,091   INFO  Train:  146/200 ( 73%) [  59/322 ( 18%)]  Loss: 0.2297 (0.216)  LR: 1.297e-03  Time cost: 00:27/02:01 [14:55/2:16:01]  Acc_iter 46750       Data time: 0.00(0.00)  Forward time: 0.50(0.46)  Batch time: 0.50(0.46)
2026-03-03 12:21:44,688   INFO  Train:  146/200 ( 73%) [ 109/322 ( 34%)]  Loss: 0.2511 (0.216)  LR: 1.291e-03  Time cost: 00:50/01:37 [15:17/2:14:14]  Acc_iter 46800       Data time: 0.00(0.00)  Forward time: 0.50(0.46)  Batch time: 0.50(0.46)
2026-03-03 12:21:44,689   INFO  
2026-03-03 12:22:08,282   INFO  Train:  146/200 ( 73%) [ 159/322 ( 49%)]  Loss: 0.2083 (0.217)  LR: 1.285e-03  Time cost: 01:13/01:15 [15:41/2:15:10]  Acc_iter 46850       Data time: 0.00(0.00)  Forward time: 0.50(0.46)  Batch time: 0.50(0.46)
2026-03-03 12:22:30,907   INFO  Train:  146/200 ( 73%) [ 209/322 ( 65%)]  Loss: 0.1972 (0.216)  LR: 1.279e-03  Time cost: 01:36/00:51 [16:04/2:14:07]  Acc_iter 46900       Data time: 0.00(0.00)  Forward time: 0.48(0.46)  Batch time: 0.49(0.46)
2026-03-03 12:22:53,575   INFO  Train:  146/200 ( 73%) [ 259/322 ( 80%)]  Loss: 0.1824 (0.215)  LR: 1.273e-03  Time cost: 01:59/00:28 [16:26/2:13:22]  Acc_iter 46950       Data time: 0.00(0.00)  Forward time: 0.49(0.46)  Batch time: 0.49(0.46)
2026-03-03 12:22:53,576   INFO  
2026-03-03 12:23:16,918   INFO  Train:  146/200 ( 73%) [ 309/322 ( 96%)]  Loss: 0.2225 (0.216)  LR: 1.267e-03  Time cost: 02:22/00:05 [16:50/2:13:22]  Acc_iter 47000       Data time: 0.00(0.00)  Forward time: 0.47(0.46)  Batch time: 0.47(0.46)
2026-03-03 12:23:21,800   INFO  Train:  146/200 ( 73%) [ 321/322 (100%)]  Loss: 0.2302 (0.216)  LR: 1.265e-03  Time cost: 02:27/00:00 [16:54/2:12:42]  Acc_iter 47012       Data time: 0.00(0.00)  Forward time: 0.06(0.46)  Batch time: 0.06(0.46)
2026-03-03 12:23:46,589   INFO  No early stopping at epoch 145 with validation loss [2.3979382662125577, 2.4511837870986373, 2.4569102201932744, 2.486027981028145, 2.4911947986226024, 2.3062781654758218]. Early stopping counter: 0
2026-03-03 12:23:47,084   INFO  Train:  147/200 ( 74%) [   0/322 (  0%)]  Loss: 0.2198 (0.220)  LR: 1.265e-03  Time cost: 00:00/02:11 [17:20/1:58:01]  Acc_iter 47013       Data time: 0.04(0.04)  Forward time: 0.37(0.37)  Batch time: 0.41(0.41)
2026-03-03 12:24:04,485   INFO  Train:  147/200 ( 74%) [  37/322 ( 11%)]  Loss: 0.2271 (0.217)  LR: 1.261e-03  Time cost: 00:17/02:13 [17:37/2:15:31]  Acc_iter 47050       Data time: 0.00(0.00)  Forward time: 0.51(0.47)  Batch time: 0.51(0.47)
2026-03-03 12:24:27,329   INFO  Train:  147/200 ( 74%) [  87/322 ( 27%)]  Loss: 0.2319 (0.214)  LR: 1.255e-03  Time cost: 00:40/01:48 [18:00/2:13:12]  Acc_iter 47100       Data time: 0.00(0.00)  Forward time: 0.50(0.46)  Batch time: 0.50(0.46)
2026-03-03 12:24:27,330   INFO  
2026-03-03 12:24:50,741   INFO  Train:  147/200 ( 74%) [ 137/322 ( 43%)]  Loss: 0.2116 (0.213)  LR: 1.249e-03  Time cost: 01:04/01:25 [18:23/2:13:28]  Acc_iter 47150       Data time: 0.00(0.00)  Forward time: 0.50(0.46)  Batch time: 0.50(0.46)
2026-03-03 12:25:12,976   INFO  Train:  147/200 ( 74%) [ 187/322 ( 58%)]  Loss: 0.1914 (0.212)  LR: 1.243e-03  Time cost: 01:26/01:01 [18:46/2:11:35]  Acc_iter 47200       Data time: 0.00(0.00)  Forward time: 0.24(0.46)  Batch time: 0.24(0.46)
2026-03-03 12:25:35,894   INFO  Train:  147/200 ( 74%) [ 237/322 ( 74%)]  Loss: 0.2953 (0.212)  LR: 1.237e-03  Time cost: 01:49/00:39 [19:09/2:11:10]  Acc_iter 47250       Data time: 0.00(0.00)  Forward time: 0.52(0.46)  Batch time: 0.52(0.46)
2026-03-03 12:25:35,895   INFO  
2026-03-03 12:25:59,208   INFO  Train:  147/200 ( 74%) [ 287/322 ( 89%)]  Loss: 0.2072 (0.211)  LR: 1.231e-03  Time cost: 02:12/00:16 [19:32/2:11:09]  Acc_iter 47300       Data time: 0.00(0.00)  Forward time: 0.19(0.46)  Batch time: 0.19(0.46)
2026-03-03 12:26:15,078   INFO  Train:  147/200 ( 74%) [ 321/322 (100%)]  Loss: 0.4054 (0.211)  LR: 1.227e-03  Time cost: 02:28/00:00 [19:48/2:11:05]  Acc_iter 47334       Data time: 0.00(0.00)  Forward time: 0.03(0.46)  Batch time: 0.03(0.46)
2026-03-03 12:26:39,973   INFO  No early stopping at epoch 146 with validation loss [2.3979382662125577, 2.4511837870986373, 2.4569102201932744, 2.486027981028145, 2.4911947986226024, 2.3062781654758218, 2.4149463515222807]. Early stopping counter: 1
2026-03-03 12:26:40,557   INFO  Train:  148/200 ( 74%) [   0/322 (  0%)]  Loss: 0.1542 (0.154)  LR: 1.227e-03  Time cost: 00:00/02:32 [20:13/2:14:38]  Acc_iter 47335       Data time: 0.04(0.04)  Forward time: 0.43(0.43)  Batch time: 0.47(0.47)
2026-03-03 12:26:47,332   INFO  Train:  148/200 ( 74%) [  15/322 (  5%)]  Loss: 0.2074 (0.224)  LR: 1.225e-03  Time cost: 00:07/02:19 [20:20/2:08:44]  Acc_iter 47350       Data time: 0.00(0.00)  Forward time: 0.52(0.45)  Batch time: 0.52(0.45)
2026-03-03 12:27:10,619   INFO  Train:  148/200 ( 74%) [  65/322 ( 20%)]  Loss: 0.2425 (0.219)  LR: 1.219e-03  Time cost: 00:30/01:58 [20:43/2:11:05]  Acc_iter 47400       Data time: 0.00(0.00)  Forward time: 0.40(0.46)  Batch time: 0.40(0.46)
2026-03-03 12:27:10,620   INFO  
2026-03-03 12:27:32,587   INFO  Train:  148/200 ( 74%) [ 115/322 ( 36%)]  Loss: 0.2044 (0.212)  LR: 1.213e-03  Time cost: 00:52/01:33 [21:05/2:07:52]  Acc_iter 47450       Data time: 0.00(0.00)  Forward time: 0.50(0.45)  Batch time: 0.50(0.45)
2026-03-03 12:27:56,200   INFO  Train:  148/200 ( 74%) [ 165/322 ( 51%)]  Loss: 0.1976 (0.211)  LR: 1.207e-03  Time cost: 01:16/01:11 [21:29/2:09:09]  Acc_iter 47500       Data time: 0.00(0.00)  Forward time: 0.48(0.46)  Batch time: 0.48(0.46)
2026-03-03 12:28:17,701   INFO  Train:  148/200 ( 74%) [ 215/322 ( 67%)]  Loss: 0.1841 (0.209)  LR: 1.201e-03  Time cost: 01:37/00:48 [21:50/2:06:55]  Acc_iter 47550       Data time: 0.00(0.00)  Forward time: 0.45(0.45)  Batch time: 0.45(0.45)
2026-03-03 12:28:17,702   INFO  
2026-03-03 12:28:40,792   INFO  Train:  148/200 ( 74%) [ 265/322 ( 82%)]  Loss: 0.2201 (0.208)  LR: 1.195e-03  Time cost: 02:00/00:25 [22:13/2:07:04]  Acc_iter 47600       Data time: 0.00(0.00)  Forward time: 0.22(0.45)  Batch time: 0.22(0.45)
2026-03-03 12:29:04,398   INFO  Train:  148/200 ( 74%) [ 315/322 ( 98%)]  Loss: 0.1605 (0.209)  LR: 1.189e-03  Time cost: 02:24/00:03 [22:37/2:07:30]  Acc_iter 47650       Data time: 0.00(0.00)  Forward time: 0.50(0.46)  Batch time: 0.50(0.46)
2026-03-03 12:29:06,601   INFO  Train:  148/200 ( 74%) [ 321/322 (100%)]  Loss: 0.2789 (0.209)  LR: 1.188e-03  Time cost: 02:26/00:00 [22:39/2:06:59]  Acc_iter 47656       Data time: 0.00(0.00)  Forward time: 0.06(0.45)  Batch time: 0.06(0.46)
2026-03-03 12:29:31,866   INFO  No early stopping at epoch 147 with validation loss [2.3979382662125577, 2.4511837870986373, 2.4569102201932744, 2.486027981028145, 2.4911947986226024, 2.3062781654758218, 2.4149463515222807, 2.4211449983679216]. Early stopping counter: 2
2026-03-03 12:29:32,342   INFO  Train:  149/200 ( 74%) [   0/322 (  0%)]  Loss: 0.1996 (0.200)  LR: 1.188e-03  Time cost: 00:00/02:05 [23:05/1:48:53]  Acc_iter 47657       Data time: 0.04(0.04)  Forward time: 0.35(0.35)  Batch time: 0.39(0.39)
2026-03-03 12:29:52,081   INFO  Train:  149/200 ( 74%) [  43/322 ( 13%)]  Loss: 0.2515 (0.203)  LR: 1.183e-03  Time cost: 00:20/02:07 [23:25/2:07:20]  Acc_iter 47700       Data time: 0.00(0.00)  Forward time: 0.49(0.46)  Batch time: 0.49(0.46)
2026-03-03 12:29:52,082   INFO  
2026-03-03 12:30:13,772   INFO  Train:  149/200 ( 74%) [  93/322 ( 29%)]  Loss: 0.2181 (0.210)  LR: 1.177e-03  Time cost: 00:41/01:41 [23:46/2:03:27]  Acc_iter 47750       Data time: 0.00(0.00)  Forward time: 0.46(0.44)  Batch time: 0.46(0.44)
2026-03-03 12:30:37,406   INFO  Train:  149/200 ( 74%) [ 143/322 ( 44%)]  Loss: 0.1893 (0.208)  LR: 1.171e-03  Time cost: 01:05/01:21 [24:10/2:05:45]  Acc_iter 47800       Data time: 0.00(0.00)  Forward time: 0.48(0.45)  Batch time: 0.48(0.45)
2026-03-03 12:31:00,858   INFO  Train:  149/200 ( 74%) [ 193/322 ( 60%)]  Loss: 0.1863 (0.207)  LR: 1.165e-03  Time cost: 01:28/00:59 [24:33/2:06:24]  Acc_iter 47850       Data time: 0.00(0.00)  Forward time: 0.50(0.46)  Batch time: 0.50(0.46)
2026-03-03 12:31:00,859   INFO  
2026-03-03 12:31:24,337   INFO  Train:  149/200 ( 74%) [ 243/322 ( 75%)]  Loss: 0.2391 (0.207)  LR: 1.159e-03  Time cost: 01:52/00:36 [24:57/2:06:40]  Acc_iter 47900       Data time: 0.00(0.00)  Forward time: 0.50(0.46)  Batch time: 0.50(0.46)
2026-03-03 12:31:46,618   INFO  Train:  149/200 ( 74%) [ 293/322 ( 91%)]  Loss: 0.2232 (0.207)  LR: 1.153e-03  Time cost: 02:14/00:13 [25:19/2:05:35]  Acc_iter 47950       Data time: 0.00(0.00)  Forward time: 0.50(0.46)  Batch time: 0.50(0.46)
2026-03-03 12:31:59,102   INFO  Train:  149/200 ( 74%) [ 321/322 (100%)]  Loss: 0.2103 (0.206)  LR: 1.150e-03  Time cost: 02:27/00:00 [25:32/2:05:05]  Acc_iter 47978       Data time: 0.00(0.00)  Forward time: 0.05(0.46)  Batch time: 0.05(0.46)
2026-03-03 12:32:24,641   INFO  No early stopping at epoch 148 with validation loss [2.3979382662125577, 2.4511837870986373, 2.4569102201932744, 2.486027981028145, 2.4911947986226024, 2.3062781654758218, 2.4149463515222807, 2.4211449983679216, 2.408715103143527]. Early stopping counter: 3
2026-03-03 12:32:25,154   INFO  Train:  150/200 ( 75%) [   0/322 (  0%)]  Loss: 0.1822 (0.182)  LR: 1.150e-03  Time cost: 00:00/02:16 [25:58/1:56:16]  Acc_iter 47979       Data time: 0.03(0.03)  Forward time: 0.39(0.39)  Batch time: 0.42(0.42)
2026-03-03 12:32:35,313   INFO  Train:  150/200 ( 75%) [  21/322 (  7%)]  Loss: 0.2483 (0.193)  LR: 1.147e-03  Time cost: 00:10/02:24 [26:08/2:11:30]  Acc_iter 48000       Data time: 0.00(0.00)  Forward time: 0.53(0.48)  Batch time: 0.53(0.48)
2026-03-03 12:32:35,315   INFO  
2026-03-03 12:32:58,537   INFO  Train:  150/200 ( 75%) [  71/322 ( 22%)]  Loss: 0.1918 (0.196)  LR: 1.141e-03  Time cost: 00:33/01:57 [26:31/2:07:57]  Acc_iter 48050       Data time: 0.00(0.00)  Forward time: 0.47(0.47)  Batch time: 0.48(0.47)
2026-03-03 12:33:21,532   INFO  Train:  150/200 ( 75%) [ 121/322 ( 38%)]  Loss: 0.2007 (0.199)  LR: 1.136e-03  Time cost: 00:56/01:33 [26:54/2:06:29]  Acc_iter 48100       Data time: 0.00(0.00)  Forward time: 0.21(0.46)  Batch time: 0.21(0.47)
2026-03-03 12:33:44,772   INFO  Train:  150/200 ( 75%) [ 171/322 ( 53%)]  Loss: 0.2248 (0.198)  LR: 1.130e-03  Time cost: 01:20/01:10 [27:17/2:06:02]  Acc_iter 48150       Data time: 0.00(0.00)  Forward time: 0.49(0.46)  Batch time: 0.49(0.47)
2026-03-03 12:33:44,774   INFO  
2026-03-03 12:34:07,734   INFO  Train:  150/200 ( 75%) [ 221/322 ( 69%)]  Loss: 0.2270 (0.199)  LR: 1.124e-03  Time cost: 01:43/00:46 [27:40/2:05:17]  Acc_iter 48200       Data time: 0.00(0.00)  Forward time: 0.48(0.46)  Batch time: 0.48(0.46)
2026-03-03 12:34:30,707   INFO  Train:  150/200 ( 75%) [ 271/322 ( 84%)]  Loss: 0.2835 (0.200)  LR: 1.118e-03  Time cost: 02:05/00:23 [28:03/2:04:40]  Acc_iter 48250       Data time: 0.00(0.00)  Forward time: 0.49(0.46)  Batch time: 0.50(0.46)
2026-03-03 12:34:53,142   INFO  Train:  150/200 ( 75%) [ 321/322 (100%)]  Loss: 0.2291 (0.200)  LR: 1.112e-03  Time cost: 02:28/00:00 [28:26/2:03:41]  Acc_iter 48300       Data time: 0.00(0.00)  Forward time: 0.04(0.46)  Batch time: 0.04(0.46)
2026-03-03 12:34:53,143   INFO  
2026-03-03 12:35:18,611   INFO  No early stopping at epoch 149 with validation loss [2.3979382662125577, 2.4511837870986373, 2.4569102201932744, 2.486027981028145, 2.4911947986226024, 2.3062781654758218, 2.4149463515222807, 2.4211449983679216, 2.408715103143527, 2.4265874837651666]. Early stopping counter: 4
2026-03-03 12:35:19,116   INFO  Train:  151/200 ( 76%) [   0/322 (  0%)]  Loss: 0.1597 (0.160)  LR: 1.112e-03  Time cost: 00:00/02:14 [28:52/1:51:52]  Acc_iter 48301       Data time: 0.03(0.03)  Forward time: 0.39(0.39)  Batch time: 0.42(0.42)
2026-03-03 12:35:41,861   INFO  Train:  151/200 ( 76%) [  49/322 ( 15%)]  Loss: 0.1973 (0.197)  LR: 1.106e-03  Time cost: 00:23/02:06 [29:14/2:03:55]  Acc_iter 48350       Data time: 0.00(0.00)  Forward time: 0.48(0.46)  Batch time: 0.48(0.46)
2026-03-03 12:36:04,222   INFO  Train:  151/200 ( 76%) [  99/322 ( 31%)]  Loss: 0.1377 (0.193)  LR: 1.100e-03  Time cost: 00:45/01:41 [29:37/2:01:24]  Acc_iter 48400       Data time: 0.00(0.00)  Forward time: 0.33(0.45)  Batch time: 0.33(0.46)
2026-03-03 12:36:27,537   INFO  Train:  151/200 ( 76%) [ 149/322 ( 46%)]  Loss: 0.1901 (0.195)  LR: 1.094e-03  Time cost: 01:08/01:19 [30:00/2:02:00]  Acc_iter 48450       Data time: 0.00(0.00)  Forward time: 0.17(0.46)  Batch time: 0.17(0.46)
2026-03-03 12:36:27,538   INFO  
2026-03-03 12:36:50,267   INFO  Train:  151/200 ( 76%) [ 199/322 ( 62%)]  Loss: 0.1757 (0.196)  LR: 1.088e-03  Time cost: 01:31/00:56 [30:23/2:01:20]  Acc_iter 48500       Data time: 0.00(0.00)  Forward time: 0.50(0.46)  Batch time: 0.50(0.46)
2026-03-03 12:37:13,243   INFO  Train:  151/200 ( 76%) [ 249/322 ( 77%)]  Loss: 0.2057 (0.197)  LR: 1.083e-03  Time cost: 01:54/00:33 [30:46/2:01:02]  Acc_iter 48550       Data time: 0.00(0.00)  Forward time: 0.49(0.46)  Batch time: 0.49(0.46)
2026-03-03 12:37:36,908   INFO  Train:  151/200 ( 76%) [ 299/322 ( 93%)]  Loss: 0.1624 (0.199)  LR: 1.077e-03  Time cost: 02:18/00:10 [31:10/2:01:19]  Acc_iter 48600       Data time: 0.00(0.00)  Forward time: 0.50(0.46)  Batch time: 0.50(0.46)
2026-03-03 12:37:36,909   INFO  
2026-03-03 12:37:46,374   INFO  Train:  151/200 ( 76%) [ 321/322 (100%)]  Loss: 0.2481 (0.199)  LR: 1.074e-03  Time cost: 02:27/00:00 [31:19/2:00:36]  Acc_iter 48622       Data time: 0.00(0.00)  Forward time: 0.02(0.46)  Batch time: 0.03(0.46)
2026-03-03 12:38:11,659   INFO  No early stopping at epoch 150 with validation loss [2.3979382662125577, 2.4511837870986373, 2.4569102201932744, 2.486027981028145, 2.4911947986226024, 2.3062781654758218, 2.4149463515222807, 2.4211449983679216, 2.408715103143527, 2.4265874837651666, 2.3917861146691406]. Early stopping counter: 5
2026-03-03 12:38:12,209   INFO  Train:  152/200 ( 76%) [   0/322 (  0%)]  Loss: 0.1898 (0.190)  LR: 1.074e-03  Time cost: 00:00/02:27 [31:45/2:00:39]  Acc_iter 48623       Data time: 0.04(0.04)  Forward time: 0.42(0.42)  Batch time: 0.46(0.46)
2026-03-03 12:38:24,675   INFO  Train:  152/200 ( 76%) [  27/322 (  8%)]  Loss: 0.1587 (0.192)  LR: 1.071e-03  Time cost: 00:12/02:16 [31:57/2:01:10]  Acc_iter 48650       Data time: 0.00(0.00)  Forward time: 0.46(0.46)  Batch time: 0.46(0.46)
2026-03-03 12:38:48,185   INFO  Train:  152/200 ( 76%) [  77/322 ( 24%)]  Loss: 0.2217 (0.194)  LR: 1.065e-03  Time cost: 00:36/01:54 [32:21/2:02:14]  Acc_iter 48700       Data time: 0.00(0.00)  Forward time: 0.50(0.47)  Batch time: 0.50(0.47)
2026-03-03 12:39:11,558   INFO  Train:  152/200 ( 76%) [ 127/322 ( 39%)]  Loss: 0.1633 (0.192)  LR: 1.059e-03  Time cost: 00:59/01:31 [32:44/2:01:52]  Acc_iter 48750       Data time: 0.00(0.00)  Forward time: 0.30(0.47)  Batch time: 0.31(0.47)
2026-03-03 12:39:11,560   INFO  
2026-03-03 12:39:34,832   INFO  Train:  152/200 ( 76%) [ 177/322 ( 55%)]  Loss: 0.2219 (0.193)  LR: 1.053e-03  Time cost: 01:23/01:07 [33:07/2:01:21]  Acc_iter 48800       Data time: 0.00(0.00)  Forward time: 0.50(0.47)  Batch time: 0.50(0.47)
2026-03-03 12:39:58,795   INFO  Train:  152/200 ( 76%) [ 227/322 ( 70%)]  Loss: 0.1997 (0.194)  LR: 1.048e-03  Time cost: 01:47/00:44 [33:31/2:01:41]  Acc_iter 48850       Data time: 0.00(0.00)  Forward time: 0.50(0.47)  Batch time: 0.50(0.47)
2026-03-03 12:40:20,697   INFO  Train:  152/200 ( 76%) [ 277/322 ( 86%)]  Loss: 0.2001 (0.195)  LR: 1.042e-03  Time cost: 02:08/00:20 [33:53/1:59:49]  Acc_iter 48900       Data time: 0.00(0.00)  Forward time: 0.49(0.46)  Batch time: 0.49(0.46)
2026-03-03 12:40:20,698   INFO  
2026-03-03 12:40:40,892   INFO  Train:  152/200 ( 76%) [ 321/322 (100%)]  Loss: 0.1522 (0.194)  LR: 1.037e-03  Time cost: 02:29/00:00 [34:14/1:59:19]  Acc_iter 48944       Data time: 0.00(0.00)  Forward time: 0.06(0.46)  Batch time: 0.06(0.46)
2026-03-03 12:41:04,686   INFO  No early stopping at epoch 151 with validation loss [2.3979382662125577, 2.4511837870986373, 2.4569102201932744, 2.486027981028145, 2.4911947986226024, 2.3062781654758218, 2.4149463515222807, 2.4211449983679216, 2.408715103143527, 2.4265874837651666, 2.3917861146691406, 2.3339473266660433]. Early stopping counter: 6
2026-03-03 12:41:05,355   INFO  Train:  153/200 ( 76%) [   0/322 (  0%)]  Loss: 0.1998 (0.200)  LR: 1.036e-03  Time cost: 00:00/03:07 [34:38/2:29:54]  Acc_iter 48945       Data time: 0.04(0.04)  Forward time: 0.54(0.54)  Batch time: 0.58(0.58)
2026-03-03 12:41:07,521   INFO  Train:  153/200 ( 76%) [   5/322 (  2%)]  Loss: 0.1479 (0.162)  LR: 1.036e-03  Time cost: 00:02/02:25 [34:40/1:57:56]  Acc_iter 48950       Data time: 0.00(0.01)  Forward time: 0.49(0.45)  Batch time: 0.49(0.46)
2026-03-03 12:41:30,960   INFO  Train:  153/200 ( 76%) [  55/322 ( 17%)]  Loss: 0.2095 (0.186)  LR: 1.030e-03  Time cost: 00:26/02:04 [35:04/2:00:01]  Acc_iter 49000       Data time: 0.00(0.00)  Forward time: 0.28(0.47)  Batch time: 0.28(0.47)
2026-03-03 12:41:54,632   INFO  Train:  153/200 ( 76%) [ 105/322 ( 33%)]  Loss: 0.1562 (0.187)  LR: 1.024e-03  Time cost: 00:49/01:42 [35:27/2:00:20]  Acc_iter 49050       Data time: 0.00(0.00)  Forward time: 0.51(0.47)  Batch time: 0.51(0.47)
2026-03-03 12:41:54,634   INFO  
2026-03-03 12:42:18,005   INFO  Train:  153/200 ( 76%) [ 155/322 ( 48%)]  Loss: 0.1907 (0.187)  LR: 1.019e-03  Time cost: 01:13/01:18 [35:51/1:59:42]  Acc_iter 49100       Data time: 0.00(0.00)  Forward time: 0.50(0.47)  Batch time: 0.50(0.47)
2026-03-03 12:42:41,741   INFO  Train:  153/200 ( 76%) [ 205/322 ( 64%)]  Loss: 0.1822 (0.185)  LR: 1.013e-03  Time cost: 01:36/00:55 [36:14/1:59:38]  Acc_iter 49150       Data time: 0.00(0.00)  Forward time: 0.50(0.47)  Batch time: 0.50(0.47)
2026-03-03 12:43:04,619   INFO  Train:  153/200 ( 76%) [ 255/322 ( 79%)]  Loss: 0.1625 (0.188)  LR: 1.007e-03  Time cost: 01:59/00:31 [36:37/1:58:36]  Acc_iter 49200       Data time: 0.00(0.00)  Forward time: 0.49(0.47)  Batch time: 0.49(0.47)
2026-03-03 12:43:04,620   INFO  
2026-03-03 12:43:27,602   INFO  Train:  153/200 ( 76%) [ 305/322 ( 95%)]  Loss: 0.2631 (0.188)  LR: 1.001e-03  Time cost: 02:22/00:07 [37:00/1:57:51]  Acc_iter 49250       Data time: 0.00(0.00)  Forward time: 0.49(0.47)  Batch time: 0.49(0.47)
2026-03-03 12:43:34,772   INFO  Train:  153/200 ( 76%) [ 321/322 (100%)]  Loss: 0.2357 (0.187)  LR: 9.994e-04  Time cost: 02:29/00:00 [37:07/1:57:30]  Acc_iter 49266       Data time: 0.00(0.00)  Forward time: 0.06(0.46)  Batch time: 0.06(0.47)
2026-03-03 12:43:59,816   INFO  No early stopping at epoch 152 with validation loss [2.3979382662125577, 2.4511837870986373, 2.4569102201932744, 2.486027981028145, 2.4911947986226024, 2.3062781654758218, 2.4149463515222807, 2.4211449983679216, 2.408715103143527, 2.4265874837651666, 2.3917861146691406, 2.3339473266660433, 2.504726482026371]. Early stopping counter: 7
2026-03-03 12:44:00,412   INFO  Train:  154/200 ( 77%) [   0/322 (  0%)]  Loss: 0.1542 (0.154)  LR: 9.993e-04  Time cost: 00:00/02:42 [37:33/2:07:14]  Acc_iter 49267       Data time: 0.04(0.04)  Forward time: 0.46(0.46)  Batch time: 0.50(0.50)
2026-03-03 12:44:15,156   INFO  Train:  154/200 ( 77%) [  33/322 ( 10%)]  Loss: 0.1720 (0.182)  LR: 9.955e-04  Time cost: 00:15/02:09 [37:48/1:52:52]  Acc_iter 49300       Data time: 0.00(0.00)  Forward time: 0.50(0.45)  Batch time: 0.50(0.45)
2026-03-03 12:44:38,941   INFO  Train:  154/200 ( 77%) [  83/322 ( 26%)]  Loss: 0.1739 (0.183)  LR: 9.898e-04  Time cost: 00:39/01:51 [38:12/1:56:33]  Acc_iter 49350       Data time: 0.00(0.00)  Forward time: 0.51(0.46)  Batch time: 0.51(0.46)
2026-03-03 12:44:38,942   INFO  
2026-03-03 12:45:01,254   INFO  Train:  154/200 ( 77%) [ 133/322 ( 41%)]  Loss: 0.1723 (0.186)  LR: 9.840e-04  Time cost: 01:01/01:26 [38:34/1:54:27]  Acc_iter 49400       Data time: 0.00(0.00)  Forward time: 0.21(0.46)  Batch time: 0.22(0.46)
2026-03-03 12:45:23,666   INFO  Train:  154/200 ( 77%) [ 183/322 ( 57%)]  Loss: 0.1517 (0.184)  LR: 9.783e-04  Time cost: 01:23/01:03 [38:56/1:53:25]  Acc_iter 49450       Data time: 0.00(0.00)  Forward time: 0.45(0.45)  Batch time: 0.45(0.46)
2026-03-03 12:45:47,015   INFO  Train:  154/200 ( 77%) [ 233/322 ( 72%)]  Loss: 0.1736 (0.183)  LR: 9.726e-04  Time cost: 01:47/00:40 [39:20/1:53:40]  Acc_iter 49500       Data time: 0.00(0.00)  Forward time: 0.50(0.46)  Batch time: 0.50(0.46)
2026-03-03 12:45:47,016   INFO  
2026-03-03 12:46:09,226   INFO  Train:  154/200 ( 77%) [ 283/322 ( 88%)]  Loss: 0.1988 (0.186)  LR: 9.669e-04  Time cost: 02:09/00:17 [39:42/1:52:42]  Acc_iter 49550       Data time: 0.00(0.00)  Forward time: 0.45(0.45)  Batch time: 0.46(0.46)
2026-03-03 12:46:27,185   INFO  Train:  154/200 ( 77%) [ 321/322 (100%)]  Loss: 0.1316 (0.187)  LR: 9.626e-04  Time cost: 02:27/00:00 [40:00/1:52:55]  Acc_iter 49588       Data time: 0.00(0.00)  Forward time: 0.06(0.46)  Batch time: 0.06(0.46)
2026-03-03 12:46:51,959   INFO  No early stopping at epoch 153 with validation loss [2.3979382662125577, 2.4511837870986373, 2.4569102201932744, 2.486027981028145, 2.4911947986226024, 2.3062781654758218, 2.4149463515222807, 2.4211449983679216, 2.408715103143527, 2.4265874837651666, 2.3917861146691406, 2.3339473266660433, 2.504726482026371, 2.4813015475685214]. Early stopping counter: 8
2026-03-03 12:46:52,459   INFO  Train:  155/200 ( 78%) [   0/322 (  0%)]  Loss: 0.1775 (0.177)  LR: 9.625e-04  Time cost: 00:00/02:10 [40:25/1:40:25]  Acc_iter 49589       Data time: 0.04(0.04)  Forward time: 0.37(0.37)  Batch time: 0.41(0.41)
2026-03-03 12:46:57,255   INFO  Train:  155/200 ( 78%) [  11/322 (  3%)]  Loss: 0.2031 (0.186)  LR: 9.612e-04  Time cost: 00:05/02:14 [40:30/1:46:57]  Acc_iter 49600       Data time: 0.00(0.00)  Forward time: 0.47(0.43)  Batch time: 0.47(0.43)
2026-03-03 12:47:20,291   INFO  Train:  155/200 ( 78%) [  61/322 ( 19%)]  Loss: 0.1285 (0.186)  LR: 9.555e-04  Time cost: 00:28/01:58 [40:53/1:51:58]  Acc_iter 49650       Data time: 0.00(0.00)  Forward time: 0.24(0.45)  Batch time: 0.24(0.46)
2026-03-03 12:47:20,292   INFO  
2026-03-03 12:47:44,008   INFO  Train:  155/200 ( 78%) [ 111/322 ( 34%)]  Loss: 0.1640 (0.187)  LR: 9.499e-04  Time cost: 00:51/01:37 [41:17/1:53:39]  Acc_iter 49700       Data time: 0.00(0.00)  Forward time: 0.48(0.46)  Batch time: 0.48(0.46)
2026-03-03 12:48:06,955   INFO  Train:  155/200 ( 78%) [ 161/322 ( 50%)]  Loss: 0.1750 (0.186)  LR: 9.442e-04  Time cost: 01:14/01:14 [41:40/1:52:54]  Acc_iter 49750       Data time: 0.00(0.00)  Forward time: 0.50(0.46)  Batch time: 0.51(0.46)
2026-03-03 12:48:29,872   INFO  Train:  155/200 ( 78%) [ 211/322 ( 66%)]  Loss: 0.2269 (0.185)  LR: 9.385e-04  Time cost: 01:37/00:51 [42:02/1:52:17]  Acc_iter 49800       Data time: 0.00(0.00)  Forward time: 0.50(0.46)  Batch time: 0.50(0.46)
2026-03-03 12:48:29,874   INFO  
2026-03-03 12:48:53,422   INFO  Train:  155/200 ( 78%) [ 261/322 ( 81%)]  Loss: 0.1742 (0.187)  LR: 9.329e-04  Time cost: 02:01/00:28 [42:26/1:52:20]  Acc_iter 49850       Data time: 0.00(0.00)  Forward time: 0.48(0.46)  Batch time: 0.48(0.46)
2026-03-03 12:49:16,516   INFO  Train:  155/200 ( 78%) [ 311/322 ( 97%)]  Loss: 0.2059 (0.186)  LR: 9.272e-04  Time cost: 02:24/00:05 [42:49/1:51:54]  Acc_iter 49900       Data time: 0.00(0.00)  Forward time: 0.49(0.46)  Batch time: 0.49(0.46)
2026-03-03 12:49:20,718   INFO  Train:  155/200 ( 78%) [ 321/322 (100%)]  Loss: 0.2293 (0.186)  LR: 9.261e-04  Time cost: 02:28/00:00 [42:53/1:51:30]  Acc_iter 49910       Data time: 0.00(0.00)  Forward time: 0.06(0.46)  Batch time: 0.06(0.46)
